Process full dataset for BLAS, LAPACK and FFT function usage.
Opening file ../4/quantum-espresso-g443-scale-4-log127143.apl (1 out of 256, Estimated time left = 00:00:00) 
Opening file ../4/quantum-espresso-g443-scale-4-log127144.apl (2 out of 256, Estimated time left = 00:00:25) 
Opening file ../4/quantum-espresso-g443-scale-4-log127145.apl (3 out of 256, Estimated time left = 00:00:17) 
Opening file ../4/quantum-espresso-g443-scale-4-log127146.apl (4 out of 256, Estimated time left = 00:00:21) 
Opening file ../4/quantum-espresso-g443-scale-4-log127147.apl (5 out of 256, Estimated time left = 00:00:17) 
Opening file ../4/quantum-espresso-g443-scale-4-log127148.apl (6 out of 256, Estimated time left = 00:00:22) 
Opening file ../4/quantum-espresso-g443-scale-4-log127149.apl (7 out of 256, Estimated time left = 00:00:19) 
Opening file ../4/quantum-espresso-g443-scale-4-log127150.apl (8 out of 256, Estimated time left = 00:00:23) 
Opening file ../4/quantum-espresso-g443-scale-4-log127151.apl (9 out of 256, Estimated time left = 00:00:20) 
Opening file ../4/quantum-espresso-g443-scale-4-log127152.apl (10 out of 256, Estimated time left = 00:00:26) 
Opening file ../4/quantum-espresso-g443-scale-4-log127153.apl (11 out of 256, Estimated time left = 00:00:24) 
Opening file ../4/quantum-espresso-g443-scale-4-log127154.apl (12 out of 256, Estimated time left = 00:00:26) 
Opening file ../4/quantum-espresso-g443-scale-4-log127155.apl (13 out of 256, Estimated time left = 00:00:24) 
Opening file ../4/quantum-espresso-g443-scale-4-log127156.apl (14 out of 256, Estimated time left = 00:00:24) 
Opening file ../4/quantum-espresso-g443-scale-4-log127157.apl (15 out of 256, Estimated time left = 00:00:23) 
Opening file ../4/quantum-espresso-g443-scale-4-log127158.apl (16 out of 256, Estimated time left = 00:00:24) 
Opening file ../4/quantum-espresso-g443-scale-4-log127159.apl (17 out of 256, Estimated time left = 00:00:23) 
Opening file ../4/quantum-espresso-g443-scale-4-log127160.apl (18 out of 256, Estimated time left = 00:00:24) 
Opening file ../4/quantum-espresso-g443-scale-4-log127161.apl (19 out of 256, Estimated time left = 00:00:23) 
Opening file ../4/quantum-espresso-g443-scale-4-log127162.apl (20 out of 256, Estimated time left = 00:00:23) 
Opening file ../4/quantum-espresso-g443-scale-4-log127163.apl (21 out of 256, Estimated time left = 00:00:22) 
Opening file ../4/quantum-espresso-g443-scale-4-log127164.apl (22 out of 256, Estimated time left = 00:00:23) 
Opening file ../4/quantum-espresso-g443-scale-4-log127165.apl (23 out of 256, Estimated time left = 00:00:22) 
Opening file ../4/quantum-espresso-g443-scale-4-log127166.apl (24 out of 256, Estimated time left = 00:00:23) 
Opening file ../4/quantum-espresso-g443-scale-4-log127167.apl (25 out of 256, Estimated time left = 00:00:22) 
Opening file ../4/quantum-espresso-g443-scale-4-log127168.apl (26 out of 256, Estimated time left = 00:00:23) 
Opening file ../4/quantum-espresso-g443-scale-4-log127169.apl (27 out of 256, Estimated time left = 00:00:22) 
Opening file ../4/quantum-espresso-g443-scale-4-log127170.apl (28 out of 256, Estimated time left = 00:00:22) 
Opening file ../4/quantum-espresso-g443-scale-4-log127171.apl (29 out of 256, Estimated time left = 00:00:22) 
Opening file ../4/quantum-espresso-g443-scale-4-log127172.apl (30 out of 256, Estimated time left = 00:00:23) 
Opening file ../4/quantum-espresso-g443-scale-4-log127173.apl (31 out of 256, Estimated time left = 00:00:22) 
Opening file ../4/quantum-espresso-g443-scale-4-log127174.apl (32 out of 256, Estimated time left = 00:00:23) 
Opening file ../4/quantum-espresso-g443-scale-4-log127175.apl (33 out of 256, Estimated time left = 00:00:22) 
Opening file ../4/quantum-espresso-g443-scale-4-log127176.apl (34 out of 256, Estimated time left = 00:00:24) 
Opening file ../4/quantum-espresso-g443-scale-4-log127177.apl (35 out of 256, Estimated time left = 00:00:23) 
Opening file ../4/quantum-espresso-g443-scale-4-log127178.apl (36 out of 256, Estimated time left = 00:00:23) 
Opening file ../4/quantum-espresso-g443-scale-4-log127179.apl (37 out of 256, Estimated time left = 00:00:22) 
Opening file ../4/quantum-espresso-g443-scale-4-log127180.apl (38 out of 256, Estimated time left = 00:00:23) 
Opening file ../4/quantum-espresso-g443-scale-4-log127181.apl (39 out of 256, Estimated time left = 00:00:22) 
Opening file ../4/quantum-espresso-g443-scale-4-log127182.apl (40 out of 256, Estimated time left = 00:00:23) 
Opening file ../4/quantum-espresso-g443-scale-4-log127183.apl (41 out of 256, Estimated time left = 00:00:22) 
Opening file ../4/quantum-espresso-g443-scale-4-log127184.apl (42 out of 256, Estimated time left = 00:00:22) 
Opening file ../4/quantum-espresso-g443-scale-4-log127185.apl (43 out of 256, Estimated time left = 00:00:21) 
Opening file ../4/quantum-espresso-g443-scale-4-log127186.apl (44 out of 256, Estimated time left = 00:00:22) 
Opening file ../4/quantum-espresso-g443-scale-4-log127187.apl (45 out of 256, Estimated time left = 00:00:21) 
Opening file ../4/quantum-espresso-g443-scale-4-log127188.apl (46 out of 256, Estimated time left = 00:00:22) 
Opening file ../4/quantum-espresso-g443-scale-4-log127189.apl (47 out of 256, Estimated time left = 00:00:21) 
Opening file ../4/quantum-espresso-g443-scale-4-log127190.apl (48 out of 256, Estimated time left = 00:00:21) 
Opening file ../4/quantum-espresso-g443-scale-4-log127191.apl (49 out of 256, Estimated time left = 00:00:21) 
Opening file ../4/quantum-espresso-g443-scale-4-log127192.apl (50 out of 256, Estimated time left = 00:00:21) 
Opening file ../4/quantum-espresso-g443-scale-4-log127193.apl (51 out of 256, Estimated time left = 00:00:20) 
Opening file ../4/quantum-espresso-g443-scale-4-log127194.apl (52 out of 256, Estimated time left = 00:00:20) 
Opening file ../4/quantum-espresso-g443-scale-4-log127195.apl (53 out of 256, Estimated time left = 00:00:20) 
Opening file ../4/quantum-espresso-g443-scale-4-log127196.apl (54 out of 256, Estimated time left = 00:00:20) 
Opening file ../4/quantum-espresso-g443-scale-4-log127197.apl (55 out of 256, Estimated time left = 00:00:20) 
Opening file ../4/quantum-espresso-g443-scale-4-log127198.apl (56 out of 256, Estimated time left = 00:00:20) 
Opening file ../4/quantum-espresso-g443-scale-4-log127199.apl (57 out of 256, Estimated time left = 00:00:20) 
Opening file ../4/quantum-espresso-g443-scale-4-log127200.apl (58 out of 256, Estimated time left = 00:00:21) 
Opening file ../4/quantum-espresso-g443-scale-4-log127201.apl (59 out of 256, Estimated time left = 00:00:20) 
Opening file ../4/quantum-espresso-g443-scale-4-log127202.apl (60 out of 256, Estimated time left = 00:00:20) 
Opening file ../4/quantum-espresso-g443-scale-4-log127203.apl (61 out of 256, Estimated time left = 00:00:20) 
Opening file ../4/quantum-espresso-g443-scale-4-log127204.apl (62 out of 256, Estimated time left = 00:00:20) 
Opening file ../4/quantum-espresso-g443-scale-4-log127205.apl (63 out of 256, Estimated time left = 00:00:20) 
Opening file ../4/quantum-espresso-g443-scale-4-log127206.apl (64 out of 256, Estimated time left = 00:00:20) 
Opening file ../4/quantum-espresso-g443-scale-4-log134918.apl (65 out of 256, Estimated time left = 00:00:19) 
Opening file ../4/quantum-espresso-g443-scale-4-log134919.apl (66 out of 256, Estimated time left = 00:00:20) 
Opening file ../4/quantum-espresso-g443-scale-4-log134920.apl (67 out of 256, Estimated time left = 00:00:19) 
Opening file ../4/quantum-espresso-g443-scale-4-log134921.apl (68 out of 256, Estimated time left = 00:00:19) 
Opening file ../4/quantum-espresso-g443-scale-4-log134922.apl (69 out of 256, Estimated time left = 00:00:19) 
Opening file ../4/quantum-espresso-g443-scale-4-log134923.apl (70 out of 256, Estimated time left = 00:00:19) 
Opening file ../4/quantum-espresso-g443-scale-4-log134924.apl (71 out of 256, Estimated time left = 00:00:19) 
Opening file ../4/quantum-espresso-g443-scale-4-log134925.apl (72 out of 256, Estimated time left = 00:00:19) 
Opening file ../4/quantum-espresso-g443-scale-4-log134926.apl (73 out of 256, Estimated time left = 00:00:18) 
Opening file ../4/quantum-espresso-g443-scale-4-log134927.apl (74 out of 256, Estimated time left = 00:00:19) 
Opening file ../4/quantum-espresso-g443-scale-4-log134928.apl (75 out of 256, Estimated time left = 00:00:18) 
Opening file ../4/quantum-espresso-g443-scale-4-log134929.apl (76 out of 256, Estimated time left = 00:00:18) 
Opening file ../4/quantum-espresso-g443-scale-4-log134930.apl (77 out of 256, Estimated time left = 00:00:18) 
Opening file ../4/quantum-espresso-g443-scale-4-log134931.apl (78 out of 256, Estimated time left = 00:00:18) 
Opening file ../4/quantum-espresso-g443-scale-4-log134932.apl (79 out of 256, Estimated time left = 00:00:18) 
Opening file ../4/quantum-espresso-g443-scale-4-log134933.apl (80 out of 256, Estimated time left = 00:00:18) 
Opening file ../4/quantum-espresso-g443-scale-4-log134934.apl (81 out of 256, Estimated time left = 00:00:18) 
Opening file ../4/quantum-espresso-g443-scale-4-log134935.apl (82 out of 256, Estimated time left = 00:00:18) 
Opening file ../4/quantum-espresso-g443-scale-4-log134936.apl (83 out of 256, Estimated time left = 00:00:18) 
Opening file ../4/quantum-espresso-g443-scale-4-log134937.apl (84 out of 256, Estimated time left = 00:00:18) 
Opening file ../4/quantum-espresso-g443-scale-4-log134938.apl (85 out of 256, Estimated time left = 00:00:18) 
Opening file ../4/quantum-espresso-g443-scale-4-log134939.apl (86 out of 256, Estimated time left = 00:00:18) 
Opening file ../4/quantum-espresso-g443-scale-4-log134940.apl (87 out of 256, Estimated time left = 00:00:18) 
Opening file ../4/quantum-espresso-g443-scale-4-log134941.apl (88 out of 256, Estimated time left = 00:00:18) 
Opening file ../4/quantum-espresso-g443-scale-4-log134942.apl (89 out of 256, Estimated time left = 00:00:17) 
Opening file ../4/quantum-espresso-g443-scale-4-log134943.apl (90 out of 256, Estimated time left = 00:00:17) 
Opening file ../4/quantum-espresso-g443-scale-4-log134944.apl (91 out of 256, Estimated time left = 00:00:17) 
Opening file ../4/quantum-espresso-g443-scale-4-log134945.apl (92 out of 256, Estimated time left = 00:00:17) 
Opening file ../4/quantum-espresso-g443-scale-4-log134946.apl (93 out of 256, Estimated time left = 00:00:17) 
Opening file ../4/quantum-espresso-g443-scale-4-log134947.apl (94 out of 256, Estimated time left = 00:00:17) 
Opening file ../4/quantum-espresso-g443-scale-4-log134948.apl (95 out of 256, Estimated time left = 00:00:16) 
Opening file ../4/quantum-espresso-g443-scale-4-log134949.apl (96 out of 256, Estimated time left = 00:00:16) 
Opening file ../4/quantum-espresso-g443-scale-4-log134950.apl (97 out of 256, Estimated time left = 00:00:16) 
Opening file ../4/quantum-espresso-g443-scale-4-log134951.apl (98 out of 256, Estimated time left = 00:00:16) 
Opening file ../4/quantum-espresso-g443-scale-4-log134952.apl (99 out of 256, Estimated time left = 00:00:16) 
Opening file ../4/quantum-espresso-g443-scale-4-log134953.apl (100 out of 256, Estimated time left = 00:00:16) 
Opening file ../4/quantum-espresso-g443-scale-4-log134954.apl (101 out of 256, Estimated time left = 00:00:16) 
Opening file ../4/quantum-espresso-g443-scale-4-log134955.apl (102 out of 256, Estimated time left = 00:00:16) 
Opening file ../4/quantum-espresso-g443-scale-4-log134956.apl (103 out of 256, Estimated time left = 00:00:16) 
Opening file ../4/quantum-espresso-g443-scale-4-log134957.apl (104 out of 256, Estimated time left = 00:00:16) 
Opening file ../4/quantum-espresso-g443-scale-4-log134958.apl (105 out of 256, Estimated time left = 00:00:16) 
Opening file ../4/quantum-espresso-g443-scale-4-log134959.apl (106 out of 256, Estimated time left = 00:00:16) 
Opening file ../4/quantum-espresso-g443-scale-4-log134960.apl (107 out of 256, Estimated time left = 00:00:16) 
Opening file ../4/quantum-espresso-g443-scale-4-log134961.apl (108 out of 256, Estimated time left = 00:00:16) 
Opening file ../4/quantum-espresso-g443-scale-4-log134962.apl (109 out of 256, Estimated time left = 00:00:15) 
Opening file ../4/quantum-espresso-g443-scale-4-log134963.apl (110 out of 256, Estimated time left = 00:00:15) 
Opening file ../4/quantum-espresso-g443-scale-4-log134964.apl (111 out of 256, Estimated time left = 00:00:15) 
Opening file ../4/quantum-espresso-g443-scale-4-log134965.apl (112 out of 256, Estimated time left = 00:00:15) 
Opening file ../4/quantum-espresso-g443-scale-4-log134966.apl (113 out of 256, Estimated time left = 00:00:15) 
Opening file ../4/quantum-espresso-g443-scale-4-log134967.apl (114 out of 256, Estimated time left = 00:00:15) 
Opening file ../4/quantum-espresso-g443-scale-4-log134968.apl (115 out of 256, Estimated time left = 00:00:15) 
Opening file ../4/quantum-espresso-g443-scale-4-log134969.apl (116 out of 256, Estimated time left = 00:00:14) 
Opening file ../4/quantum-espresso-g443-scale-4-log134970.apl (117 out of 256, Estimated time left = 00:00:14) 
Opening file ../4/quantum-espresso-g443-scale-4-log134971.apl (118 out of 256, Estimated time left = 00:00:14) 
Opening file ../4/quantum-espresso-g443-scale-4-log134972.apl (119 out of 256, Estimated time left = 00:00:14) 
Opening file ../4/quantum-espresso-g443-scale-4-log134973.apl (120 out of 256, Estimated time left = 00:00:14) 
Opening file ../4/quantum-espresso-g443-scale-4-log134974.apl (121 out of 256, Estimated time left = 00:00:14) 
Opening file ../4/quantum-espresso-g443-scale-4-log134975.apl (122 out of 256, Estimated time left = 00:00:14) 
Opening file ../4/quantum-espresso-g443-scale-4-log134976.apl (123 out of 256, Estimated time left = 00:00:14) 
Opening file ../4/quantum-espresso-g443-scale-4-log134977.apl (124 out of 256, Estimated time left = 00:00:14) 
Opening file ../4/quantum-espresso-g443-scale-4-log134978.apl (125 out of 256, Estimated time left = 00:00:13) 
Opening file ../4/quantum-espresso-g443-scale-4-log134979.apl (126 out of 256, Estimated time left = 00:00:13) 
Opening file ../4/quantum-espresso-g443-scale-4-log134980.apl (127 out of 256, Estimated time left = 00:00:13) 
Opening file ../4/quantum-espresso-g443-scale-4-log134981.apl (128 out of 256, Estimated time left = 00:00:13) 
Opening file ../4/quantum-espresso-g443-scale-4-log203492.apl (129 out of 256, Estimated time left = 00:00:13) 
Opening file ../4/quantum-espresso-g443-scale-4-log203493.apl (130 out of 256, Estimated time left = 00:00:13) 
Opening file ../4/quantum-espresso-g443-scale-4-log203494.apl (131 out of 256, Estimated time left = 00:00:13) 
Opening file ../4/quantum-espresso-g443-scale-4-log203495.apl (132 out of 256, Estimated time left = 00:00:13) 
Opening file ../4/quantum-espresso-g443-scale-4-log203496.apl (133 out of 256, Estimated time left = 00:00:13) 
Opening file ../4/quantum-espresso-g443-scale-4-log203497.apl (134 out of 256, Estimated time left = 00:00:13) 
Opening file ../4/quantum-espresso-g443-scale-4-log203498.apl (135 out of 256, Estimated time left = 00:00:13) 
Opening file ../4/quantum-espresso-g443-scale-4-log203499.apl (136 out of 256, Estimated time left = 00:00:12) 
Opening file ../4/quantum-espresso-g443-scale-4-log203500.apl (137 out of 256, Estimated time left = 00:00:12) 
Opening file ../4/quantum-espresso-g443-scale-4-log203501.apl (138 out of 256, Estimated time left = 00:00:12) 
Opening file ../4/quantum-espresso-g443-scale-4-log203502.apl (139 out of 256, Estimated time left = 00:00:12) 
Opening file ../4/quantum-espresso-g443-scale-4-log203503.apl (140 out of 256, Estimated time left = 00:00:12) 
Opening file ../4/quantum-espresso-g443-scale-4-log203504.apl (141 out of 256, Estimated time left = 00:00:12) 
Opening file ../4/quantum-espresso-g443-scale-4-log203505.apl (142 out of 256, Estimated time left = 00:00:12) 
Opening file ../4/quantum-espresso-g443-scale-4-log203506.apl (143 out of 256, Estimated time left = 00:00:12) 
Opening file ../4/quantum-espresso-g443-scale-4-log203507.apl (144 out of 256, Estimated time left = 00:00:12) 
Opening file ../4/quantum-espresso-g443-scale-4-log203508.apl (145 out of 256, Estimated time left = 00:00:11) 
Opening file ../4/quantum-espresso-g443-scale-4-log203509.apl (146 out of 256, Estimated time left = 00:00:11) 
Opening file ../4/quantum-espresso-g443-scale-4-log203510.apl (147 out of 256, Estimated time left = 00:00:11) 
Opening file ../4/quantum-espresso-g443-scale-4-log203511.apl (148 out of 256, Estimated time left = 00:00:11) 
Opening file ../4/quantum-espresso-g443-scale-4-log203512.apl (149 out of 256, Estimated time left = 00:00:11) 
Opening file ../4/quantum-espresso-g443-scale-4-log203513.apl (150 out of 256, Estimated time left = 00:00:11) 
Opening file ../4/quantum-espresso-g443-scale-4-log203514.apl (151 out of 256, Estimated time left = 00:00:11) 
Opening file ../4/quantum-espresso-g443-scale-4-log203515.apl (152 out of 256, Estimated time left = 00:00:11) 
Opening file ../4/quantum-espresso-g443-scale-4-log203516.apl (153 out of 256, Estimated time left = 00:00:11) 
Opening file ../4/quantum-espresso-g443-scale-4-log203517.apl (154 out of 256, Estimated time left = 00:00:11) 
Opening file ../4/quantum-espresso-g443-scale-4-log203518.apl (155 out of 256, Estimated time left = 00:00:10) 
Opening file ../4/quantum-espresso-g443-scale-4-log203519.apl (156 out of 256, Estimated time left = 00:00:10) 
Opening file ../4/quantum-espresso-g443-scale-4-log203520.apl (157 out of 256, Estimated time left = 00:00:10) 
Opening file ../4/quantum-espresso-g443-scale-4-log203521.apl (158 out of 256, Estimated time left = 00:00:10) 
Opening file ../4/quantum-espresso-g443-scale-4-log203522.apl (159 out of 256, Estimated time left = 00:00:10) 
Opening file ../4/quantum-espresso-g443-scale-4-log203523.apl (160 out of 256, Estimated time left = 00:00:10) 
Opening file ../4/quantum-espresso-g443-scale-4-log203524.apl (161 out of 256, Estimated time left = 00:00:10) 
Opening file ../4/quantum-espresso-g443-scale-4-log203525.apl (162 out of 256, Estimated time left = 00:00:10) 
Opening file ../4/quantum-espresso-g443-scale-4-log203526.apl (163 out of 256, Estimated time left = 00:00:10) 
Opening file ../4/quantum-espresso-g443-scale-4-log203527.apl (164 out of 256, Estimated time left = 00:00:10) 
Opening file ../4/quantum-espresso-g443-scale-4-log203528.apl (165 out of 256, Estimated time left = 00:00:09) 
Opening file ../4/quantum-espresso-g443-scale-4-log203529.apl (166 out of 256, Estimated time left = 00:00:09) 
Opening file ../4/quantum-espresso-g443-scale-4-log203530.apl (167 out of 256, Estimated time left = 00:00:09) 
Opening file ../4/quantum-espresso-g443-scale-4-log203531.apl (168 out of 256, Estimated time left = 00:00:09) 
Opening file ../4/quantum-espresso-g443-scale-4-log203532.apl (169 out of 256, Estimated time left = 00:00:09) 
Opening file ../4/quantum-espresso-g443-scale-4-log203533.apl (170 out of 256, Estimated time left = 00:00:09) 
Opening file ../4/quantum-espresso-g443-scale-4-log203534.apl (171 out of 256, Estimated time left = 00:00:09) 
Opening file ../4/quantum-espresso-g443-scale-4-log203535.apl (172 out of 256, Estimated time left = 00:00:09) 
Opening file ../4/quantum-espresso-g443-scale-4-log203536.apl (173 out of 256, Estimated time left = 00:00:09) 
Opening file ../4/quantum-espresso-g443-scale-4-log203537.apl (174 out of 256, Estimated time left = 00:00:09) 
Opening file ../4/quantum-espresso-g443-scale-4-log203538.apl (175 out of 256, Estimated time left = 00:00:08) 
Opening file ../4/quantum-espresso-g443-scale-4-log203539.apl (176 out of 256, Estimated time left = 00:00:08) 
Opening file ../4/quantum-espresso-g443-scale-4-log203540.apl (177 out of 256, Estimated time left = 00:00:08) 
Opening file ../4/quantum-espresso-g443-scale-4-log203541.apl (178 out of 256, Estimated time left = 00:00:08) 
Opening file ../4/quantum-espresso-g443-scale-4-log203542.apl (179 out of 256, Estimated time left = 00:00:08) 
Opening file ../4/quantum-espresso-g443-scale-4-log203543.apl (180 out of 256, Estimated time left = 00:00:08) 
Opening file ../4/quantum-espresso-g443-scale-4-log203544.apl (181 out of 256, Estimated time left = 00:00:08) 
Opening file ../4/quantum-espresso-g443-scale-4-log203545.apl (182 out of 256, Estimated time left = 00:00:08) 
Opening file ../4/quantum-espresso-g443-scale-4-log203546.apl (183 out of 256, Estimated time left = 00:00:08) 
Opening file ../4/quantum-espresso-g443-scale-4-log203547.apl (184 out of 256, Estimated time left = 00:00:07) 
Opening file ../4/quantum-espresso-g443-scale-4-log203548.apl (185 out of 256, Estimated time left = 00:00:07) 
Opening file ../4/quantum-espresso-g443-scale-4-log203549.apl (186 out of 256, Estimated time left = 00:00:07) 
Opening file ../4/quantum-espresso-g443-scale-4-log203550.apl (187 out of 256, Estimated time left = 00:00:07) 
Opening file ../4/quantum-espresso-g443-scale-4-log203551.apl (188 out of 256, Estimated time left = 00:00:07) 
Opening file ../4/quantum-espresso-g443-scale-4-log203552.apl (189 out of 256, Estimated time left = 00:00:07) 
Opening file ../4/quantum-espresso-g443-scale-4-log203553.apl (190 out of 256, Estimated time left = 00:00:06) 
Opening file ../4/quantum-espresso-g443-scale-4-log203554.apl (191 out of 256, Estimated time left = 00:00:06) 
Opening file ../4/quantum-espresso-g443-scale-4-log203555.apl (192 out of 256, Estimated time left = 00:00:06) 
Opening file ../4/quantum-espresso-g443-scale-4-log260192.apl (193 out of 256, Estimated time left = 00:00:06) 
Opening file ../4/quantum-espresso-g443-scale-4-log260193.apl (194 out of 256, Estimated time left = 00:00:06) 
Opening file ../4/quantum-espresso-g443-scale-4-log260194.apl (195 out of 256, Estimated time left = 00:00:06) 
Opening file ../4/quantum-espresso-g443-scale-4-log260195.apl (196 out of 256, Estimated time left = 00:00:06) 
Opening file ../4/quantum-espresso-g443-scale-4-log260196.apl (197 out of 256, Estimated time left = 00:00:06) 
Opening file ../4/quantum-espresso-g443-scale-4-log260197.apl (198 out of 256, Estimated time left = 00:00:06) 
Opening file ../4/quantum-espresso-g443-scale-4-log260198.apl (199 out of 256, Estimated time left = 00:00:05) 
Opening file ../4/quantum-espresso-g443-scale-4-log260199.apl (200 out of 256, Estimated time left = 00:00:05) 
Opening file ../4/quantum-espresso-g443-scale-4-log260200.apl (201 out of 256, Estimated time left = 00:00:05) 
Opening file ../4/quantum-espresso-g443-scale-4-log260201.apl (202 out of 256, Estimated time left = 00:00:05) 
Opening file ../4/quantum-espresso-g443-scale-4-log260202.apl (203 out of 256, Estimated time left = 00:00:05) 
Opening file ../4/quantum-espresso-g443-scale-4-log260203.apl (204 out of 256, Estimated time left = 00:00:05) 
Opening file ../4/quantum-espresso-g443-scale-4-log260204.apl (205 out of 256, Estimated time left = 00:00:05) 
Opening file ../4/quantum-espresso-g443-scale-4-log260205.apl (206 out of 256, Estimated time left = 00:00:05) 
Opening file ../4/quantum-espresso-g443-scale-4-log260206.apl (207 out of 256, Estimated time left = 00:00:05) 
Opening file ../4/quantum-espresso-g443-scale-4-log260207.apl (208 out of 256, Estimated time left = 00:00:05) 
Opening file ../4/quantum-espresso-g443-scale-4-log260208.apl (209 out of 256, Estimated time left = 00:00:04) 
Opening file ../4/quantum-espresso-g443-scale-4-log260209.apl (210 out of 256, Estimated time left = 00:00:04) 
Opening file ../4/quantum-espresso-g443-scale-4-log260210.apl (211 out of 256, Estimated time left = 00:00:04) 
Opening file ../4/quantum-espresso-g443-scale-4-log260211.apl (212 out of 256, Estimated time left = 00:00:04) 
Opening file ../4/quantum-espresso-g443-scale-4-log260212.apl (213 out of 256, Estimated time left = 00:00:04) 
Opening file ../4/quantum-espresso-g443-scale-4-log260213.apl (214 out of 256, Estimated time left = 00:00:04) 
Opening file ../4/quantum-espresso-g443-scale-4-log260214.apl (215 out of 256, Estimated time left = 00:00:04) 
Opening file ../4/quantum-espresso-g443-scale-4-log260215.apl (216 out of 256, Estimated time left = 00:00:04) 
Opening file ../4/quantum-espresso-g443-scale-4-log260216.apl (217 out of 256, Estimated time left = 00:00:04) 
Opening file ../4/quantum-espresso-g443-scale-4-log260217.apl (218 out of 256, Estimated time left = 00:00:04) 
Opening file ../4/quantum-espresso-g443-scale-4-log260218.apl (219 out of 256, Estimated time left = 00:00:03) 
Opening file ../4/quantum-espresso-g443-scale-4-log260219.apl (220 out of 256, Estimated time left = 00:00:03) 
Opening file ../4/quantum-espresso-g443-scale-4-log260220.apl (221 out of 256, Estimated time left = 00:00:03) 
Opening file ../4/quantum-espresso-g443-scale-4-log260221.apl (222 out of 256, Estimated time left = 00:00:03) 
Opening file ../4/quantum-espresso-g443-scale-4-log260222.apl (223 out of 256, Estimated time left = 00:00:03) 
Opening file ../4/quantum-espresso-g443-scale-4-log260223.apl (224 out of 256, Estimated time left = 00:00:03) 
Opening file ../4/quantum-espresso-g443-scale-4-log260224.apl (225 out of 256, Estimated time left = 00:00:03) 
Opening file ../4/quantum-espresso-g443-scale-4-log260225.apl (226 out of 256, Estimated time left = 00:00:03) 
Opening file ../4/quantum-espresso-g443-scale-4-log260226.apl (227 out of 256, Estimated time left = 00:00:03) 
Opening file ../4/quantum-espresso-g443-scale-4-log260227.apl (228 out of 256, Estimated time left = 00:00:02) 
Opening file ../4/quantum-espresso-g443-scale-4-log260228.apl (229 out of 256, Estimated time left = 00:00:02) 
Opening file ../4/quantum-espresso-g443-scale-4-log260229.apl (230 out of 256, Estimated time left = 00:00:02) 
Opening file ../4/quantum-espresso-g443-scale-4-log260230.apl (231 out of 256, Estimated time left = 00:00:02) 
Opening file ../4/quantum-espresso-g443-scale-4-log260231.apl (232 out of 256, Estimated time left = 00:00:02) 
Opening file ../4/quantum-espresso-g443-scale-4-log260232.apl (233 out of 256, Estimated time left = 00:00:02) 
Opening file ../4/quantum-espresso-g443-scale-4-log260233.apl (234 out of 256, Estimated time left = 00:00:02) 
Opening file ../4/quantum-espresso-g443-scale-4-log260234.apl (235 out of 256, Estimated time left = 00:00:02) 
Opening file ../4/quantum-espresso-g443-scale-4-log260235.apl (236 out of 256, Estimated time left = 00:00:02) 
Opening file ../4/quantum-espresso-g443-scale-4-log260236.apl (237 out of 256, Estimated time left = 00:00:02) 
Opening file ../4/quantum-espresso-g443-scale-4-log260237.apl (238 out of 256, Estimated time left = 00:00:01) 
Opening file ../4/quantum-espresso-g443-scale-4-log260238.apl (239 out of 256, Estimated time left = 00:00:01) 
Opening file ../4/quantum-espresso-g443-scale-4-log260239.apl (240 out of 256, Estimated time left = 00:00:01) 
Opening file ../4/quantum-espresso-g443-scale-4-log260240.apl (241 out of 256, Estimated time left = 00:00:01) 
Opening file ../4/quantum-espresso-g443-scale-4-log260241.apl (242 out of 256, Estimated time left = 00:00:01) 
Opening file ../4/quantum-espresso-g443-scale-4-log260242.apl (243 out of 256, Estimated time left = 00:00:01) 
Opening file ../4/quantum-espresso-g443-scale-4-log260243.apl (244 out of 256, Estimated time left = 00:00:01) 
Opening file ../4/quantum-espresso-g443-scale-4-log260244.apl (245 out of 256, Estimated time left = 00:00:01) 
Opening file ../4/quantum-espresso-g443-scale-4-log260245.apl (246 out of 256, Estimated time left = 00:00:01) 
Opening file ../4/quantum-espresso-g443-scale-4-log260246.apl (247 out of 256, Estimated time left = 00:00:01) 
Opening file ../4/quantum-espresso-g443-scale-4-log260247.apl (248 out of 256, Estimated time left = 00:00:00) 
Opening file ../4/quantum-espresso-g443-scale-4-log260248.apl (249 out of 256, Estimated time left = 00:00:00) 
Opening file ../4/quantum-espresso-g443-scale-4-log260249.apl (250 out of 256, Estimated time left = 00:00:00) 
Opening file ../4/quantum-espresso-g443-scale-4-log260250.apl (251 out of 256, Estimated time left = 00:00:00) 
Opening file ../4/quantum-espresso-g443-scale-4-log260251.apl (252 out of 256, Estimated time left = 00:00:00) 
Opening file ../4/quantum-espresso-g443-scale-4-log260252.apl (253 out of 256, Estimated time left = 00:00:00) 
Opening file ../4/quantum-espresso-g443-scale-4-log260253.apl (254 out of 256, Estimated time left = 00:00:00) 
Opening file ../4/quantum-espresso-g443-scale-4-log260254.apl (255 out of 256, Estimated time left = 00:00:00) 
Opening file ../4/quantum-espresso-g443-scale-4-log260255.apl (256 out of 256, Estimated time left = 00:00:00) 
BLAS level 1     : count   94491875    total time     103.5935  user count   73882587  user time      90.3661
BLAS level 2     : count   17346324    total time    2457.4152  user count   16681768  user time    2454.8245
BLAS level 3     : count   13067217    total time  280093.7864  user count   13047761  user time  280090.5983
LAPACK           : count   56108117    total time     243.7842  user count   52142113  user time     231.7773
FFT              : count 2155682304    total time   30967.3318  user count 2155682304  user time   30967.3318
MATH             : count          0    total time       0.0000  user count          0  user time       0.0000
 
Double precision : count  120359133    total time    1073.9034  user count  112486089  user time    1053.9563
Single precision : count          0    total time       0.0000  user count          0  user time       0.0000
Double complex   : count 2216334696    total time  312792.0049  user count 2198949804  user time  312780.9405
Single complex   : count          0    total time       0.0000  user count          0  user time       0.0000
 
FFT cases:
----------
 FFTW calls:
 ...of which the breakdown by 'howmany' cases shows:
 Other calls:
                 zfft1mx_ len= [192]   plan-cnt=      35834   plan-Time=     1.348734 exec-cnt=          0   exec-Time=     0.000000
 
BLAS cases:
----------
BLAS level 1:
  dcopy_     cnt=   51274231  totTime=      28.3872   called_tot=   50979831  topTime=      28.1910    (%age of runtime:  0.004 )
   ddot_     cnt=    5519872  totTime=      21.0692   called_tot=    5225472  topTime=      20.8837    (%age of runtime:  0.003 )
  zcopy_     cnt=    8927788  totTime=      16.8863   called_tot=    8927788  topTime=      16.8863    (%age of runtime:  0.002 )
  dnrm2_     cnt=    4680863  totTime=      16.4472   called_tot=    4561199  topTime=      16.3061    (%age of runtime:  0.002 )
  zscal_     cnt=   18907464  totTime=      13.1405   called_tot=    1534052  topTime=       2.2490    (%age of runtime:  0.000 )
  zaxpy_     cnt=    1447320  totTime=       4.0041   called_tot=    1447320  topTime=       4.0041    (%age of runtime:  0.001 )
  zdotc_     cnt=     837926  totTime=       1.3076   called_tot=     837926  topTime=       1.3076    (%age of runtime:  0.000 )
  dswap_     cnt=    1538280  totTime=       0.8562   called_tot=          0  topTime=       0.0000    (%age of runtime:  0.000 )
 idamax_     cnt=     547312  totTime=       0.6344   called_tot=      77440  topTime=       0.1495    (%age of runtime:  0.000 )
  dscal_     cnt=     564672  totTime=       0.5719   called_tot=      56144  topTime=       0.1158    (%age of runtime:  0.000 )
   drot_     cnt=     115335  totTime=       0.1546   called_tot=     115335  topTime=       0.1546    (%age of runtime:  0.000 )
 zdscal_     cnt=     119312  totTime=       0.1074   called_tot=     119312  topTime=       0.1074    (%age of runtime:  0.000 )
 dznrm2_     cnt=      10732  totTime=       0.0160   called_tot=          0  topTime=       0.0000    (%age of runtime:  0.000 )
  daxpy_     cnt=        768  totTime=       0.0108   called_tot=        768  topTime=       0.0108    (%age of runtime:  0.000 )
BLAS level 2:
  zgemv_     cnt=   14143818  totTime=    1720.5208   called_tot=   14143070  topTime=    1720.3640    (%age of runtime:  0.242 )
  zgerc_     cnt=    1317690  totTime=     533.3038   called_tot=    1317690  topTime=     533.3038    (%age of runtime:  0.075 )
  zhemv_     cnt=     982542  totTime=     182.3823   called_tot=     982542  topTime=     182.3823    (%age of runtime:  0.026 )
  ztrmv_     cnt=     227734  totTime=      17.2619   called_tot=     227734  topTime=      17.2619    (%age of runtime:  0.002 )
  zher2_     cnt=      10732  totTime=       1.5125   called_tot=      10732  topTime=       1.5125    (%age of runtime:  0.000 )
   dsyr_     cnt=     348672  totTime=       0.8297   called_tot=          0  topTime=       0.0000    (%age of runtime:  0.000 )
  dgemv_     cnt=       9728  totTime=       0.6710   called_tot=          0  topTime=       0.0000    (%age of runtime:  0.000 )
  dsymv_     cnt=     294400  totTime=       0.5576   called_tot=          0  topTime=       0.0000    (%age of runtime:  0.000 )
  dtrmv_     cnt=      11008  totTime=       0.3755   called_tot=          0  topTime=       0.0000    (%age of runtime:  0.000 )
BLAS level 3:
  zgemm_     cnt=   11604732  totTime=  279143.1741   called_tot=   11604732  topTime=  279143.1741    (%age of runtime: 39.216 )
  dgemm_     cnt=    1422845  totTime=     767.2795   called_tot=    1413117  topTime=     765.0106    (%age of runtime:  0.107 )
  ztrmm_     cnt=       3520  totTime=      67.5515   called_tot=       3520  topTime=      67.5515    (%age of runtime:  0.009 )
 zher2k_     cnt=       2416  totTime=      51.0026   called_tot=       2416  topTime=      51.0026    (%age of runtime:  0.007 )
  ztrsm_     cnt=      21560  totTime=      38.4860   called_tot=      21560  topTime=      38.4860    (%age of runtime:  0.005 )
  zherk_     cnt=       2416  totTime=      25.3736   called_tot=       2416  topTime=      25.3736    (%age of runtime:  0.004 )
  dtrsm_     cnt=       9728  totTime=       0.9192   called_tot=          0  topTime=       0.0000    (%age of runtime:  0.000 )
Percentage in BLAS: 39.70662383065704
 
LAPACK cases:
----------
 dlaed4_     cnt=    4333584  totTime=     155.8497 called_tot=    4333584  topTime=     155.8497    (%age of runtime:  0.022 )
 dsteqr_     cnt=        352  totTime=      29.6783 called_tot=        352  topTime=      29.6783    (%age of runtime:  0.004 )
 dlapy2_     cnt=   44565146  totTime=      14.3222 called_tot=   44330407  topTime=      14.2328    (%age of runtime:  0.002 )
 dgetrf_     cnt=       1280  totTime=       6.4060 called_tot=       1280  topTime=       6.4060    (%age of runtime:  0.001 )
 zlaset_     cnt=     633914  totTime=       5.7000 called_tot=     633914  topTime=       5.7000    (%age of runtime:  0.001 )
 dsytrf_     cnt=      54272  totTime=       4.8204 called_tot=      54272  topTime=       4.8204    (%age of runtime:  0.001 )
 dsytf2_     cnt=      54272  totTime=       3.8741 called_tot=          0  topTime=       0.0000    (%age of runtime:  0.000 )
 dlaed6_     cnt=    2328384  totTime=       3.5712 called_tot=          0  topTime=       0.0000    (%age of runtime:  0.000 )
 dsytri_     cnt=      54272  totTime=       3.3317 called_tot=      54272  topTime=       3.3317    (%age of runtime:  0.000 )
 dgetri_     cnt=       1280  totTime=       2.9507 called_tot=       1280  topTime=       2.9507    (%age of runtime:  0.000 )
 zladiv_     cnt=    1208632  totTime=       2.1314 called_tot=    1197900  topTime=       2.1153    (%age of runtime:  0.000 )
 dlapy3_     cnt=    1208632  totTime=       1.8804 called_tot=    1197900  topTime=       1.8749    (%age of runtime:  0.000 )
  dptsv_     cnt=      31500  totTime=       1.5998 called_tot=      31500  topTime=       1.5998    (%age of runtime:  0.000 )
 dlaset_     cnt=      33216  totTime=       1.3914 called_tot=      33216  topTime=       1.3914    (%age of runtime:  0.000 )
 dtrtri_     cnt=       1280  totTime=       1.0537 called_tot=          0  topTime=       0.0000    (%age of runtime:  0.000 )
 dladiv_     cnt=    1208632  totTime=       0.9158 called_tot=          0  topTime=       0.0000    (%age of runtime:  0.000 )
 dpttrs_     cnt=      31500  totTime=       0.8112 called_tot=          0  topTime=       0.0000    (%age of runtime:  0.000 )
 dlacpy_     cnt=       3872  totTime=       0.5934 called_tot=       3872  topTime=       0.5934    (%age of runtime:  0.000 )
 dpttrf_     cnt=      31500  totTime=       0.5838 called_tot=          0  topTime=       0.0000    (%age of runtime:  0.000 )
 dtrti2_     cnt=       1280  totTime=       0.5828 called_tot=          0  topTime=       0.0000    (%age of runtime:  0.000 )
 dptts2_     cnt=      31500  totTime=       0.4072 called_tot=          0  topTime=       0.0000    (%age of runtime:  0.000 )
 zlacpy_     cnt=       3520  totTime=       0.3717 called_tot=       3520  topTime=       0.3717    (%age of runtime:  0.000 )
 dlanst_     cnt=       4224  totTime=       0.2767 called_tot=       3872  topTime=       0.2747    (%age of runtime:  0.000 )
 zlacgv_     cnt=     238624  totTime=       0.2567 called_tot=     238624  topTime=       0.2567    (%age of runtime:  0.000 )
 zlarfg_     cnt=      10732  totTime=       0.1984 called_tot=      10732  topTime=       0.1984    (%age of runtime:  0.000 )
 dlascl_     cnt=      11616  totTime=       0.1315 called_tot=      11616  topTime=       0.1315    (%age of runtime:  0.000 )
 dlaswp_     cnt=      19456  totTime=       0.0920 called_tot=          0  topTime=       0.0000    (%age of runtime:  0.000 )
 dlaev2_     cnt=       1645  totTime=       0.0021 called_tot=          0  topTime=       0.0000    (%age of runtime:  0.000 )
Created /tmp/armpl.blas 
Visualize using ./blas_usage.py -x -l -i /tmp/armpl.blas
