Process full dataset for BLAS, LAPACK and FFT function usage.
Opening file ../2/quantum-espresso-g443-scale-2-log10717.apl (1 out of 128, Estimated time left = 00:00:00) 
Opening file ../2/quantum-espresso-g443-scale-2-log10718.apl (2 out of 128, Estimated time left = 00:00:18) 
Opening file ../2/quantum-espresso-g443-scale-2-log10719.apl (3 out of 128, Estimated time left = 00:00:12) 
Opening file ../2/quantum-espresso-g443-scale-2-log10720.apl (4 out of 128, Estimated time left = 00:00:15) 
Opening file ../2/quantum-espresso-g443-scale-2-log10721.apl (5 out of 128, Estimated time left = 00:00:12) 
Opening file ../2/quantum-espresso-g443-scale-2-log10722.apl (6 out of 128, Estimated time left = 00:00:14) 
Opening file ../2/quantum-espresso-g443-scale-2-log10723.apl (7 out of 128, Estimated time left = 00:00:12) 
Opening file ../2/quantum-espresso-g443-scale-2-log10724.apl (8 out of 128, Estimated time left = 00:00:14) 
Opening file ../2/quantum-espresso-g443-scale-2-log10725.apl (9 out of 128, Estimated time left = 00:00:12) 
Opening file ../2/quantum-espresso-g443-scale-2-log10726.apl (10 out of 128, Estimated time left = 00:00:13) 
Opening file ../2/quantum-espresso-g443-scale-2-log10727.apl (11 out of 128, Estimated time left = 00:00:12) 
Opening file ../2/quantum-espresso-g443-scale-2-log10728.apl (12 out of 128, Estimated time left = 00:00:13) 
Opening file ../2/quantum-espresso-g443-scale-2-log10729.apl (13 out of 128, Estimated time left = 00:00:12) 
Opening file ../2/quantum-espresso-g443-scale-2-log10730.apl (14 out of 128, Estimated time left = 00:00:13) 
Opening file ../2/quantum-espresso-g443-scale-2-log10731.apl (15 out of 128, Estimated time left = 00:00:12) 
Opening file ../2/quantum-espresso-g443-scale-2-log10732.apl (16 out of 128, Estimated time left = 00:00:13) 
Opening file ../2/quantum-espresso-g443-scale-2-log10733.apl (17 out of 128, Estimated time left = 00:00:12) 
Opening file ../2/quantum-espresso-g443-scale-2-log10734.apl (18 out of 128, Estimated time left = 00:00:13) 
Opening file ../2/quantum-espresso-g443-scale-2-log10735.apl (19 out of 128, Estimated time left = 00:00:12) 
Opening file ../2/quantum-espresso-g443-scale-2-log10736.apl (20 out of 128, Estimated time left = 00:00:13) 
Opening file ../2/quantum-espresso-g443-scale-2-log10737.apl (21 out of 128, Estimated time left = 00:00:12) 
Opening file ../2/quantum-espresso-g443-scale-2-log10738.apl (22 out of 128, Estimated time left = 00:00:12) 
Opening file ../2/quantum-espresso-g443-scale-2-log10739.apl (23 out of 128, Estimated time left = 00:00:12) 
Opening file ../2/quantum-espresso-g443-scale-2-log10740.apl (24 out of 128, Estimated time left = 00:00:12) 
Opening file ../2/quantum-espresso-g443-scale-2-log10741.apl (25 out of 128, Estimated time left = 00:00:11) 
Opening file ../2/quantum-espresso-g443-scale-2-log10742.apl (26 out of 128, Estimated time left = 00:00:12) 
Opening file ../2/quantum-espresso-g443-scale-2-log10743.apl (27 out of 128, Estimated time left = 00:00:11) 
Opening file ../2/quantum-espresso-g443-scale-2-log10744.apl (28 out of 128, Estimated time left = 00:00:11) 
Opening file ../2/quantum-espresso-g443-scale-2-log10745.apl (29 out of 128, Estimated time left = 00:00:11) 
Opening file ../2/quantum-espresso-g443-scale-2-log10746.apl (30 out of 128, Estimated time left = 00:00:11) 
Opening file ../2/quantum-espresso-g443-scale-2-log10747.apl (31 out of 128, Estimated time left = 00:00:11) 
Opening file ../2/quantum-espresso-g443-scale-2-log10748.apl (32 out of 128, Estimated time left = 00:00:11) 
Opening file ../2/quantum-espresso-g443-scale-2-log10749.apl (33 out of 128, Estimated time left = 00:00:10) 
Opening file ../2/quantum-espresso-g443-scale-2-log10750.apl (34 out of 128, Estimated time left = 00:00:10) 
Opening file ../2/quantum-espresso-g443-scale-2-log10751.apl (35 out of 128, Estimated time left = 00:00:10) 
Opening file ../2/quantum-espresso-g443-scale-2-log10752.apl (36 out of 128, Estimated time left = 00:00:10) 
Opening file ../2/quantum-espresso-g443-scale-2-log10753.apl (37 out of 128, Estimated time left = 00:00:10) 
Opening file ../2/quantum-espresso-g443-scale-2-log10754.apl (38 out of 128, Estimated time left = 00:00:10) 
Opening file ../2/quantum-espresso-g443-scale-2-log10755.apl (39 out of 128, Estimated time left = 00:00:10) 
Opening file ../2/quantum-espresso-g443-scale-2-log10756.apl (40 out of 128, Estimated time left = 00:00:10) 
Opening file ../2/quantum-espresso-g443-scale-2-log10757.apl (41 out of 128, Estimated time left = 00:00:10) 
Opening file ../2/quantum-espresso-g443-scale-2-log10758.apl (42 out of 128, Estimated time left = 00:00:10) 
Opening file ../2/quantum-espresso-g443-scale-2-log10759.apl (43 out of 128, Estimated time left = 00:00:09) 
Opening file ../2/quantum-espresso-g443-scale-2-log10760.apl (44 out of 128, Estimated time left = 00:00:09) 
Opening file ../2/quantum-espresso-g443-scale-2-log10761.apl (45 out of 128, Estimated time left = 00:00:09) 
Opening file ../2/quantum-espresso-g443-scale-2-log10762.apl (46 out of 128, Estimated time left = 00:00:09) 
Opening file ../2/quantum-espresso-g443-scale-2-log10763.apl (47 out of 128, Estimated time left = 00:00:09) 
Opening file ../2/quantum-espresso-g443-scale-2-log10764.apl (48 out of 128, Estimated time left = 00:00:09) 
Opening file ../2/quantum-espresso-g443-scale-2-log10765.apl (49 out of 128, Estimated time left = 00:00:09) 
Opening file ../2/quantum-espresso-g443-scale-2-log10766.apl (50 out of 128, Estimated time left = 00:00:09) 
Opening file ../2/quantum-espresso-g443-scale-2-log10767.apl (51 out of 128, Estimated time left = 00:00:08) 
Opening file ../2/quantum-espresso-g443-scale-2-log10768.apl (52 out of 128, Estimated time left = 00:00:08) 
Opening file ../2/quantum-espresso-g443-scale-2-log10769.apl (53 out of 128, Estimated time left = 00:00:08) 
Opening file ../2/quantum-espresso-g443-scale-2-log10770.apl (54 out of 128, Estimated time left = 00:00:08) 
Opening file ../2/quantum-espresso-g443-scale-2-log10771.apl (55 out of 128, Estimated time left = 00:00:08) 
Opening file ../2/quantum-espresso-g443-scale-2-log10772.apl (56 out of 128, Estimated time left = 00:00:08) 
Opening file ../2/quantum-espresso-g443-scale-2-log10773.apl (57 out of 128, Estimated time left = 00:00:08) 
Opening file ../2/quantum-espresso-g443-scale-2-log10774.apl (58 out of 128, Estimated time left = 00:00:08) 
Opening file ../2/quantum-espresso-g443-scale-2-log10775.apl (59 out of 128, Estimated time left = 00:00:08) 
Opening file ../2/quantum-espresso-g443-scale-2-log10776.apl (60 out of 128, Estimated time left = 00:00:08) 
Opening file ../2/quantum-espresso-g443-scale-2-log10777.apl (61 out of 128, Estimated time left = 00:00:07) 
Opening file ../2/quantum-espresso-g443-scale-2-log10778.apl (62 out of 128, Estimated time left = 00:00:07) 
Opening file ../2/quantum-espresso-g443-scale-2-log10779.apl (63 out of 128, Estimated time left = 00:00:07) 
Opening file ../2/quantum-espresso-g443-scale-2-log10780.apl (64 out of 128, Estimated time left = 00:00:07) 
Opening file ../2/quantum-espresso-g443-scale-2-log70084.apl (65 out of 128, Estimated time left = 00:00:07) 
Opening file ../2/quantum-espresso-g443-scale-2-log70085.apl (66 out of 128, Estimated time left = 00:00:07) 
Opening file ../2/quantum-espresso-g443-scale-2-log70086.apl (67 out of 128, Estimated time left = 00:00:07) 
Opening file ../2/quantum-espresso-g443-scale-2-log70087.apl (68 out of 128, Estimated time left = 00:00:07) 
Opening file ../2/quantum-espresso-g443-scale-2-log70088.apl (69 out of 128, Estimated time left = 00:00:06) 
Opening file ../2/quantum-espresso-g443-scale-2-log70089.apl (70 out of 128, Estimated time left = 00:00:06) 
Opening file ../2/quantum-espresso-g443-scale-2-log70090.apl (71 out of 128, Estimated time left = 00:00:06) 
Opening file ../2/quantum-espresso-g443-scale-2-log70091.apl (72 out of 128, Estimated time left = 00:00:06) 
Opening file ../2/quantum-espresso-g443-scale-2-log70092.apl (73 out of 128, Estimated time left = 00:00:06) 
Opening file ../2/quantum-espresso-g443-scale-2-log70093.apl (74 out of 128, Estimated time left = 00:00:06) 
Opening file ../2/quantum-espresso-g443-scale-2-log70094.apl (75 out of 128, Estimated time left = 00:00:06) 
Opening file ../2/quantum-espresso-g443-scale-2-log70095.apl (76 out of 128, Estimated time left = 00:00:06) 
Opening file ../2/quantum-espresso-g443-scale-2-log70096.apl (77 out of 128, Estimated time left = 00:00:06) 
Opening file ../2/quantum-espresso-g443-scale-2-log70097.apl (78 out of 128, Estimated time left = 00:00:06) 
Opening file ../2/quantum-espresso-g443-scale-2-log70098.apl (79 out of 128, Estimated time left = 00:00:05) 
Opening file ../2/quantum-espresso-g443-scale-2-log70099.apl (80 out of 128, Estimated time left = 00:00:05) 
Opening file ../2/quantum-espresso-g443-scale-2-log70100.apl (81 out of 128, Estimated time left = 00:00:05) 
Opening file ../2/quantum-espresso-g443-scale-2-log70101.apl (82 out of 128, Estimated time left = 00:00:05) 
Opening file ../2/quantum-espresso-g443-scale-2-log70102.apl (83 out of 128, Estimated time left = 00:00:05) 
Opening file ../2/quantum-espresso-g443-scale-2-log70103.apl (84 out of 128, Estimated time left = 00:00:05) 
Opening file ../2/quantum-espresso-g443-scale-2-log70104.apl (85 out of 128, Estimated time left = 00:00:05) 
Opening file ../2/quantum-espresso-g443-scale-2-log70105.apl (86 out of 128, Estimated time left = 00:00:05) 
Opening file ../2/quantum-espresso-g443-scale-2-log70106.apl (87 out of 128, Estimated time left = 00:00:04) 
Opening file ../2/quantum-espresso-g443-scale-2-log70107.apl (88 out of 128, Estimated time left = 00:00:04) 
Opening file ../2/quantum-espresso-g443-scale-2-log70108.apl (89 out of 128, Estimated time left = 00:00:04) 
Opening file ../2/quantum-espresso-g443-scale-2-log70109.apl (90 out of 128, Estimated time left = 00:00:04) 
Opening file ../2/quantum-espresso-g443-scale-2-log70110.apl (91 out of 128, Estimated time left = 00:00:04) 
Opening file ../2/quantum-espresso-g443-scale-2-log70111.apl (92 out of 128, Estimated time left = 00:00:04) 
Opening file ../2/quantum-espresso-g443-scale-2-log70112.apl (93 out of 128, Estimated time left = 00:00:04) 
Opening file ../2/quantum-espresso-g443-scale-2-log70113.apl (94 out of 128, Estimated time left = 00:00:04) 
Opening file ../2/quantum-espresso-g443-scale-2-log70114.apl (95 out of 128, Estimated time left = 00:00:04) 
Opening file ../2/quantum-espresso-g443-scale-2-log70115.apl (96 out of 128, Estimated time left = 00:00:03) 
Opening file ../2/quantum-espresso-g443-scale-2-log70116.apl (97 out of 128, Estimated time left = 00:00:03) 
Opening file ../2/quantum-espresso-g443-scale-2-log70117.apl (98 out of 128, Estimated time left = 00:00:03) 
Opening file ../2/quantum-espresso-g443-scale-2-log70118.apl (99 out of 128, Estimated time left = 00:00:03) 
Opening file ../2/quantum-espresso-g443-scale-2-log70119.apl (100 out of 128, Estimated time left = 00:00:03) 
Opening file ../2/quantum-espresso-g443-scale-2-log70120.apl (101 out of 128, Estimated time left = 00:00:03) 
Opening file ../2/quantum-espresso-g443-scale-2-log70121.apl (102 out of 128, Estimated time left = 00:00:03) 
Opening file ../2/quantum-espresso-g443-scale-2-log70122.apl (103 out of 128, Estimated time left = 00:00:03) 
Opening file ../2/quantum-espresso-g443-scale-2-log70123.apl (104 out of 128, Estimated time left = 00:00:02) 
Opening file ../2/quantum-espresso-g443-scale-2-log70124.apl (105 out of 128, Estimated time left = 00:00:02) 
Opening file ../2/quantum-espresso-g443-scale-2-log70125.apl (106 out of 128, Estimated time left = 00:00:02) 
Opening file ../2/quantum-espresso-g443-scale-2-log70126.apl (107 out of 128, Estimated time left = 00:00:02) 
Opening file ../2/quantum-espresso-g443-scale-2-log70127.apl (108 out of 128, Estimated time left = 00:00:02) 
Opening file ../2/quantum-espresso-g443-scale-2-log70128.apl (109 out of 128, Estimated time left = 00:00:02) 
Opening file ../2/quantum-espresso-g443-scale-2-log70129.apl (110 out of 128, Estimated time left = 00:00:02) 
Opening file ../2/quantum-espresso-g443-scale-2-log70130.apl (111 out of 128, Estimated time left = 00:00:02) 
Opening file ../2/quantum-espresso-g443-scale-2-log70131.apl (112 out of 128, Estimated time left = 00:00:02) 
Opening file ../2/quantum-espresso-g443-scale-2-log70132.apl (113 out of 128, Estimated time left = 00:00:01) 
Opening file ../2/quantum-espresso-g443-scale-2-log70133.apl (114 out of 128, Estimated time left = 00:00:01) 
Opening file ../2/quantum-espresso-g443-scale-2-log70134.apl (115 out of 128, Estimated time left = 00:00:01) 
Opening file ../2/quantum-espresso-g443-scale-2-log70135.apl (116 out of 128, Estimated time left = 00:00:01) 
Opening file ../2/quantum-espresso-g443-scale-2-log70136.apl (117 out of 128, Estimated time left = 00:00:01) 
Opening file ../2/quantum-espresso-g443-scale-2-log70137.apl (118 out of 128, Estimated time left = 00:00:01) 
Opening file ../2/quantum-espresso-g443-scale-2-log70138.apl (119 out of 128, Estimated time left = 00:00:01) 
Opening file ../2/quantum-espresso-g443-scale-2-log70139.apl (120 out of 128, Estimated time left = 00:00:01) 
Opening file ../2/quantum-espresso-g443-scale-2-log70140.apl (121 out of 128, Estimated time left = 00:00:00) 
Opening file ../2/quantum-espresso-g443-scale-2-log70141.apl (122 out of 128, Estimated time left = 00:00:00) 
Opening file ../2/quantum-espresso-g443-scale-2-log70142.apl (123 out of 128, Estimated time left = 00:00:00) 
Opening file ../2/quantum-espresso-g443-scale-2-log70143.apl (124 out of 128, Estimated time left = 00:00:00) 
Opening file ../2/quantum-espresso-g443-scale-2-log70144.apl (125 out of 128, Estimated time left = 00:00:00) 
Opening file ../2/quantum-espresso-g443-scale-2-log70145.apl (126 out of 128, Estimated time left = 00:00:00) 
Opening file ../2/quantum-espresso-g443-scale-2-log70146.apl (127 out of 128, Estimated time left = 00:00:00) 
Opening file ../2/quantum-espresso-g443-scale-2-log70147.apl (128 out of 128, Estimated time left = 00:00:00) 
BLAS level 1     : count   73902607    total time      87.0162  user count   58240307  user time      76.0825
BLAS level 2     : count   12727912    total time    3460.7671  user count   12395756  user time    3459.4037
BLAS level 3     : count    6149578    total time  270246.7499  user count    6139850  user time  270245.1195
LAPACK           : count   26576826    total time     186.8655  user count   23946033  user time     179.0600
FFT              : count 2138897280    total time   31003.3224  user count 2138897280  user time   31003.3224
MATH             : count          0    total time       0.0000  user count          0  user time       0.0000
 
Double precision : count   78805441    total time     876.7395  user count   72773602  user time     864.2080
Single precision : count          0    total time       0.0000  user count          0  user time       0.0000
Double complex   : count 2179431970    total time  304107.9672  user count 2166845176  user time  304098.7791
Single complex   : count          0    total time       0.0000  user count          0  user time       0.0000
 
FFT cases:
----------
 FFTW calls:
 ...of which the breakdown by 'howmany' cases shows:
 Other calls:
                 zfft1mx_ len= [192]   plan-cnt=      35834   plan-Time=     0.706818 exec-cnt=          0   exec-Time=     0.000000
 
BLAS cases:
----------
BLAS level 1:
  dcopy_     cnt=   44148964  totTime=      25.9566   called_tot=   44001764  topTime=      25.8472    (%age of runtime:  0.005 )
   ddot_     cnt=    2759936  totTime=      19.7455   called_tot=    2612736  topTime=      19.6443    (%age of runtime:  0.003 )
  zcopy_     cnt=    5556268  totTime=      13.0525   called_tot=    5556268  topTime=      13.0525    (%age of runtime:  0.002 )
  zscal_     cnt=   13738798  totTime=      10.9710   called_tot=    1167056  topTime=       1.9921    (%age of runtime:  0.000 )
  dnrm2_     cnt=    3026467  totTime=      10.0644   called_tot=    2906803  topTime=       9.8945    (%age of runtime:  0.002 )
  zaxpy_     cnt=    1092336  totTime=       3.8312   called_tot=    1092336  topTime=       3.8312    (%age of runtime:  0.001 )
  zdotc_     cnt=     658400  totTime=       1.4682   called_tot=     658400  topTime=       1.4682    (%age of runtime:  0.000 )
  dswap_     cnt=    2052830  totTime=       0.9703   called_tot=          0  topTime=       0.0000    (%age of runtime:  0.000 )
 idamax_     cnt=     323440  totTime=       0.3697   called_tot=      28672  topTime=       0.0642    (%age of runtime:  0.000 )
  dscal_     cnt=     335152  totTime=       0.3232   called_tot=      21056  topTime=       0.0518    (%age of runtime:  0.000 )
 zdscal_     cnt=     119408  totTime=       0.1252   called_tot=     119408  topTime=       0.1252    (%age of runtime:  0.000 )
   drot_     cnt=      75424  totTime=       0.1059   called_tot=      75424  topTime=       0.1059    (%age of runtime:  0.000 )
 dznrm2_     cnt=      14800  totTime=       0.0271   called_tot=          0  topTime=       0.0000    (%age of runtime:  0.000 )
  daxpy_     cnt=        384  totTime=       0.0054   called_tot=        384  topTime=       0.0054    (%age of runtime:  0.000 )
BLAS level 2:
  zgemv_     cnt=   10275328  totTime=    2348.0825   called_tot=   10275076  topTime=    2347.8958    (%age of runtime:  0.415 )
  zgerc_     cnt=     958464  totTime=     839.6108   called_tot=     958464  topTime=     839.6108    (%age of runtime:  0.148 )
  zhemv_     cnt=     923576  totTime=     238.7167   called_tot=     923576  topTime=     238.7167    (%age of runtime:  0.042 )
  ztrmv_     cnt=     223840  totTime=      29.3455   called_tot=     223840  topTime=      29.3455    (%age of runtime:  0.005 )
  zher2_     cnt=      14800  totTime=       3.8348   called_tot=      14800  topTime=       3.8348    (%age of runtime:  0.001 )
   dsyr_     cnt=     174336  totTime=       0.3907   called_tot=          0  topTime=       0.0000    (%age of runtime:  0.000 )
  dgemv_     cnt=       4864  totTime=       0.3216   called_tot=          0  topTime=       0.0000    (%age of runtime:  0.000 )
  dsymv_     cnt=     147200  totTime=       0.2741   called_tot=          0  topTime=       0.0000    (%age of runtime:  0.000 )
  dtrmv_     cnt=       5504  totTime=       0.1904   called_tot=          0  topTime=       0.0000    (%age of runtime:  0.000 )
BLAS level 3:
  zgemm_     cnt=    5410928  totTime=  269381.1747   called_tot=    5410928  topTime=  269381.1747    (%age of runtime: 47.640 )
  dgemm_     cnt=     714394  totTime=     637.9811   called_tot=     709530  topTime=     636.8624    (%age of runtime:  0.113 )
  ztrmm_     cnt=       1792  totTime=      84.6788   called_tot=       1792  topTime=      84.6788    (%age of runtime:  0.015 )
 zher2k_     cnt=       1576  totTime=      63.4707   called_tot=       1576  topTime=      63.4707    (%age of runtime:  0.011 )
  ztrsm_     cnt=      14448  totTime=      47.3783   called_tot=      14448  topTime=      47.3783    (%age of runtime:  0.008 )
  zherk_     cnt=       1576  totTime=      31.5546   called_tot=       1576  topTime=      31.5546    (%age of runtime:  0.006 )
  dtrsm_     cnt=       4864  totTime=       0.5118   called_tot=          0  topTime=       0.0000    (%age of runtime:  0.000 )
Percentage in BLAS: 48.4181421709236
 
LAPACK cases:
----------
 dlaed4_     cnt=    2607813  totTime=     100.8832 called_tot=    2607813  topTime=     100.8832    (%age of runtime:  0.018 )
 dsteqr_     cnt=        256  totTime=      49.7644 called_tot=        256  topTime=      49.7644    (%age of runtime:  0.009 )
 dlapy2_     cnt=   19086834  totTime=       6.0683 called_tot=   18856768  topTime=       5.9804    (%age of runtime:  0.001 )
 zlaset_     cnt=     434288  totTime=       4.2751 called_tot=     434288  topTime=       4.2751    (%age of runtime:  0.001 )
 dgetrf_     cnt=        640  totTime=       3.3123 called_tot=        640  topTime=       3.3123    (%age of runtime:  0.001 )
 dsytrf_     cnt=      27136  totTime=       3.0495 called_tot=      27136  topTime=       3.0495    (%age of runtime:  0.001 )
 dsytf2_     cnt=      27136  totTime=       2.2542 called_tot=          0  topTime=       0.0000    (%age of runtime:  0.000 )
 dlaed6_     cnt=    1382922  totTime=       2.1378 called_tot=          0  topTime=       0.0000    (%age of runtime:  0.000 )
 zladiv_     cnt=     853456  totTime=       1.9467 called_tot=     838656  topTime=       1.9242    (%age of runtime:  0.000 )
 dsytri_     cnt=      27136  totTime=       1.8033 called_tot=      27136  topTime=       1.8033    (%age of runtime:  0.000 )
 dlaset_     cnt=      16896  totTime=       1.7374 called_tot=      16896  topTime=       1.7374    (%age of runtime:  0.000 )
 dlapy3_     cnt=     853456  totTime=       1.5261 called_tot=     838656  topTime=       1.5185    (%age of runtime:  0.000 )
 dgetri_     cnt=        640  totTime=       1.4241 called_tot=        640  topTime=       1.4241    (%age of runtime:  0.000 )
  dptsv_     cnt=      31500  totTime=       1.3009 called_tot=      31500  topTime=       1.3009    (%age of runtime:  0.000 )
 dladiv_     cnt=     853456  totTime=       0.8898 called_tot=          0  topTime=       0.0000    (%age of runtime:  0.000 )
 dlacpy_     cnt=       2048  totTime=       0.7219 called_tot=       2048  topTime=       0.7219    (%age of runtime:  0.000 )
 dpttrs_     cnt=      31500  totTime=       0.6023 called_tot=          0  topTime=       0.0000    (%age of runtime:  0.000 )
 dpttrf_     cnt=      31500  totTime=       0.5482 called_tot=          0  topTime=       0.0000    (%age of runtime:  0.000 )
 dtrtri_     cnt=        640  totTime=       0.5259 called_tot=          0  topTime=       0.0000    (%age of runtime:  0.000 )
 zlacpy_     cnt=       1792  totTime=       0.4678 called_tot=       1792  topTime=       0.4678    (%age of runtime:  0.000 )
 dptts2_     cnt=      31500  totTime=       0.3841 called_tot=          0  topTime=       0.0000    (%age of runtime:  0.000 )
 zlarfg_     cnt=      14800  totTime=       0.3465 called_tot=      14800  topTime=       0.3465    (%age of runtime:  0.000 )
 zlacgv_     cnt=     238816  totTime=       0.3132 called_tot=     238816  topTime=       0.3132    (%age of runtime:  0.000 )
 dtrti2_     cnt=        640  totTime=       0.2746 called_tot=          0  topTime=       0.0000    (%age of runtime:  0.000 )
 dlanst_     cnt=       2304  totTime=       0.1627 called_tot=       2048  topTime=       0.1608    (%age of runtime:  0.000 )
 dlascl_     cnt=       6144  totTime=       0.0766 called_tot=       6144  topTime=       0.0766    (%age of runtime:  0.000 )
 dlaswp_     cnt=       9728  totTime=       0.0670 called_tot=          0  topTime=       0.0000    (%age of runtime:  0.000 )
 dlaev2_     cnt=       1849  totTime=       0.0017 called_tot=          0  topTime=       0.0000    (%age of runtime:  0.000 )
Created /tmp/armpl.blas 
Visualize using ./blas_usage.py -x -l -i /tmp/armpl.blas
