Process full dataset for BLAS, LAPACK and FFT function usage.
Opening file ../4/hpl-scale-4-log18340.apl (1 out of 256, Estimated time left = 00:00:00) 
Opening file ../4/hpl-scale-4-log18341.apl (2 out of 256, Estimated time left = 00:00:54) 
Opening file ../4/hpl-scale-4-log18342.apl (3 out of 256, Estimated time left = 00:00:37) 
Opening file ../4/hpl-scale-4-log18343.apl (4 out of 256, Estimated time left = 00:00:29) 
Opening file ../4/hpl-scale-4-log18344.apl (5 out of 256, Estimated time left = 00:00:25) 
Opening file ../4/hpl-scale-4-log18345.apl (6 out of 256, Estimated time left = 00:00:21) 
Opening file ../4/hpl-scale-4-log18346.apl (7 out of 256, Estimated time left = 00:00:19) 
Opening file ../4/hpl-scale-4-log18347.apl (8 out of 256, Estimated time left = 00:00:17) 
Opening file ../4/hpl-scale-4-log18348.apl (9 out of 256, Estimated time left = 00:00:16) 
Opening file ../4/hpl-scale-4-log18349.apl (10 out of 256, Estimated time left = 00:00:15) 
Opening file ../4/hpl-scale-4-log18350.apl (11 out of 256, Estimated time left = 00:00:14) 
Opening file ../4/hpl-scale-4-log18351.apl (12 out of 256, Estimated time left = 00:00:13) 
Opening file ../4/hpl-scale-4-log18352.apl (13 out of 256, Estimated time left = 00:00:12) 
Opening file ../4/hpl-scale-4-log18353.apl (14 out of 256, Estimated time left = 00:00:12) 
Opening file ../4/hpl-scale-4-log18354.apl (15 out of 256, Estimated time left = 00:00:11) 
Opening file ../4/hpl-scale-4-log18355.apl (16 out of 256, Estimated time left = 00:00:11) 
Opening file ../4/hpl-scale-4-log18356.apl (17 out of 256, Estimated time left = 00:00:10) 
Opening file ../4/hpl-scale-4-log18357.apl (18 out of 256, Estimated time left = 00:00:10) 
Opening file ../4/hpl-scale-4-log18358.apl (19 out of 256, Estimated time left = 00:00:14) 
Opening file ../4/hpl-scale-4-log18359.apl (20 out of 256, Estimated time left = 00:00:14) 
Opening file ../4/hpl-scale-4-log18360.apl (21 out of 256, Estimated time left = 00:00:13) 
Opening file ../4/hpl-scale-4-log18361.apl (22 out of 256, Estimated time left = 00:00:13) 
Opening file ../4/hpl-scale-4-log18362.apl (23 out of 256, Estimated time left = 00:00:13) 
Opening file ../4/hpl-scale-4-log18364.apl (24 out of 256, Estimated time left = 00:00:12) 
Opening file ../4/hpl-scale-4-log18365.apl (25 out of 256, Estimated time left = 00:00:12) 
Opening file ../4/hpl-scale-4-log18366.apl (26 out of 256, Estimated time left = 00:00:12) 
Opening file ../4/hpl-scale-4-log18367.apl (27 out of 256, Estimated time left = 00:00:11) 
Opening file ../4/hpl-scale-4-log18368.apl (28 out of 256, Estimated time left = 00:00:11) 
Opening file ../4/hpl-scale-4-log18369.apl (29 out of 256, Estimated time left = 00:00:11) 
Opening file ../4/hpl-scale-4-log18370.apl (30 out of 256, Estimated time left = 00:00:11) 
Opening file ../4/hpl-scale-4-log18371.apl (31 out of 256, Estimated time left = 00:00:10) 
Opening file ../4/hpl-scale-4-log18372.apl (32 out of 256, Estimated time left = 00:00:10) 
Opening file ../4/hpl-scale-4-log18373.apl (33 out of 256, Estimated time left = 00:00:10) 
Opening file ../4/hpl-scale-4-log18374.apl (34 out of 256, Estimated time left = 00:00:10) 
Opening file ../4/hpl-scale-4-log18375.apl (35 out of 256, Estimated time left = 00:00:09) 
Opening file ../4/hpl-scale-4-log18376.apl (36 out of 256, Estimated time left = 00:00:12) 
Opening file ../4/hpl-scale-4-log18377.apl (37 out of 256, Estimated time left = 00:00:11) 
Opening file ../4/hpl-scale-4-log18378.apl (38 out of 256, Estimated time left = 00:00:11) 
Opening file ../4/hpl-scale-4-log18379.apl (39 out of 256, Estimated time left = 00:00:11) 
Opening file ../4/hpl-scale-4-log18380.apl (40 out of 256, Estimated time left = 00:00:11) 
Opening file ../4/hpl-scale-4-log18381.apl (41 out of 256, Estimated time left = 00:00:11) 
Opening file ../4/hpl-scale-4-log18382.apl (42 out of 256, Estimated time left = 00:00:10) 
Opening file ../4/hpl-scale-4-log18383.apl (43 out of 256, Estimated time left = 00:00:10) 
Opening file ../4/hpl-scale-4-log18384.apl (44 out of 256, Estimated time left = 00:00:10) 
Opening file ../4/hpl-scale-4-log18385.apl (45 out of 256, Estimated time left = 00:00:10) 
Opening file ../4/hpl-scale-4-log18386.apl (46 out of 256, Estimated time left = 00:00:10) 
Opening file ../4/hpl-scale-4-log18388.apl (47 out of 256, Estimated time left = 00:00:09) 
Opening file ../4/hpl-scale-4-log18389.apl (48 out of 256, Estimated time left = 00:00:09) 
Opening file ../4/hpl-scale-4-log18390.apl (49 out of 256, Estimated time left = 00:00:09) 
Opening file ../4/hpl-scale-4-log18391.apl (50 out of 256, Estimated time left = 00:00:09) 
Opening file ../4/hpl-scale-4-log18392.apl (51 out of 256, Estimated time left = 00:00:09) 
Opening file ../4/hpl-scale-4-log18393.apl (52 out of 256, Estimated time left = 00:00:09) 
Opening file ../4/hpl-scale-4-log18394.apl (53 out of 256, Estimated time left = 00:00:10) 
Opening file ../4/hpl-scale-4-log18395.apl (54 out of 256, Estimated time left = 00:00:10) 
Opening file ../4/hpl-scale-4-log18396.apl (55 out of 256, Estimated time left = 00:00:10) 
Opening file ../4/hpl-scale-4-log18397.apl (56 out of 256, Estimated time left = 00:00:10) 
Opening file ../4/hpl-scale-4-log18398.apl (57 out of 256, Estimated time left = 00:00:09) 
Opening file ../4/hpl-scale-4-log18399.apl (58 out of 256, Estimated time left = 00:00:09) 
Opening file ../4/hpl-scale-4-log18400.apl (59 out of 256, Estimated time left = 00:00:09) 
Opening file ../4/hpl-scale-4-log18401.apl (60 out of 256, Estimated time left = 00:00:09) 
Opening file ../4/hpl-scale-4-log18402.apl (61 out of 256, Estimated time left = 00:00:09) 
Opening file ../4/hpl-scale-4-log18403.apl (62 out of 256, Estimated time left = 00:00:09) 
Opening file ../4/hpl-scale-4-log18404.apl (63 out of 256, Estimated time left = 00:00:09) 
Opening file ../4/hpl-scale-4-log18405.apl (64 out of 256, Estimated time left = 00:00:09) 
Opening file ../4/hpl-scale-4-log19033.apl (65 out of 256, Estimated time left = 00:00:08) 
Opening file ../4/hpl-scale-4-log19034.apl (66 out of 256, Estimated time left = 00:00:08) 
Opening file ../4/hpl-scale-4-log19035.apl (67 out of 256, Estimated time left = 00:00:08) 
Opening file ../4/hpl-scale-4-log19036.apl (68 out of 256, Estimated time left = 00:00:08) 
Opening file ../4/hpl-scale-4-log19037.apl (69 out of 256, Estimated time left = 00:00:08) 
Opening file ../4/hpl-scale-4-log19038.apl (70 out of 256, Estimated time left = 00:00:09) 
Opening file ../4/hpl-scale-4-log19039.apl (71 out of 256, Estimated time left = 00:00:09) 
Opening file ../4/hpl-scale-4-log19040.apl (72 out of 256, Estimated time left = 00:00:09) 
Opening file ../4/hpl-scale-4-log19041.apl (73 out of 256, Estimated time left = 00:00:09) 
Opening file ../4/hpl-scale-4-log19042.apl (74 out of 256, Estimated time left = 00:00:08) 
Opening file ../4/hpl-scale-4-log19043.apl (75 out of 256, Estimated time left = 00:00:08) 
Opening file ../4/hpl-scale-4-log19044.apl (76 out of 256, Estimated time left = 00:00:08) 
Opening file ../4/hpl-scale-4-log19045.apl (77 out of 256, Estimated time left = 00:00:08) 
Opening file ../4/hpl-scale-4-log19046.apl (78 out of 256, Estimated time left = 00:00:08) 
Opening file ../4/hpl-scale-4-log19047.apl (79 out of 256, Estimated time left = 00:00:08) 
Opening file ../4/hpl-scale-4-log19048.apl (80 out of 256, Estimated time left = 00:00:08) 
Opening file ../4/hpl-scale-4-log19049.apl (81 out of 256, Estimated time left = 00:00:08) 
Opening file ../4/hpl-scale-4-log19050.apl (82 out of 256, Estimated time left = 00:00:08) 
Opening file ../4/hpl-scale-4-log19051.apl (83 out of 256, Estimated time left = 00:00:08) 
Opening file ../4/hpl-scale-4-log19052.apl (84 out of 256, Estimated time left = 00:00:07) 
Opening file ../4/hpl-scale-4-log19053.apl (85 out of 256, Estimated time left = 00:00:07) 
Opening file ../4/hpl-scale-4-log19054.apl (86 out of 256, Estimated time left = 00:00:07) 
Opening file ../4/hpl-scale-4-log19055.apl (87 out of 256, Estimated time left = 00:00:08) 
Opening file ../4/hpl-scale-4-log19056.apl (88 out of 256, Estimated time left = 00:00:08) 
Opening file ../4/hpl-scale-4-log19057.apl (89 out of 256, Estimated time left = 00:00:08) 
Opening file ../4/hpl-scale-4-log19058.apl (90 out of 256, Estimated time left = 00:00:08) 
Opening file ../4/hpl-scale-4-log19059.apl (91 out of 256, Estimated time left = 00:00:08) 
Opening file ../4/hpl-scale-4-log19060.apl (92 out of 256, Estimated time left = 00:00:07) 
Opening file ../4/hpl-scale-4-log19061.apl (93 out of 256, Estimated time left = 00:00:07) 
Opening file ../4/hpl-scale-4-log19062.apl (94 out of 256, Estimated time left = 00:00:07) 
Opening file ../4/hpl-scale-4-log19063.apl (95 out of 256, Estimated time left = 00:00:07) 
Opening file ../4/hpl-scale-4-log19064.apl (96 out of 256, Estimated time left = 00:00:07) 
Opening file ../4/hpl-scale-4-log19065.apl (97 out of 256, Estimated time left = 00:00:07) 
Opening file ../4/hpl-scale-4-log19066.apl (98 out of 256, Estimated time left = 00:00:07) 
Opening file ../4/hpl-scale-4-log19067.apl (99 out of 256, Estimated time left = 00:00:07) 
Opening file ../4/hpl-scale-4-log19068.apl (100 out of 256, Estimated time left = 00:00:07) 
Opening file ../4/hpl-scale-4-log19069.apl (101 out of 256, Estimated time left = 00:00:07) 
Opening file ../4/hpl-scale-4-log19070.apl (102 out of 256, Estimated time left = 00:00:07) 
Opening file ../4/hpl-scale-4-log19071.apl (103 out of 256, Estimated time left = 00:00:07) 
Opening file ../4/hpl-scale-4-log19072.apl (104 out of 256, Estimated time left = 00:00:07) 
Opening file ../4/hpl-scale-4-log19073.apl (105 out of 256, Estimated time left = 00:00:07) 
Opening file ../4/hpl-scale-4-log19074.apl (106 out of 256, Estimated time left = 00:00:07) 
Opening file ../4/hpl-scale-4-log19075.apl (107 out of 256, Estimated time left = 00:00:07) 
Opening file ../4/hpl-scale-4-log19076.apl (108 out of 256, Estimated time left = 00:00:07) 
Opening file ../4/hpl-scale-4-log19077.apl (109 out of 256, Estimated time left = 00:00:07) 
Opening file ../4/hpl-scale-4-log19078.apl (110 out of 256, Estimated time left = 00:00:06) 
Opening file ../4/hpl-scale-4-log19079.apl (111 out of 256, Estimated time left = 00:00:06) 
Opening file ../4/hpl-scale-4-log19080.apl (112 out of 256, Estimated time left = 00:00:06) 
Opening file ../4/hpl-scale-4-log19081.apl (113 out of 256, Estimated time left = 00:00:06) 
Opening file ../4/hpl-scale-4-log19082.apl (114 out of 256, Estimated time left = 00:00:06) 
Opening file ../4/hpl-scale-4-log19083.apl (115 out of 256, Estimated time left = 00:00:06) 
Opening file ../4/hpl-scale-4-log19084.apl (116 out of 256, Estimated time left = 00:00:06) 
Opening file ../4/hpl-scale-4-log19085.apl (117 out of 256, Estimated time left = 00:00:06) 
Opening file ../4/hpl-scale-4-log19086.apl (118 out of 256, Estimated time left = 00:00:06) 
Opening file ../4/hpl-scale-4-log19087.apl (119 out of 256, Estimated time left = 00:00:06) 
Opening file ../4/hpl-scale-4-log19088.apl (120 out of 256, Estimated time left = 00:00:06) 
Opening file ../4/hpl-scale-4-log19089.apl (121 out of 256, Estimated time left = 00:00:06) 
Opening file ../4/hpl-scale-4-log19090.apl (122 out of 256, Estimated time left = 00:00:06) 
Opening file ../4/hpl-scale-4-log19091.apl (123 out of 256, Estimated time left = 00:00:06) 
Opening file ../4/hpl-scale-4-log19092.apl (124 out of 256, Estimated time left = 00:00:06) 
Opening file ../4/hpl-scale-4-log19093.apl (125 out of 256, Estimated time left = 00:00:06) 
Opening file ../4/hpl-scale-4-log19094.apl (126 out of 256, Estimated time left = 00:00:06) 
Opening file ../4/hpl-scale-4-log19095.apl (127 out of 256, Estimated time left = 00:00:06) 
Opening file ../4/hpl-scale-4-log19096.apl (128 out of 256, Estimated time left = 00:00:06) 
Opening file ../4/hpl-scale-4-log196865.apl (129 out of 256, Estimated time left = 00:00:06) 
Opening file ../4/hpl-scale-4-log196866.apl (130 out of 256, Estimated time left = 00:00:05) 
Opening file ../4/hpl-scale-4-log196867.apl (131 out of 256, Estimated time left = 00:00:05) 
Opening file ../4/hpl-scale-4-log196868.apl (132 out of 256, Estimated time left = 00:00:05) 
Opening file ../4/hpl-scale-4-log196869.apl (133 out of 256, Estimated time left = 00:00:05) 
Opening file ../4/hpl-scale-4-log196870.apl (134 out of 256, Estimated time left = 00:00:05) 
Opening file ../4/hpl-scale-4-log196871.apl (135 out of 256, Estimated time left = 00:00:05) 
Opening file ../4/hpl-scale-4-log196872.apl (136 out of 256, Estimated time left = 00:00:05) 
Opening file ../4/hpl-scale-4-log196873.apl (137 out of 256, Estimated time left = 00:00:05) 
Opening file ../4/hpl-scale-4-log196874.apl (138 out of 256, Estimated time left = 00:00:05) 
Opening file ../4/hpl-scale-4-log196875.apl (139 out of 256, Estimated time left = 00:00:05) 
Opening file ../4/hpl-scale-4-log196876.apl (140 out of 256, Estimated time left = 00:00:05) 
Opening file ../4/hpl-scale-4-log196877.apl (141 out of 256, Estimated time left = 00:00:05) 
Opening file ../4/hpl-scale-4-log196878.apl (142 out of 256, Estimated time left = 00:00:05) 
Opening file ../4/hpl-scale-4-log196879.apl (143 out of 256, Estimated time left = 00:00:05) 
Opening file ../4/hpl-scale-4-log196880.apl (144 out of 256, Estimated time left = 00:00:05) 
Opening file ../4/hpl-scale-4-log196881.apl (145 out of 256, Estimated time left = 00:00:05) 
Opening file ../4/hpl-scale-4-log196882.apl (146 out of 256, Estimated time left = 00:00:05) 
Opening file ../4/hpl-scale-4-log196883.apl (147 out of 256, Estimated time left = 00:00:05) 
Opening file ../4/hpl-scale-4-log196884.apl (148 out of 256, Estimated time left = 00:00:05) 
Opening file ../4/hpl-scale-4-log196885.apl (149 out of 256, Estimated time left = 00:00:04) 
Opening file ../4/hpl-scale-4-log196886.apl (150 out of 256, Estimated time left = 00:00:04) 
Opening file ../4/hpl-scale-4-log196887.apl (151 out of 256, Estimated time left = 00:00:04) 
Opening file ../4/hpl-scale-4-log196888.apl (152 out of 256, Estimated time left = 00:00:04) 
Opening file ../4/hpl-scale-4-log196889.apl (153 out of 256, Estimated time left = 00:00:04) 
Opening file ../4/hpl-scale-4-log196890.apl (154 out of 256, Estimated time left = 00:00:04) 
Opening file ../4/hpl-scale-4-log196891.apl (155 out of 256, Estimated time left = 00:00:04) 
Opening file ../4/hpl-scale-4-log196892.apl (156 out of 256, Estimated time left = 00:00:04) 
Opening file ../4/hpl-scale-4-log196893.apl (157 out of 256, Estimated time left = 00:00:04) 
Opening file ../4/hpl-scale-4-log196894.apl (158 out of 256, Estimated time left = 00:00:04) 
Opening file ../4/hpl-scale-4-log196895.apl (159 out of 256, Estimated time left = 00:00:04) 
Opening file ../4/hpl-scale-4-log196896.apl (160 out of 256, Estimated time left = 00:00:04) 
Opening file ../4/hpl-scale-4-log196897.apl (161 out of 256, Estimated time left = 00:00:04) 
Opening file ../4/hpl-scale-4-log196898.apl (162 out of 256, Estimated time left = 00:00:04) 
Opening file ../4/hpl-scale-4-log196899.apl (163 out of 256, Estimated time left = 00:00:04) 
Opening file ../4/hpl-scale-4-log196900.apl (164 out of 256, Estimated time left = 00:00:04) 
Opening file ../4/hpl-scale-4-log196901.apl (165 out of 256, Estimated time left = 00:00:04) 
Opening file ../4/hpl-scale-4-log196902.apl (166 out of 256, Estimated time left = 00:00:04) 
Opening file ../4/hpl-scale-4-log196903.apl (167 out of 256, Estimated time left = 00:00:04) 
Opening file ../4/hpl-scale-4-log196904.apl (168 out of 256, Estimated time left = 00:00:04) 
Opening file ../4/hpl-scale-4-log196905.apl (169 out of 256, Estimated time left = 00:00:04) 
Opening file ../4/hpl-scale-4-log196906.apl (170 out of 256, Estimated time left = 00:00:03) 
Opening file ../4/hpl-scale-4-log196907.apl (171 out of 256, Estimated time left = 00:00:03) 
Opening file ../4/hpl-scale-4-log196908.apl (172 out of 256, Estimated time left = 00:00:03) 
Opening file ../4/hpl-scale-4-log196909.apl (173 out of 256, Estimated time left = 00:00:03) 
Opening file ../4/hpl-scale-4-log196910.apl (174 out of 256, Estimated time left = 00:00:03) 
Opening file ../4/hpl-scale-4-log196911.apl (175 out of 256, Estimated time left = 00:00:03) 
Opening file ../4/hpl-scale-4-log196912.apl (176 out of 256, Estimated time left = 00:00:03) 
Opening file ../4/hpl-scale-4-log196913.apl (177 out of 256, Estimated time left = 00:00:03) 
Opening file ../4/hpl-scale-4-log196914.apl (178 out of 256, Estimated time left = 00:00:03) 
Opening file ../4/hpl-scale-4-log196915.apl (179 out of 256, Estimated time left = 00:00:03) 
Opening file ../4/hpl-scale-4-log196916.apl (180 out of 256, Estimated time left = 00:00:03) 
Opening file ../4/hpl-scale-4-log196917.apl (181 out of 256, Estimated time left = 00:00:03) 
Opening file ../4/hpl-scale-4-log196918.apl (182 out of 256, Estimated time left = 00:00:03) 
Opening file ../4/hpl-scale-4-log196919.apl (183 out of 256, Estimated time left = 00:00:03) 
Opening file ../4/hpl-scale-4-log196920.apl (184 out of 256, Estimated time left = 00:00:03) 
Opening file ../4/hpl-scale-4-log196921.apl (185 out of 256, Estimated time left = 00:00:03) 
Opening file ../4/hpl-scale-4-log196922.apl (186 out of 256, Estimated time left = 00:00:03) 
Opening file ../4/hpl-scale-4-log196923.apl (187 out of 256, Estimated time left = 00:00:03) 
Opening file ../4/hpl-scale-4-log196924.apl (188 out of 256, Estimated time left = 00:00:03) 
Opening file ../4/hpl-scale-4-log196925.apl (189 out of 256, Estimated time left = 00:00:03) 
Opening file ../4/hpl-scale-4-log196926.apl (190 out of 256, Estimated time left = 00:00:03) 
Opening file ../4/hpl-scale-4-log196927.apl (191 out of 256, Estimated time left = 00:00:02) 
Opening file ../4/hpl-scale-4-log196928.apl (192 out of 256, Estimated time left = 00:00:02) 
Opening file ../4/hpl-scale-4-log252816.apl (193 out of 256, Estimated time left = 00:00:02) 
Opening file ../4/hpl-scale-4-log252817.apl (194 out of 256, Estimated time left = 00:00:02) 
Opening file ../4/hpl-scale-4-log252818.apl (195 out of 256, Estimated time left = 00:00:02) 
Opening file ../4/hpl-scale-4-log252819.apl (196 out of 256, Estimated time left = 00:00:02) 
Opening file ../4/hpl-scale-4-log252820.apl (197 out of 256, Estimated time left = 00:00:02) 
Opening file ../4/hpl-scale-4-log252821.apl (198 out of 256, Estimated time left = 00:00:02) 
Opening file ../4/hpl-scale-4-log252822.apl (199 out of 256, Estimated time left = 00:00:02) 
Opening file ../4/hpl-scale-4-log252823.apl (200 out of 256, Estimated time left = 00:00:02) 
Opening file ../4/hpl-scale-4-log252824.apl (201 out of 256, Estimated time left = 00:00:02) 
Opening file ../4/hpl-scale-4-log252825.apl (202 out of 256, Estimated time left = 00:00:02) 
Opening file ../4/hpl-scale-4-log252826.apl (203 out of 256, Estimated time left = 00:00:02) 
Opening file ../4/hpl-scale-4-log252827.apl (204 out of 256, Estimated time left = 00:00:02) 
Opening file ../4/hpl-scale-4-log252828.apl (205 out of 256, Estimated time left = 00:00:02) 
Opening file ../4/hpl-scale-4-log252829.apl (206 out of 256, Estimated time left = 00:00:02) 
Opening file ../4/hpl-scale-4-log252830.apl (207 out of 256, Estimated time left = 00:00:02) 
Opening file ../4/hpl-scale-4-log252831.apl (208 out of 256, Estimated time left = 00:00:02) 
Opening file ../4/hpl-scale-4-log252832.apl (209 out of 256, Estimated time left = 00:00:02) 
Opening file ../4/hpl-scale-4-log252833.apl (210 out of 256, Estimated time left = 00:00:02) 
Opening file ../4/hpl-scale-4-log252834.apl (211 out of 256, Estimated time left = 00:00:02) 
Opening file ../4/hpl-scale-4-log252835.apl (212 out of 256, Estimated time left = 00:00:02) 
Opening file ../4/hpl-scale-4-log252836.apl (213 out of 256, Estimated time left = 00:00:02) 
Opening file ../4/hpl-scale-4-log252837.apl (214 out of 256, Estimated time left = 00:00:01) 
Opening file ../4/hpl-scale-4-log252838.apl (215 out of 256, Estimated time left = 00:00:01) 
Opening file ../4/hpl-scale-4-log252839.apl (216 out of 256, Estimated time left = 00:00:01) 
Opening file ../4/hpl-scale-4-log252840.apl (217 out of 256, Estimated time left = 00:00:01) 
Opening file ../4/hpl-scale-4-log252841.apl (218 out of 256, Estimated time left = 00:00:01) 
Opening file ../4/hpl-scale-4-log252842.apl (219 out of 256, Estimated time left = 00:00:01) 
Opening file ../4/hpl-scale-4-log252843.apl (220 out of 256, Estimated time left = 00:00:01) 
Opening file ../4/hpl-scale-4-log252844.apl (221 out of 256, Estimated time left = 00:00:01) 
Opening file ../4/hpl-scale-4-log252845.apl (222 out of 256, Estimated time left = 00:00:01) 
Opening file ../4/hpl-scale-4-log252846.apl (223 out of 256, Estimated time left = 00:00:01) 
Opening file ../4/hpl-scale-4-log252847.apl (224 out of 256, Estimated time left = 00:00:01) 
Opening file ../4/hpl-scale-4-log252848.apl (225 out of 256, Estimated time left = 00:00:01) 
Opening file ../4/hpl-scale-4-log252849.apl (226 out of 256, Estimated time left = 00:00:01) 
Opening file ../4/hpl-scale-4-log252850.apl (227 out of 256, Estimated time left = 00:00:01) 
Opening file ../4/hpl-scale-4-log252851.apl (228 out of 256, Estimated time left = 00:00:01) 
Opening file ../4/hpl-scale-4-log252852.apl (229 out of 256, Estimated time left = 00:00:01) 
Opening file ../4/hpl-scale-4-log252853.apl (230 out of 256, Estimated time left = 00:00:01) 
Opening file ../4/hpl-scale-4-log252854.apl (231 out of 256, Estimated time left = 00:00:01) 
Opening file ../4/hpl-scale-4-log252855.apl (232 out of 256, Estimated time left = 00:00:01) 
Opening file ../4/hpl-scale-4-log252856.apl (233 out of 256, Estimated time left = 00:00:01) 
Opening file ../4/hpl-scale-4-log252857.apl (234 out of 256, Estimated time left = 00:00:01) 
Opening file ../4/hpl-scale-4-log252858.apl (235 out of 256, Estimated time left = 00:00:01) 
Opening file ../4/hpl-scale-4-log252859.apl (236 out of 256, Estimated time left = 00:00:00) 
Opening file ../4/hpl-scale-4-log252860.apl (237 out of 256, Estimated time left = 00:00:00) 
Opening file ../4/hpl-scale-4-log252861.apl (238 out of 256, Estimated time left = 00:00:00) 
Opening file ../4/hpl-scale-4-log252862.apl (239 out of 256, Estimated time left = 00:00:00) 
Opening file ../4/hpl-scale-4-log252863.apl (240 out of 256, Estimated time left = 00:00:00) 
Opening file ../4/hpl-scale-4-log252864.apl (241 out of 256, Estimated time left = 00:00:00) 
Opening file ../4/hpl-scale-4-log252865.apl (242 out of 256, Estimated time left = 00:00:00) 
Opening file ../4/hpl-scale-4-log252866.apl (243 out of 256, Estimated time left = 00:00:00) 
Opening file ../4/hpl-scale-4-log252867.apl (244 out of 256, Estimated time left = 00:00:00) 
Opening file ../4/hpl-scale-4-log252868.apl (245 out of 256, Estimated time left = 00:00:00) 
Opening file ../4/hpl-scale-4-log252869.apl (246 out of 256, Estimated time left = 00:00:00) 
Opening file ../4/hpl-scale-4-log252870.apl (247 out of 256, Estimated time left = 00:00:00) 
Opening file ../4/hpl-scale-4-log252871.apl (248 out of 256, Estimated time left = 00:00:00) 
Opening file ../4/hpl-scale-4-log252872.apl (249 out of 256, Estimated time left = 00:00:00) 
Opening file ../4/hpl-scale-4-log252873.apl (250 out of 256, Estimated time left = 00:00:00) 
Opening file ../4/hpl-scale-4-log252874.apl (251 out of 256, Estimated time left = 00:00:00) 
Opening file ../4/hpl-scale-4-log252875.apl (252 out of 256, Estimated time left = 00:00:00) 
Opening file ../4/hpl-scale-4-log252876.apl (253 out of 256, Estimated time left = 00:00:00) 
Opening file ../4/hpl-scale-4-log252877.apl (254 out of 256, Estimated time left = 00:00:00) 
Opening file ../4/hpl-scale-4-log252878.apl (255 out of 256, Estimated time left = 00:00:00) 
Opening file ../4/hpl-scale-4-log252879.apl (256 out of 256, Estimated time left = 00:00:00) 
BLAS level 1     : count   32853269    total time     171.9020  user count   32853269  user time     171.9020
BLAS level 2     : count    2674768    total time     429.9021  user count    2674768  user time     429.9021
BLAS level 3     : count 1428977796    total time 1869778.5705  user count 1428977796  user time 1869778.5705
LAPACK           : count          0    total time       0.0000  user count          0  user time       0.0000
FFT              : count          0    total time       0.0000  user count          0  user time       0.0000
MATH             : count          0    total time       0.0000  user count          0  user time       0.0000
 
Double precision : count 1464505833    total time 1870380.3746  user count 1464505833  user time 1870380.3746
Single precision : count          0    total time       0.0000  user count          0  user time       0.0000
Double complex   : count          0    total time       0.0000  user count          0  user time       0.0000
Single complex   : count          0    total time       0.0000  user count          0  user time       0.0000
 
BLAS cases:
----------
BLAS level 1:
 idamax_     cnt=    5217873  totTime=      44.4597   called_tot=    5217873  topTime=      44.4597    (%age of runtime:  0.002 )
  dcopy_     cnt=   18438470  totTime=      44.3421   called_tot=   18438470  topTime=      44.3421    (%age of runtime:  0.002 )
  dscal_     cnt=    5240832  totTime=      42.0501   called_tot=    5240832  topTime=      42.0501    (%age of runtime:  0.002 )
  daxpy_     cnt=    3956094  totTime=      41.0501   called_tot=    3956094  topTime=      41.0501    (%age of runtime:  0.002 )
BLAS level 2:
  dgemv_     cnt=      52646  totTime=     385.8429   called_tot=      52646  topTime=     385.8429    (%age of runtime:  0.018 )
   dger_     cnt=    2620416  totTime=      43.8758   called_tot=    2620416  topTime=      43.8758    (%age of runtime:  0.002 )
  dtrsv_     cnt=       1706  totTime=       0.1834   called_tot=       1706  topTime=       0.1834    (%age of runtime:  0.000 )
BLAS level 3:
  dgemm_     cnt=  715771810  totTime= 1850896.7852   called_tot=  715771810  topTime= 1850896.7852    (%age of runtime: 86.226 )
  dtrsm_     cnt=  713205986  totTime=   18881.7853   called_tot=  713205986  topTime=   18881.7853    (%age of runtime:  0.880 )
Percentage in BLAS: 87.13362092208689
Created /tmp/armpl.blas 
Visualize using ./blas_usage.py -x -l -i /tmp/armpl.blas
