Process full dataset for BLAS, LAPACK and FFT function usage.
Opening file ../2/hpl-scale-2-log111034.apl (1 out of 128, Estimated time left = 00:00:00) 
Opening file ../2/hpl-scale-2-log111035.apl (2 out of 128, Estimated time left = 00:00:18) 
Opening file ../2/hpl-scale-2-log111036.apl (3 out of 128, Estimated time left = 00:00:13) 
Opening file ../2/hpl-scale-2-log111037.apl (4 out of 128, Estimated time left = 00:00:10) 
Opening file ../2/hpl-scale-2-log111038.apl (5 out of 128, Estimated time left = 00:00:08) 
Opening file ../2/hpl-scale-2-log111039.apl (6 out of 128, Estimated time left = 00:00:07) 
Opening file ../2/hpl-scale-2-log111040.apl (7 out of 128, Estimated time left = 00:00:06) 
Opening file ../2/hpl-scale-2-log111041.apl (8 out of 128, Estimated time left = 00:00:06) 
Opening file ../2/hpl-scale-2-log111042.apl (9 out of 128, Estimated time left = 00:00:05) 
Opening file ../2/hpl-scale-2-log111043.apl (10 out of 128, Estimated time left = 00:00:08) 
Opening file ../2/hpl-scale-2-log111044.apl (11 out of 128, Estimated time left = 00:00:08) 
Opening file ../2/hpl-scale-2-log111045.apl (12 out of 128, Estimated time left = 00:00:07) 
Opening file ../2/hpl-scale-2-log111046.apl (13 out of 128, Estimated time left = 00:00:06) 
Opening file ../2/hpl-scale-2-log111047.apl (14 out of 128, Estimated time left = 00:00:06) 
Opening file ../2/hpl-scale-2-log111048.apl (15 out of 128, Estimated time left = 00:00:06) 
Opening file ../2/hpl-scale-2-log111049.apl (16 out of 128, Estimated time left = 00:00:05) 
Opening file ../2/hpl-scale-2-log111050.apl (17 out of 128, Estimated time left = 00:00:05) 
Opening file ../2/hpl-scale-2-log111051.apl (18 out of 128, Estimated time left = 00:00:05) 
Opening file ../2/hpl-scale-2-log111052.apl (19 out of 128, Estimated time left = 00:00:06) 
Opening file ../2/hpl-scale-2-log111053.apl (20 out of 128, Estimated time left = 00:00:06) 
Opening file ../2/hpl-scale-2-log111054.apl (21 out of 128, Estimated time left = 00:00:06) 
Opening file ../2/hpl-scale-2-log111055.apl (22 out of 128, Estimated time left = 00:00:05) 
Opening file ../2/hpl-scale-2-log111056.apl (23 out of 128, Estimated time left = 00:00:05) 
Opening file ../2/hpl-scale-2-log111057.apl (24 out of 128, Estimated time left = 00:00:05) 
Opening file ../2/hpl-scale-2-log111058.apl (25 out of 128, Estimated time left = 00:00:05) 
Opening file ../2/hpl-scale-2-log111059.apl (26 out of 128, Estimated time left = 00:00:05) 
Opening file ../2/hpl-scale-2-log111060.apl (27 out of 128, Estimated time left = 00:00:06) 
Opening file ../2/hpl-scale-2-log111061.apl (28 out of 128, Estimated time left = 00:00:05) 
Opening file ../2/hpl-scale-2-log111062.apl (29 out of 128, Estimated time left = 00:00:05) 
Opening file ../2/hpl-scale-2-log111063.apl (30 out of 128, Estimated time left = 00:00:05) 
Opening file ../2/hpl-scale-2-log111064.apl (31 out of 128, Estimated time left = 00:00:05) 
Opening file ../2/hpl-scale-2-log111065.apl (32 out of 128, Estimated time left = 00:00:05) 
Opening file ../2/hpl-scale-2-log111066.apl (33 out of 128, Estimated time left = 00:00:04) 
Opening file ../2/hpl-scale-2-log111067.apl (34 out of 128, Estimated time left = 00:00:04) 
Opening file ../2/hpl-scale-2-log111068.apl (35 out of 128, Estimated time left = 00:00:04) 
Opening file ../2/hpl-scale-2-log111069.apl (36 out of 128, Estimated time left = 00:00:05) 
Opening file ../2/hpl-scale-2-log111070.apl (37 out of 128, Estimated time left = 00:00:05) 
Opening file ../2/hpl-scale-2-log111071.apl (38 out of 128, Estimated time left = 00:00:04) 
Opening file ../2/hpl-scale-2-log111072.apl (39 out of 128, Estimated time left = 00:00:04) 
Opening file ../2/hpl-scale-2-log111073.apl (40 out of 128, Estimated time left = 00:00:04) 
Opening file ../2/hpl-scale-2-log111074.apl (41 out of 128, Estimated time left = 00:00:04) 
Opening file ../2/hpl-scale-2-log111075.apl (42 out of 128, Estimated time left = 00:00:04) 
Opening file ../2/hpl-scale-2-log111076.apl (43 out of 128, Estimated time left = 00:00:04) 
Opening file ../2/hpl-scale-2-log111077.apl (44 out of 128, Estimated time left = 00:00:04) 
Opening file ../2/hpl-scale-2-log111078.apl (45 out of 128, Estimated time left = 00:00:04) 
Opening file ../2/hpl-scale-2-log111079.apl (46 out of 128, Estimated time left = 00:00:04) 
Opening file ../2/hpl-scale-2-log111081.apl (47 out of 128, Estimated time left = 00:00:04) 
Opening file ../2/hpl-scale-2-log111082.apl (48 out of 128, Estimated time left = 00:00:04) 
Opening file ../2/hpl-scale-2-log111083.apl (49 out of 128, Estimated time left = 00:00:04) 
Opening file ../2/hpl-scale-2-log111084.apl (50 out of 128, Estimated time left = 00:00:04) 
Opening file ../2/hpl-scale-2-log111085.apl (51 out of 128, Estimated time left = 00:00:03) 
Opening file ../2/hpl-scale-2-log111086.apl (52 out of 128, Estimated time left = 00:00:03) 
Opening file ../2/hpl-scale-2-log111087.apl (53 out of 128, Estimated time left = 00:00:04) 
Opening file ../2/hpl-scale-2-log111088.apl (54 out of 128, Estimated time left = 00:00:04) 
Opening file ../2/hpl-scale-2-log111089.apl (55 out of 128, Estimated time left = 00:00:03) 
Opening file ../2/hpl-scale-2-log111090.apl (56 out of 128, Estimated time left = 00:00:03) 
Opening file ../2/hpl-scale-2-log111091.apl (57 out of 128, Estimated time left = 00:00:03) 
Opening file ../2/hpl-scale-2-log111092.apl (58 out of 128, Estimated time left = 00:00:03) 
Opening file ../2/hpl-scale-2-log111093.apl (59 out of 128, Estimated time left = 00:00:03) 
Opening file ../2/hpl-scale-2-log111094.apl (60 out of 128, Estimated time left = 00:00:03) 
Opening file ../2/hpl-scale-2-log111095.apl (61 out of 128, Estimated time left = 00:00:03) 
Opening file ../2/hpl-scale-2-log111096.apl (62 out of 128, Estimated time left = 00:00:03) 
Opening file ../2/hpl-scale-2-log111097.apl (63 out of 128, Estimated time left = 00:00:03) 
Opening file ../2/hpl-scale-2-log111098.apl (64 out of 128, Estimated time left = 00:00:03) 
Opening file ../2/hpl-scale-2-log209754.apl (65 out of 128, Estimated time left = 00:00:03) 
Opening file ../2/hpl-scale-2-log209755.apl (66 out of 128, Estimated time left = 00:00:03) 
Opening file ../2/hpl-scale-2-log209756.apl (67 out of 128, Estimated time left = 00:00:03) 
Opening file ../2/hpl-scale-2-log209757.apl (68 out of 128, Estimated time left = 00:00:03) 
Opening file ../2/hpl-scale-2-log209758.apl (69 out of 128, Estimated time left = 00:00:03) 
Opening file ../2/hpl-scale-2-log209759.apl (70 out of 128, Estimated time left = 00:00:03) 
Opening file ../2/hpl-scale-2-log209760.apl (71 out of 128, Estimated time left = 00:00:03) 
Opening file ../2/hpl-scale-2-log209761.apl (72 out of 128, Estimated time left = 00:00:03) 
Opening file ../2/hpl-scale-2-log209762.apl (73 out of 128, Estimated time left = 00:00:02) 
Opening file ../2/hpl-scale-2-log209763.apl (74 out of 128, Estimated time left = 00:00:02) 
Opening file ../2/hpl-scale-2-log209764.apl (75 out of 128, Estimated time left = 00:00:02) 
Opening file ../2/hpl-scale-2-log209765.apl (76 out of 128, Estimated time left = 00:00:02) 
Opening file ../2/hpl-scale-2-log209766.apl (77 out of 128, Estimated time left = 00:00:02) 
Opening file ../2/hpl-scale-2-log209767.apl (78 out of 128, Estimated time left = 00:00:02) 
Opening file ../2/hpl-scale-2-log209768.apl (79 out of 128, Estimated time left = 00:00:02) 
Opening file ../2/hpl-scale-2-log209769.apl (80 out of 128, Estimated time left = 00:00:02) 
Opening file ../2/hpl-scale-2-log209770.apl (81 out of 128, Estimated time left = 00:00:02) 
Opening file ../2/hpl-scale-2-log209771.apl (82 out of 128, Estimated time left = 00:00:02) 
Opening file ../2/hpl-scale-2-log209772.apl (83 out of 128, Estimated time left = 00:00:02) 
Opening file ../2/hpl-scale-2-log209773.apl (84 out of 128, Estimated time left = 00:00:02) 
Opening file ../2/hpl-scale-2-log209774.apl (85 out of 128, Estimated time left = 00:00:02) 
Opening file ../2/hpl-scale-2-log209775.apl (86 out of 128, Estimated time left = 00:00:02) 
Opening file ../2/hpl-scale-2-log209776.apl (87 out of 128, Estimated time left = 00:00:02) 
Opening file ../2/hpl-scale-2-log209777.apl (88 out of 128, Estimated time left = 00:00:02) 
Opening file ../2/hpl-scale-2-log209778.apl (89 out of 128, Estimated time left = 00:00:02) 
Opening file ../2/hpl-scale-2-log209779.apl (90 out of 128, Estimated time left = 00:00:02) 
Opening file ../2/hpl-scale-2-log209780.apl (91 out of 128, Estimated time left = 00:00:01) 
Opening file ../2/hpl-scale-2-log209781.apl (92 out of 128, Estimated time left = 00:00:01) 
Opening file ../2/hpl-scale-2-log209782.apl (93 out of 128, Estimated time left = 00:00:01) 
Opening file ../2/hpl-scale-2-log209783.apl (94 out of 128, Estimated time left = 00:00:01) 
Opening file ../2/hpl-scale-2-log209784.apl (95 out of 128, Estimated time left = 00:00:01) 
Opening file ../2/hpl-scale-2-log209785.apl (96 out of 128, Estimated time left = 00:00:01) 
Opening file ../2/hpl-scale-2-log209786.apl (97 out of 128, Estimated time left = 00:00:01) 
Opening file ../2/hpl-scale-2-log209787.apl (98 out of 128, Estimated time left = 00:00:01) 
Opening file ../2/hpl-scale-2-log209788.apl (99 out of 128, Estimated time left = 00:00:01) 
Opening file ../2/hpl-scale-2-log209789.apl (100 out of 128, Estimated time left = 00:00:01) 
Opening file ../2/hpl-scale-2-log209790.apl (101 out of 128, Estimated time left = 00:00:01) 
Opening file ../2/hpl-scale-2-log209791.apl (102 out of 128, Estimated time left = 00:00:01) 
Opening file ../2/hpl-scale-2-log209792.apl (103 out of 128, Estimated time left = 00:00:01) 
Opening file ../2/hpl-scale-2-log209793.apl (104 out of 128, Estimated time left = 00:00:01) 
Opening file ../2/hpl-scale-2-log209794.apl (105 out of 128, Estimated time left = 00:00:01) 
Opening file ../2/hpl-scale-2-log209795.apl (106 out of 128, Estimated time left = 00:00:01) 
Opening file ../2/hpl-scale-2-log209796.apl (107 out of 128, Estimated time left = 00:00:01) 
Opening file ../2/hpl-scale-2-log209797.apl (108 out of 128, Estimated time left = 00:00:01) 
Opening file ../2/hpl-scale-2-log209798.apl (109 out of 128, Estimated time left = 00:00:01) 
Opening file ../2/hpl-scale-2-log209799.apl (110 out of 128, Estimated time left = 00:00:00) 
Opening file ../2/hpl-scale-2-log209800.apl (111 out of 128, Estimated time left = 00:00:00) 
Opening file ../2/hpl-scale-2-log209801.apl (112 out of 128, Estimated time left = 00:00:00) 
Opening file ../2/hpl-scale-2-log209802.apl (113 out of 128, Estimated time left = 00:00:00) 
Opening file ../2/hpl-scale-2-log209803.apl (114 out of 128, Estimated time left = 00:00:00) 
Opening file ../2/hpl-scale-2-log209804.apl (115 out of 128, Estimated time left = 00:00:00) 
Opening file ../2/hpl-scale-2-log209805.apl (116 out of 128, Estimated time left = 00:00:00) 
Opening file ../2/hpl-scale-2-log209806.apl (117 out of 128, Estimated time left = 00:00:00) 
Opening file ../2/hpl-scale-2-log209807.apl (118 out of 128, Estimated time left = 00:00:00) 
Opening file ../2/hpl-scale-2-log209808.apl (119 out of 128, Estimated time left = 00:00:00) 
Opening file ../2/hpl-scale-2-log209809.apl (120 out of 128, Estimated time left = 00:00:00) 
Opening file ../2/hpl-scale-2-log209810.apl (121 out of 128, Estimated time left = 00:00:00) 
Opening file ../2/hpl-scale-2-log209811.apl (122 out of 128, Estimated time left = 00:00:00) 
Opening file ../2/hpl-scale-2-log209812.apl (123 out of 128, Estimated time left = 00:00:00) 
Opening file ../2/hpl-scale-2-log209813.apl (124 out of 128, Estimated time left = 00:00:00) 
Opening file ../2/hpl-scale-2-log209814.apl (125 out of 128, Estimated time left = 00:00:00) 
Opening file ../2/hpl-scale-2-log209815.apl (126 out of 128, Estimated time left = 00:00:00) 
Opening file ../2/hpl-scale-2-log209816.apl (127 out of 128, Estimated time left = 00:00:00) 
Opening file ../2/hpl-scale-2-log209817.apl (128 out of 128, Estimated time left = 00:00:00) 
BLAS level 1     : count   10758367    total time      72.8112  user count   10758367  user time      72.8112
BLAS level 2     : count     946646    total time     213.4444  user count     946646  user time     213.4444
BLAS level 3     : count  645971468    total time  664923.3078  user count  645971468  user time  664923.3078
LAPACK           : count          0    total time       0.0000  user count          0  user time       0.0000
FFT              : count          0    total time       0.0000  user count          0  user time       0.0000
MATH             : count          0    total time       0.0000  user count          0  user time       0.0000
 
Double precision : count  657676481    total time  665209.5634  user count  657676481  user time  665209.5634
Single precision : count          0    total time       0.0000  user count          0  user time       0.0000
Double complex   : count          0    total time       0.0000  user count          0  user time       0.0000
Single complex   : count          0    total time       0.0000  user count          0  user time       0.0000
 
BLAS cases:
----------
BLAS level 1:
 idamax_     cnt=    1847097  totTime=      21.0366   called_tot=    1847097  topTime=      21.0366    (%age of runtime:  0.003 )
  daxpy_     cnt=    1398924  totTime=      19.1757   called_tot=    1398924  topTime=      19.1757    (%age of runtime:  0.003 )
  dscal_     cnt=    1852416  totTime=      17.7340   called_tot=    1852416  topTime=      17.7340    (%age of runtime:  0.002 )
  dcopy_     cnt=    5659930  totTime=      14.8649   called_tot=    5659930  topTime=      14.8649    (%age of runtime:  0.002 )
BLAS level 2:
  dgemv_     cnt=      19232  totTime=     191.8642   called_tot=      19232  topTime=     191.8642    (%age of runtime:  0.025 )
   dger_     cnt=     926208  totTime=      21.4472   called_tot=     926208  topTime=      21.4472    (%age of runtime:  0.003 )
  dtrsv_     cnt=       1206  totTime=       0.1330   called_tot=       1206  topTime=       0.1330    (%age of runtime:  0.000 )
BLAS level 3:
  dgemm_     cnt=  323439190  totTime=  660080.1477   called_tot=  323439190  topTime=  660080.1477    (%age of runtime: 86.186 )
  dtrsm_     cnt=  322532278  totTime=    4843.1601   called_tot=  322532278  topTime=    4843.1601    (%age of runtime:  0.632 )
Percentage in BLAS: 86.85583022679454
Created /tmp/armpl.blas 
Visualize using ./blas_usage.py -x -l -i /tmp/armpl.blas
