Process full dataset for BLAS, LAPACK and FFT function usage.
Opening file ../4/quantum-espresso-au112-scale-4-log25177.apl (1 out of 256, Estimated time left = 00:00:00) 
Opening file ../4/quantum-espresso-au112-scale-4-log25178.apl (2 out of 256, Estimated time left = 00:00:44) 
Opening file ../4/quantum-espresso-au112-scale-4-log25179.apl (3 out of 256, Estimated time left = 00:00:30) 
Opening file ../4/quantum-espresso-au112-scale-4-log25180.apl (4 out of 256, Estimated time left = 00:00:33) 
Opening file ../4/quantum-espresso-au112-scale-4-log25181.apl (5 out of 256, Estimated time left = 00:00:26) 
Opening file ../4/quantum-espresso-au112-scale-4-log25182.apl (6 out of 256, Estimated time left = 00:00:29) 
Opening file ../4/quantum-espresso-au112-scale-4-log25183.apl (7 out of 256, Estimated time left = 00:00:25) 
Opening file ../4/quantum-espresso-au112-scale-4-log25184.apl (8 out of 256, Estimated time left = 00:00:29) 
Opening file ../4/quantum-espresso-au112-scale-4-log25185.apl (9 out of 256, Estimated time left = 00:00:25) 
Opening file ../4/quantum-espresso-au112-scale-4-log25186.apl (10 out of 256, Estimated time left = 00:00:29) 
Opening file ../4/quantum-espresso-au112-scale-4-log25187.apl (11 out of 256, Estimated time left = 00:00:26) 
Opening file ../4/quantum-espresso-au112-scale-4-log25188.apl (12 out of 256, Estimated time left = 00:00:28) 
Opening file ../4/quantum-espresso-au112-scale-4-log25189.apl (13 out of 256, Estimated time left = 00:00:26) 
Opening file ../4/quantum-espresso-au112-scale-4-log25190.apl (14 out of 256, Estimated time left = 00:00:27) 
Opening file ../4/quantum-espresso-au112-scale-4-log25191.apl (15 out of 256, Estimated time left = 00:00:26) 
Opening file ../4/quantum-espresso-au112-scale-4-log25192.apl (16 out of 256, Estimated time left = 00:00:28) 
Opening file ../4/quantum-espresso-au112-scale-4-log25193.apl (17 out of 256, Estimated time left = 00:00:26) 
Opening file ../4/quantum-espresso-au112-scale-4-log25194.apl (18 out of 256, Estimated time left = 00:00:27) 
Opening file ../4/quantum-espresso-au112-scale-4-log25195.apl (19 out of 256, Estimated time left = 00:00:25) 
Opening file ../4/quantum-espresso-au112-scale-4-log25196.apl (20 out of 256, Estimated time left = 00:00:27) 
Opening file ../4/quantum-espresso-au112-scale-4-log25197.apl (21 out of 256, Estimated time left = 00:00:25) 
Opening file ../4/quantum-espresso-au112-scale-4-log25198.apl (22 out of 256, Estimated time left = 00:00:27) 
Opening file ../4/quantum-espresso-au112-scale-4-log25199.apl (23 out of 256, Estimated time left = 00:00:25) 
Opening file ../4/quantum-espresso-au112-scale-4-log25200.apl (24 out of 256, Estimated time left = 00:00:26) 
Opening file ../4/quantum-espresso-au112-scale-4-log25201.apl (25 out of 256, Estimated time left = 00:00:25) 
Opening file ../4/quantum-espresso-au112-scale-4-log25202.apl (26 out of 256, Estimated time left = 00:00:27) 
Opening file ../4/quantum-espresso-au112-scale-4-log25203.apl (27 out of 256, Estimated time left = 00:00:26) 
Opening file ../4/quantum-espresso-au112-scale-4-log25204.apl (28 out of 256, Estimated time left = 00:00:26) 
Opening file ../4/quantum-espresso-au112-scale-4-log25205.apl (29 out of 256, Estimated time left = 00:00:25) 
Opening file ../4/quantum-espresso-au112-scale-4-log25206.apl (30 out of 256, Estimated time left = 00:00:25) 
Opening file ../4/quantum-espresso-au112-scale-4-log25207.apl (31 out of 256, Estimated time left = 00:00:24) 
Opening file ../4/quantum-espresso-au112-scale-4-log25208.apl (32 out of 256, Estimated time left = 00:00:25) 
Opening file ../4/quantum-espresso-au112-scale-4-log25209.apl (33 out of 256, Estimated time left = 00:00:24) 
Opening file ../4/quantum-espresso-au112-scale-4-log25210.apl (34 out of 256, Estimated time left = 00:00:24) 
Opening file ../4/quantum-espresso-au112-scale-4-log25211.apl (35 out of 256, Estimated time left = 00:00:23) 
Opening file ../4/quantum-espresso-au112-scale-4-log25212.apl (36 out of 256, Estimated time left = 00:00:23) 
Opening file ../4/quantum-espresso-au112-scale-4-log25213.apl (37 out of 256, Estimated time left = 00:00:23) 
Opening file ../4/quantum-espresso-au112-scale-4-log25214.apl (38 out of 256, Estimated time left = 00:00:23) 
Opening file ../4/quantum-espresso-au112-scale-4-log25215.apl (39 out of 256, Estimated time left = 00:00:22) 
Opening file ../4/quantum-espresso-au112-scale-4-log25216.apl (40 out of 256, Estimated time left = 00:00:23) 
Opening file ../4/quantum-espresso-au112-scale-4-log25217.apl (41 out of 256, Estimated time left = 00:00:22) 
Opening file ../4/quantum-espresso-au112-scale-4-log25218.apl (42 out of 256, Estimated time left = 00:00:22) 
Opening file ../4/quantum-espresso-au112-scale-4-log25219.apl (43 out of 256, Estimated time left = 00:00:21) 
Opening file ../4/quantum-espresso-au112-scale-4-log25220.apl (44 out of 256, Estimated time left = 00:00:22) 
Opening file ../4/quantum-espresso-au112-scale-4-log25221.apl (45 out of 256, Estimated time left = 00:00:21) 
Opening file ../4/quantum-espresso-au112-scale-4-log25222.apl (46 out of 256, Estimated time left = 00:00:21) 
Opening file ../4/quantum-espresso-au112-scale-4-log25223.apl (47 out of 256, Estimated time left = 00:00:21) 
Opening file ../4/quantum-espresso-au112-scale-4-log25224.apl (48 out of 256, Estimated time left = 00:00:21) 
Opening file ../4/quantum-espresso-au112-scale-4-log25225.apl (49 out of 256, Estimated time left = 00:00:20) 
Opening file ../4/quantum-espresso-au112-scale-4-log25226.apl (50 out of 256, Estimated time left = 00:00:21) 
Opening file ../4/quantum-espresso-au112-scale-4-log25227.apl (51 out of 256, Estimated time left = 00:00:21) 
Opening file ../4/quantum-espresso-au112-scale-4-log25228.apl (52 out of 256, Estimated time left = 00:00:21) 
Opening file ../4/quantum-espresso-au112-scale-4-log25229.apl (53 out of 256, Estimated time left = 00:00:21) 
Opening file ../4/quantum-espresso-au112-scale-4-log25230.apl (54 out of 256, Estimated time left = 00:00:21) 
Opening file ../4/quantum-espresso-au112-scale-4-log25231.apl (55 out of 256, Estimated time left = 00:00:20) 
Opening file ../4/quantum-espresso-au112-scale-4-log25232.apl (56 out of 256, Estimated time left = 00:00:20) 
Opening file ../4/quantum-espresso-au112-scale-4-log25233.apl (57 out of 256, Estimated time left = 00:00:20) 
Opening file ../4/quantum-espresso-au112-scale-4-log25234.apl (58 out of 256, Estimated time left = 00:00:20) 
Opening file ../4/quantum-espresso-au112-scale-4-log25235.apl (59 out of 256, Estimated time left = 00:00:20) 
Opening file ../4/quantum-espresso-au112-scale-4-log25236.apl (60 out of 256, Estimated time left = 00:00:20) 
Opening file ../4/quantum-espresso-au112-scale-4-log25237.apl (61 out of 256, Estimated time left = 00:00:19) 
Opening file ../4/quantum-espresso-au112-scale-4-log25238.apl (62 out of 256, Estimated time left = 00:00:19) 
Opening file ../4/quantum-espresso-au112-scale-4-log25239.apl (63 out of 256, Estimated time left = 00:00:19) 
Opening file ../4/quantum-espresso-au112-scale-4-log25240.apl (64 out of 256, Estimated time left = 00:00:19) 
Opening file ../4/quantum-espresso-au112-scale-4-log35823.apl (65 out of 256, Estimated time left = 00:00:19) 
Opening file ../4/quantum-espresso-au112-scale-4-log35824.apl (66 out of 256, Estimated time left = 00:00:20) 
Opening file ../4/quantum-espresso-au112-scale-4-log35825.apl (67 out of 256, Estimated time left = 00:00:19) 
Opening file ../4/quantum-espresso-au112-scale-4-log35826.apl (68 out of 256, Estimated time left = 00:00:19) 
Opening file ../4/quantum-espresso-au112-scale-4-log35827.apl (69 out of 256, Estimated time left = 00:00:19) 
Opening file ../4/quantum-espresso-au112-scale-4-log35828.apl (70 out of 256, Estimated time left = 00:00:19) 
Opening file ../4/quantum-espresso-au112-scale-4-log35829.apl (71 out of 256, Estimated time left = 00:00:19) 
Opening file ../4/quantum-espresso-au112-scale-4-log35830.apl (72 out of 256, Estimated time left = 00:00:19) 
Opening file ../4/quantum-espresso-au112-scale-4-log35831.apl (73 out of 256, Estimated time left = 00:00:18) 
Opening file ../4/quantum-espresso-au112-scale-4-log35832.apl (74 out of 256, Estimated time left = 00:00:18) 
Opening file ../4/quantum-espresso-au112-scale-4-log35833.apl (75 out of 256, Estimated time left = 00:00:18) 
Opening file ../4/quantum-espresso-au112-scale-4-log35834.apl (76 out of 256, Estimated time left = 00:00:18) 
Opening file ../4/quantum-espresso-au112-scale-4-log35835.apl (77 out of 256, Estimated time left = 00:00:18) 
Opening file ../4/quantum-espresso-au112-scale-4-log35836.apl (78 out of 256, Estimated time left = 00:00:18) 
Opening file ../4/quantum-espresso-au112-scale-4-log35837.apl (79 out of 256, Estimated time left = 00:00:18) 
Opening file ../4/quantum-espresso-au112-scale-4-log35838.apl (80 out of 256, Estimated time left = 00:00:18) 
Opening file ../4/quantum-espresso-au112-scale-4-log35839.apl (81 out of 256, Estimated time left = 00:00:18) 
Opening file ../4/quantum-espresso-au112-scale-4-log35840.apl (82 out of 256, Estimated time left = 00:00:18) 
Opening file ../4/quantum-espresso-au112-scale-4-log35841.apl (83 out of 256, Estimated time left = 00:00:17) 
Opening file ../4/quantum-espresso-au112-scale-4-log35842.apl (84 out of 256, Estimated time left = 00:00:18) 
Opening file ../4/quantum-espresso-au112-scale-4-log35843.apl (85 out of 256, Estimated time left = 00:00:17) 
Opening file ../4/quantum-espresso-au112-scale-4-log35844.apl (86 out of 256, Estimated time left = 00:00:18) 
Opening file ../4/quantum-espresso-au112-scale-4-log35845.apl (87 out of 256, Estimated time left = 00:00:17) 
Opening file ../4/quantum-espresso-au112-scale-4-log35846.apl (88 out of 256, Estimated time left = 00:00:18) 
Opening file ../4/quantum-espresso-au112-scale-4-log35847.apl (89 out of 256, Estimated time left = 00:00:17) 
Opening file ../4/quantum-espresso-au112-scale-4-log35848.apl (90 out of 256, Estimated time left = 00:00:18) 
Opening file ../4/quantum-espresso-au112-scale-4-log35849.apl (91 out of 256, Estimated time left = 00:00:18) 
Opening file ../4/quantum-espresso-au112-scale-4-log35850.apl (92 out of 256, Estimated time left = 00:00:18) 
Opening file ../4/quantum-espresso-au112-scale-4-log35851.apl (93 out of 256, Estimated time left = 00:00:17) 
Opening file ../4/quantum-espresso-au112-scale-4-log35852.apl (94 out of 256, Estimated time left = 00:00:17) 
Opening file ../4/quantum-espresso-au112-scale-4-log35853.apl (95 out of 256, Estimated time left = 00:00:17) 
Opening file ../4/quantum-espresso-au112-scale-4-log35854.apl (96 out of 256, Estimated time left = 00:00:17) 
Opening file ../4/quantum-espresso-au112-scale-4-log35855.apl (97 out of 256, Estimated time left = 00:00:17) 
Opening file ../4/quantum-espresso-au112-scale-4-log35856.apl (98 out of 256, Estimated time left = 00:00:17) 
Opening file ../4/quantum-espresso-au112-scale-4-log35857.apl (99 out of 256, Estimated time left = 00:00:17) 
Opening file ../4/quantum-espresso-au112-scale-4-log35858.apl (100 out of 256, Estimated time left = 00:00:17) 
Opening file ../4/quantum-espresso-au112-scale-4-log35859.apl (101 out of 256, Estimated time left = 00:00:17) 
Opening file ../4/quantum-espresso-au112-scale-4-log35860.apl (102 out of 256, Estimated time left = 00:00:17) 
Opening file ../4/quantum-espresso-au112-scale-4-log35861.apl (103 out of 256, Estimated time left = 00:00:17) 
Opening file ../4/quantum-espresso-au112-scale-4-log35862.apl (104 out of 256, Estimated time left = 00:00:17) 
Opening file ../4/quantum-espresso-au112-scale-4-log35863.apl (105 out of 256, Estimated time left = 00:00:17) 
Opening file ../4/quantum-espresso-au112-scale-4-log35864.apl (106 out of 256, Estimated time left = 00:00:17) 
Opening file ../4/quantum-espresso-au112-scale-4-log35865.apl (107 out of 256, Estimated time left = 00:00:17) 
Opening file ../4/quantum-espresso-au112-scale-4-log35866.apl (108 out of 256, Estimated time left = 00:00:17) 
Opening file ../4/quantum-espresso-au112-scale-4-log35867.apl (109 out of 256, Estimated time left = 00:00:17) 
Opening file ../4/quantum-espresso-au112-scale-4-log35868.apl (110 out of 256, Estimated time left = 00:00:17) 
Opening file ../4/quantum-espresso-au112-scale-4-log35869.apl (111 out of 256, Estimated time left = 00:00:16) 
Opening file ../4/quantum-espresso-au112-scale-4-log35870.apl (112 out of 256, Estimated time left = 00:00:17) 
Opening file ../4/quantum-espresso-au112-scale-4-log35871.apl (113 out of 256, Estimated time left = 00:00:16) 
Opening file ../4/quantum-espresso-au112-scale-4-log35872.apl (114 out of 256, Estimated time left = 00:00:17) 
Opening file ../4/quantum-espresso-au112-scale-4-log35873.apl (115 out of 256, Estimated time left = 00:00:16) 
Opening file ../4/quantum-espresso-au112-scale-4-log35874.apl (116 out of 256, Estimated time left = 00:00:16) 
Opening file ../4/quantum-espresso-au112-scale-4-log35875.apl (117 out of 256, Estimated time left = 00:00:16) 
Opening file ../4/quantum-espresso-au112-scale-4-log35876.apl (118 out of 256, Estimated time left = 00:00:16) 
Opening file ../4/quantum-espresso-au112-scale-4-log35877.apl (119 out of 256, Estimated time left = 00:00:15) 
Opening file ../4/quantum-espresso-au112-scale-4-log35878.apl (120 out of 256, Estimated time left = 00:00:15) 
Opening file ../4/quantum-espresso-au112-scale-4-log35879.apl (121 out of 256, Estimated time left = 00:00:15) 
Opening file ../4/quantum-espresso-au112-scale-4-log35880.apl (122 out of 256, Estimated time left = 00:00:15) 
Opening file ../4/quantum-espresso-au112-scale-4-log35881.apl (123 out of 256, Estimated time left = 00:00:15) 
Opening file ../4/quantum-espresso-au112-scale-4-log35882.apl (124 out of 256, Estimated time left = 00:00:14) 
Opening file ../4/quantum-espresso-au112-scale-4-log35883.apl (125 out of 256, Estimated time left = 00:00:14) 
Opening file ../4/quantum-espresso-au112-scale-4-log35884.apl (126 out of 256, Estimated time left = 00:00:14) 
Opening file ../4/quantum-espresso-au112-scale-4-log35885.apl (127 out of 256, Estimated time left = 00:00:14) 
Opening file ../4/quantum-espresso-au112-scale-4-log35886.apl (128 out of 256, Estimated time left = 00:00:13) 
Opening file ../4/quantum-espresso-au112-scale-4-log53462.apl (129 out of 256, Estimated time left = 00:00:13) 
Opening file ../4/quantum-espresso-au112-scale-4-log53463.apl (130 out of 256, Estimated time left = 00:00:13) 
Opening file ../4/quantum-espresso-au112-scale-4-log53464.apl (131 out of 256, Estimated time left = 00:00:13) 
Opening file ../4/quantum-espresso-au112-scale-4-log53465.apl (132 out of 256, Estimated time left = 00:00:13) 
Opening file ../4/quantum-espresso-au112-scale-4-log53466.apl (133 out of 256, Estimated time left = 00:00:13) 
Opening file ../4/quantum-espresso-au112-scale-4-log53467.apl (134 out of 256, Estimated time left = 00:00:13) 
Opening file ../4/quantum-espresso-au112-scale-4-log53468.apl (135 out of 256, Estimated time left = 00:00:12) 
Opening file ../4/quantum-espresso-au112-scale-4-log53469.apl (136 out of 256, Estimated time left = 00:00:12) 
Opening file ../4/quantum-espresso-au112-scale-4-log53470.apl (137 out of 256, Estimated time left = 00:00:12) 
Opening file ../4/quantum-espresso-au112-scale-4-log53471.apl (138 out of 256, Estimated time left = 00:00:12) 
Opening file ../4/quantum-espresso-au112-scale-4-log53472.apl (139 out of 256, Estimated time left = 00:00:12) 
Opening file ../4/quantum-espresso-au112-scale-4-log53473.apl (140 out of 256, Estimated time left = 00:00:12) 
Opening file ../4/quantum-espresso-au112-scale-4-log53474.apl (141 out of 256, Estimated time left = 00:00:12) 
Opening file ../4/quantum-espresso-au112-scale-4-log53475.apl (142 out of 256, Estimated time left = 00:00:12) 
Opening file ../4/quantum-espresso-au112-scale-4-log53476.apl (143 out of 256, Estimated time left = 00:00:12) 
Opening file ../4/quantum-espresso-au112-scale-4-log53477.apl (144 out of 256, Estimated time left = 00:00:12) 
Opening file ../4/quantum-espresso-au112-scale-4-log53478.apl (145 out of 256, Estimated time left = 00:00:12) 
Opening file ../4/quantum-espresso-au112-scale-4-log53479.apl (146 out of 256, Estimated time left = 00:00:12) 
Opening file ../4/quantum-espresso-au112-scale-4-log53480.apl (147 out of 256, Estimated time left = 00:00:12) 
Opening file ../4/quantum-espresso-au112-scale-4-log53481.apl (148 out of 256, Estimated time left = 00:00:11) 
Opening file ../4/quantum-espresso-au112-scale-4-log53482.apl (149 out of 256, Estimated time left = 00:00:11) 
Opening file ../4/quantum-espresso-au112-scale-4-log53483.apl (150 out of 256, Estimated time left = 00:00:11) 
Opening file ../4/quantum-espresso-au112-scale-4-log53484.apl (151 out of 256, Estimated time left = 00:00:11) 
Opening file ../4/quantum-espresso-au112-scale-4-log53485.apl (152 out of 256, Estimated time left = 00:00:11) 
Opening file ../4/quantum-espresso-au112-scale-4-log53486.apl (153 out of 256, Estimated time left = 00:00:11) 
Opening file ../4/quantum-espresso-au112-scale-4-log53487.apl (154 out of 256, Estimated time left = 00:00:11) 
Opening file ../4/quantum-espresso-au112-scale-4-log53488.apl (155 out of 256, Estimated time left = 00:00:11) 
Opening file ../4/quantum-espresso-au112-scale-4-log53489.apl (156 out of 256, Estimated time left = 00:00:10) 
Opening file ../4/quantum-espresso-au112-scale-4-log53490.apl (157 out of 256, Estimated time left = 00:00:10) 
Opening file ../4/quantum-espresso-au112-scale-4-log53491.apl (158 out of 256, Estimated time left = 00:00:10) 
Opening file ../4/quantum-espresso-au112-scale-4-log53492.apl (159 out of 256, Estimated time left = 00:00:10) 
Opening file ../4/quantum-espresso-au112-scale-4-log53493.apl (160 out of 256, Estimated time left = 00:00:10) 
Opening file ../4/quantum-espresso-au112-scale-4-log53494.apl (161 out of 256, Estimated time left = 00:00:10) 
Opening file ../4/quantum-espresso-au112-scale-4-log53495.apl (162 out of 256, Estimated time left = 00:00:10) 
Opening file ../4/quantum-espresso-au112-scale-4-log53496.apl (163 out of 256, Estimated time left = 00:00:10) 
Opening file ../4/quantum-espresso-au112-scale-4-log53497.apl (164 out of 256, Estimated time left = 00:00:10) 
Opening file ../4/quantum-espresso-au112-scale-4-log53498.apl (165 out of 256, Estimated time left = 00:00:09) 
Opening file ../4/quantum-espresso-au112-scale-4-log53499.apl (166 out of 256, Estimated time left = 00:00:09) 
Opening file ../4/quantum-espresso-au112-scale-4-log53500.apl (167 out of 256, Estimated time left = 00:00:09) 
Opening file ../4/quantum-espresso-au112-scale-4-log53501.apl (168 out of 256, Estimated time left = 00:00:09) 
Opening file ../4/quantum-espresso-au112-scale-4-log53502.apl (169 out of 256, Estimated time left = 00:00:09) 
Opening file ../4/quantum-espresso-au112-scale-4-log53503.apl (170 out of 256, Estimated time left = 00:00:09) 
Opening file ../4/quantum-espresso-au112-scale-4-log53504.apl (171 out of 256, Estimated time left = 00:00:09) 
Opening file ../4/quantum-espresso-au112-scale-4-log53505.apl (172 out of 256, Estimated time left = 00:00:09) 
Opening file ../4/quantum-espresso-au112-scale-4-log53506.apl (173 out of 256, Estimated time left = 00:00:09) 
Opening file ../4/quantum-espresso-au112-scale-4-log53507.apl (174 out of 256, Estimated time left = 00:00:09) 
Opening file ../4/quantum-espresso-au112-scale-4-log53508.apl (175 out of 256, Estimated time left = 00:00:09) 
Opening file ../4/quantum-espresso-au112-scale-4-log53509.apl (176 out of 256, Estimated time left = 00:00:08) 
Opening file ../4/quantum-espresso-au112-scale-4-log53510.apl (177 out of 256, Estimated time left = 00:00:08) 
Opening file ../4/quantum-espresso-au112-scale-4-log53511.apl (178 out of 256, Estimated time left = 00:00:08) 
Opening file ../4/quantum-espresso-au112-scale-4-log53512.apl (179 out of 256, Estimated time left = 00:00:08) 
Opening file ../4/quantum-espresso-au112-scale-4-log53513.apl (180 out of 256, Estimated time left = 00:00:08) 
Opening file ../4/quantum-espresso-au112-scale-4-log53514.apl (181 out of 256, Estimated time left = 00:00:08) 
Opening file ../4/quantum-espresso-au112-scale-4-log53515.apl (182 out of 256, Estimated time left = 00:00:08) 
Opening file ../4/quantum-espresso-au112-scale-4-log53516.apl (183 out of 256, Estimated time left = 00:00:08) 
Opening file ../4/quantum-espresso-au112-scale-4-log53517.apl (184 out of 256, Estimated time left = 00:00:07) 
Opening file ../4/quantum-espresso-au112-scale-4-log53518.apl (185 out of 256, Estimated time left = 00:00:07) 
Opening file ../4/quantum-espresso-au112-scale-4-log53519.apl (186 out of 256, Estimated time left = 00:00:07) 
Opening file ../4/quantum-espresso-au112-scale-4-log53520.apl (187 out of 256, Estimated time left = 00:00:07) 
Opening file ../4/quantum-espresso-au112-scale-4-log53521.apl (188 out of 256, Estimated time left = 00:00:07) 
Opening file ../4/quantum-espresso-au112-scale-4-log53522.apl (189 out of 256, Estimated time left = 00:00:07) 
Opening file ../4/quantum-espresso-au112-scale-4-log53523.apl (190 out of 256, Estimated time left = 00:00:07) 
Opening file ../4/quantum-espresso-au112-scale-4-log53524.apl (191 out of 256, Estimated time left = 00:00:07) 
Opening file ../4/quantum-espresso-au112-scale-4-log53525.apl (192 out of 256, Estimated time left = 00:00:07) 
Opening file ../4/quantum-espresso-au112-scale-4-log56503.apl (193 out of 256, Estimated time left = 00:00:07) 
Opening file ../4/quantum-espresso-au112-scale-4-log56504.apl (194 out of 256, Estimated time left = 00:00:06) 
Opening file ../4/quantum-espresso-au112-scale-4-log56505.apl (195 out of 256, Estimated time left = 00:00:06) 
Opening file ../4/quantum-espresso-au112-scale-4-log56506.apl (196 out of 256, Estimated time left = 00:00:06) 
Opening file ../4/quantum-espresso-au112-scale-4-log56507.apl (197 out of 256, Estimated time left = 00:00:06) 
Opening file ../4/quantum-espresso-au112-scale-4-log56508.apl (198 out of 256, Estimated time left = 00:00:06) 
Opening file ../4/quantum-espresso-au112-scale-4-log56509.apl (199 out of 256, Estimated time left = 00:00:06) 
Opening file ../4/quantum-espresso-au112-scale-4-log56510.apl (200 out of 256, Estimated time left = 00:00:06) 
Opening file ../4/quantum-espresso-au112-scale-4-log56511.apl (201 out of 256, Estimated time left = 00:00:06) 
Opening file ../4/quantum-espresso-au112-scale-4-log56512.apl (202 out of 256, Estimated time left = 00:00:06) 
Opening file ../4/quantum-espresso-au112-scale-4-log56513.apl (203 out of 256, Estimated time left = 00:00:05) 
Opening file ../4/quantum-espresso-au112-scale-4-log56514.apl (204 out of 256, Estimated time left = 00:00:05) 
Opening file ../4/quantum-espresso-au112-scale-4-log56515.apl (205 out of 256, Estimated time left = 00:00:05) 
Opening file ../4/quantum-espresso-au112-scale-4-log56516.apl (206 out of 256, Estimated time left = 00:00:05) 
Opening file ../4/quantum-espresso-au112-scale-4-log56517.apl (207 out of 256, Estimated time left = 00:00:05) 
Opening file ../4/quantum-espresso-au112-scale-4-log56518.apl (208 out of 256, Estimated time left = 00:00:05) 
Opening file ../4/quantum-espresso-au112-scale-4-log56519.apl (209 out of 256, Estimated time left = 00:00:05) 
Opening file ../4/quantum-espresso-au112-scale-4-log56520.apl (210 out of 256, Estimated time left = 00:00:05) 
Opening file ../4/quantum-espresso-au112-scale-4-log56521.apl (211 out of 256, Estimated time left = 00:00:05) 
Opening file ../4/quantum-espresso-au112-scale-4-log56522.apl (212 out of 256, Estimated time left = 00:00:04) 
Opening file ../4/quantum-espresso-au112-scale-4-log56523.apl (213 out of 256, Estimated time left = 00:00:04) 
Opening file ../4/quantum-espresso-au112-scale-4-log56524.apl (214 out of 256, Estimated time left = 00:00:04) 
Opening file ../4/quantum-espresso-au112-scale-4-log56525.apl (215 out of 256, Estimated time left = 00:00:04) 
Opening file ../4/quantum-espresso-au112-scale-4-log56526.apl (216 out of 256, Estimated time left = 00:00:04) 
Opening file ../4/quantum-espresso-au112-scale-4-log56527.apl (217 out of 256, Estimated time left = 00:00:04) 
Opening file ../4/quantum-espresso-au112-scale-4-log56528.apl (218 out of 256, Estimated time left = 00:00:04) 
Opening file ../4/quantum-espresso-au112-scale-4-log56529.apl (219 out of 256, Estimated time left = 00:00:04) 
Opening file ../4/quantum-espresso-au112-scale-4-log56530.apl (220 out of 256, Estimated time left = 00:00:04) 
Opening file ../4/quantum-espresso-au112-scale-4-log56531.apl (221 out of 256, Estimated time left = 00:00:03) 
Opening file ../4/quantum-espresso-au112-scale-4-log56532.apl (222 out of 256, Estimated time left = 00:00:03) 
Opening file ../4/quantum-espresso-au112-scale-4-log56533.apl (223 out of 256, Estimated time left = 00:00:03) 
Opening file ../4/quantum-espresso-au112-scale-4-log56534.apl (224 out of 256, Estimated time left = 00:00:03) 
Opening file ../4/quantum-espresso-au112-scale-4-log56535.apl (225 out of 256, Estimated time left = 00:00:03) 
Opening file ../4/quantum-espresso-au112-scale-4-log56536.apl (226 out of 256, Estimated time left = 00:00:03) 
Opening file ../4/quantum-espresso-au112-scale-4-log56537.apl (227 out of 256, Estimated time left = 00:00:03) 
Opening file ../4/quantum-espresso-au112-scale-4-log56538.apl (228 out of 256, Estimated time left = 00:00:03) 
Opening file ../4/quantum-espresso-au112-scale-4-log56539.apl (229 out of 256, Estimated time left = 00:00:03) 
Opening file ../4/quantum-espresso-au112-scale-4-log56540.apl (230 out of 256, Estimated time left = 00:00:02) 
Opening file ../4/quantum-espresso-au112-scale-4-log56541.apl (231 out of 256, Estimated time left = 00:00:02) 
Opening file ../4/quantum-espresso-au112-scale-4-log56542.apl (232 out of 256, Estimated time left = 00:00:02) 
Opening file ../4/quantum-espresso-au112-scale-4-log56543.apl (233 out of 256, Estimated time left = 00:00:02) 
Opening file ../4/quantum-espresso-au112-scale-4-log56544.apl (234 out of 256, Estimated time left = 00:00:02) 
Opening file ../4/quantum-espresso-au112-scale-4-log56545.apl (235 out of 256, Estimated time left = 00:00:02) 
Opening file ../4/quantum-espresso-au112-scale-4-log56546.apl (236 out of 256, Estimated time left = 00:00:02) 
Opening file ../4/quantum-espresso-au112-scale-4-log56547.apl (237 out of 256, Estimated time left = 00:00:02) 
Opening file ../4/quantum-espresso-au112-scale-4-log56548.apl (238 out of 256, Estimated time left = 00:00:02) 
Opening file ../4/quantum-espresso-au112-scale-4-log56549.apl (239 out of 256, Estimated time left = 00:00:01) 
Opening file ../4/quantum-espresso-au112-scale-4-log56550.apl (240 out of 256, Estimated time left = 00:00:01) 
Opening file ../4/quantum-espresso-au112-scale-4-log56551.apl (241 out of 256, Estimated time left = 00:00:01) 
Opening file ../4/quantum-espresso-au112-scale-4-log56552.apl (242 out of 256, Estimated time left = 00:00:01) 
Opening file ../4/quantum-espresso-au112-scale-4-log56553.apl (243 out of 256, Estimated time left = 00:00:01) 
Opening file ../4/quantum-espresso-au112-scale-4-log56554.apl (244 out of 256, Estimated time left = 00:00:01) 
Opening file ../4/quantum-espresso-au112-scale-4-log56555.apl (245 out of 256, Estimated time left = 00:00:01) 
Opening file ../4/quantum-espresso-au112-scale-4-log56556.apl (246 out of 256, Estimated time left = 00:00:01) 
Opening file ../4/quantum-espresso-au112-scale-4-log56557.apl (247 out of 256, Estimated time left = 00:00:01) 
Opening file ../4/quantum-espresso-au112-scale-4-log56558.apl (248 out of 256, Estimated time left = 00:00:00) 
Opening file ../4/quantum-espresso-au112-scale-4-log56559.apl (249 out of 256, Estimated time left = 00:00:00) 
Opening file ../4/quantum-espresso-au112-scale-4-log56560.apl (250 out of 256, Estimated time left = 00:00:00) 
Opening file ../4/quantum-espresso-au112-scale-4-log56561.apl (251 out of 256, Estimated time left = 00:00:00) 
Opening file ../4/quantum-espresso-au112-scale-4-log56562.apl (252 out of 256, Estimated time left = 00:00:00) 
Opening file ../4/quantum-espresso-au112-scale-4-log56563.apl (253 out of 256, Estimated time left = 00:00:00) 
Opening file ../4/quantum-espresso-au112-scale-4-log56564.apl (254 out of 256, Estimated time left = 00:00:00) 
Opening file ../4/quantum-espresso-au112-scale-4-log56565.apl (255 out of 256, Estimated time left = 00:00:00) 
Opening file ../4/quantum-espresso-au112-scale-4-log56566.apl (256 out of 256, Estimated time left = 00:00:00) 
BLAS level 1     : count   44551355    total time      44.5638  user count   32361580  user time      36.7573
BLAS level 2     : count   11270777    total time     680.2385  user count   11012568  user time     657.8114
BLAS level 3     : count    5648701    total time   12079.0985  user count    5635389  user time   12077.1178
LAPACK           : count   42234867    total time     141.5517  user count   39834987  user time     136.8646
FFT              : count  477207872    total time    2415.7879  user count  477207872  user time    2415.7879
MATH             : count          0    total time       0.0000  user count          0  user time       0.0000
 
Double precision : count   64956668    total time     280.4107  user count   61739297  user time     271.7726
Single precision : count          0    total time       0.0000  user count          0  user time       0.0000
Double complex   : count  515947975    total time   15080.8228  user count  504312139  user time   15052.5652
Single complex   : count          0    total time       0.0000  user count          0  user time       0.0000
 
FFT cases:
----------
 FFTW calls:
 ...of which the breakdown by 'howmany' cases shows:
 Other calls:
                 zfft1mx_ len= [288]   plan-cnt=      23674   plan-Time=     1.470272 exec-cnt=          0   exec-Time=     0.000000
 
BLAS cases:
----------
BLAS level 1:
  zcopy_     cnt=    6439457  totTime=      10.8130   called_tot=    6439457  topTime=      10.8130    (%age of runtime:  0.007 )
  dcopy_     cnt=   17426381  totTime=       9.1616   called_tot=   17426381  topTime=       9.1616    (%age of runtime:  0.006 )
  dnrm2_     cnt=    3216670  totTime=       8.7981   called_tot=    3129556  topTime=       8.7212    (%age of runtime:  0.006 )
  zscal_     cnt=   12501730  totTime=       8.4694   called_tot=    1117659  topTime=       1.4696    (%age of runtime:  0.001 )
   ddot_     cnt=    2292736  totTime=       3.0768   called_tot=    2292736  topTime=       3.0768    (%age of runtime:  0.002 )
  zaxpy_     cnt=    1054634  totTime=       2.3229   called_tot=    1054634  topTime=       2.3229    (%age of runtime:  0.002 )
  zdotc_     cnt=     610565  totTime=       0.7621   called_tot=     610565  topTime=       0.7621    (%age of runtime:  0.000 )
 idamax_     cnt=     209930  totTime=       0.4040   called_tot=     116160  topTime=       0.1566    (%age of runtime:  0.000 )
  dscal_     cnt=     201384  totTime=       0.3536   called_tot=      86878  topTime=       0.1444    (%age of runtime:  0.000 )
  dswap_     cnt=     502678  totTime=       0.2643   called_tot=          0  topTime=       0.0000    (%age of runtime:  0.000 )
 zdscal_     cnt=      86586  totTime=       0.0865   called_tot=      86586  topTime=       0.0865    (%age of runtime:  0.000 )
   drot_     cnt=        968  totTime=       0.0425   called_tot=        968  topTime=       0.0425    (%age of runtime:  0.000 )
 dznrm2_     cnt=       7636  totTime=       0.0089   called_tot=          0  topTime=       0.0000    (%age of runtime:  0.000 )
BLAS level 2:
  zgemv_     cnt=    9512196  totTime=     504.7878   called_tot=    9268067  topTime=     483.5410    (%age of runtime:  0.315 )
  zgerc_     cnt=     961103  totTime=     119.6813   called_tot=     961103  topTime=     119.6813    (%age of runtime:  0.078 )
  zhemv_     cnt=     610533  totTime=      49.6503   called_tot=     610533  topTime=      49.6503    (%age of runtime:  0.032 )
  ztrmv_     cnt=     165229  totTime=       4.5682   called_tot=     165229  topTime=       4.5682    (%age of runtime:  0.003 )
  dgemv_     cnt=       6656  totTime=       0.7241   called_tot=          0  topTime=       0.0000    (%age of runtime:  0.000 )
  dtrmv_     cnt=       7168  totTime=       0.3862   called_tot=          0  topTime=       0.0000    (%age of runtime:  0.000 )
  zher2_     cnt=       7636  totTime=       0.3705   called_tot=       7636  topTime=       0.3705    (%age of runtime:  0.000 )
   dsyr_     cnt=        256  totTime=       0.0700   called_tot=          0  topTime=       0.0000    (%age of runtime:  0.000 )
BLAS level 3:
  zgemm_     cnt=    5205753  totTime=   11912.2019   called_tot=    5205753  topTime=   11912.2019    (%age of runtime:  7.751 )
  dgemm_     cnt=     407676  totTime=     119.2127   called_tot=     401020  topTime=     117.9785    (%age of runtime:  0.077 )
  ztrmm_     cnt=       5280  totTime=      16.8597   called_tot=       5280  topTime=      16.8597    (%age of runtime:  0.011 )
 zher2k_     cnt=       2978  totTime=      13.0997   called_tot=       2978  topTime=      13.0997    (%age of runtime:  0.009 )
  ztrsm_     cnt=      17380  totTime=      10.4567   called_tot=      17380  topTime=      10.4567    (%age of runtime:  0.007 )
  zherk_     cnt=       2978  totTime=       6.5214   called_tot=       2978  topTime=       6.5214    (%age of runtime:  0.004 )
  dtrsm_     cnt=       6656  totTime=       0.7464   called_tot=          0  topTime=       0.0000    (%age of runtime:  0.000 )
Percentage in BLAS: 8.309840630125732
 
LAPACK cases:
----------
 dlaed4_     cnt=    3373008  totTime=      96.7245 called_tot=    3373008  topTime=      96.7245    (%age of runtime:  0.063 )
 dsteqr_     cnt=        528  totTime=      13.0019 called_tot=        528  topTime=      13.0019    (%age of runtime:  0.008 )
 dlapy2_     cnt=   34133845  totTime=      10.9248 called_tot=   33958892  topTime=      10.8606    (%age of runtime:  0.007 )
 dgetrf_     cnt=        512  totTime=       4.9599 called_tot=        512  topTime=       4.9599    (%age of runtime:  0.003 )
 dgetri_     cnt=        512  totTime=       2.7578 called_tot=        512  topTime=       2.7578    (%age of runtime:  0.002 )
 zlaset_     cnt=     488611  totTime=       2.5045 called_tot=     488611  topTime=       2.5045    (%age of runtime:  0.002 )
 dlaed6_     cnt=    1312236  totTime=       2.0383 called_tot=          0  topTime=       0.0000    (%age of runtime:  0.000 )
 dsytrf_     cnt=        256  totTime=       1.6999 called_tot=        256  topTime=       1.6999    (%age of runtime:  0.001 )
 zladiv_     cnt=     881366  totTime=       1.4590 called_tot=     873730  topTime=       1.4478    (%age of runtime:  0.001 )
 dlapy3_     cnt=     881366  totTime=       1.3291 called_tot=     873730  topTime=       1.3252    (%age of runtime:  0.001 )
 dtrtri_     cnt=        512  totTime=       1.0580 called_tot=          0  topTime=       0.0000    (%age of runtime:  0.000 )
 dladiv_     cnt=     881366  totTime=       0.6437 called_tot=          0  topTime=       0.0000    (%age of runtime:  0.000 )
 dlaset_     cnt=      49824  totTime=       0.5841 called_tot=      49824  topTime=       0.5841    (%age of runtime:  0.000 )
 dtrti2_     cnt=        512  totTime=       0.5695 called_tot=          0  topTime=       0.0000    (%age of runtime:  0.000 )
 dlanst_     cnt=       6336  totTime=       0.2288 called_tot=       5808  topTime=       0.2269    (%age of runtime:  0.000 )
 dsytf2_     cnt=        256  totTime=       0.2045 called_tot=          0  topTime=       0.0000    (%age of runtime:  0.000 )
 dlacpy_     cnt=       5808  totTime=       0.1888 called_tot=       5808  topTime=       0.1888    (%age of runtime:  0.000 )
 zlacgv_     cnt=     173172  totTime=       0.1659 called_tot=     173172  topTime=       0.1659    (%age of runtime:  0.000 )
 zlacpy_     cnt=       5280  totTime=       0.1495 called_tot=       5280  topTime=       0.1495    (%age of runtime:  0.000 )
 dlascl_     cnt=      17424  totTime=       0.1174 called_tot=      17424  topTime=       0.1174    (%age of runtime:  0.000 )
 zlarfg_     cnt=       7636  totTime=       0.1045 called_tot=       7636  topTime=       0.1045    (%age of runtime:  0.000 )
 dlaswp_     cnt=      13312  totTime=       0.0897 called_tot=          0  topTime=       0.0000    (%age of runtime:  0.000 )
 dsytri_     cnt=        256  totTime=       0.0451 called_tot=        256  topTime=       0.0451    (%age of runtime:  0.000 )
 dlaev2_     cnt=        933  totTime=       0.0024 called_tot=          0  topTime=       0.0000    (%age of runtime:  0.000 )
Created /tmp/armpl.blas 
Visualize using ./blas_usage.py -x -l -i /tmp/armpl.blas
