Process full dataset for BLAS, LAPACK and FFT function usage.
Opening file ../2/quantum-espresso-au112-scale-2-log218011.apl (1 out of 128, Estimated time left = 00:00:00) 
Opening file ../2/quantum-espresso-au112-scale-2-log218012.apl (2 out of 128, Estimated time left = 00:00:16) 
Opening file ../2/quantum-espresso-au112-scale-2-log218013.apl (3 out of 128, Estimated time left = 00:00:11) 
Opening file ../2/quantum-espresso-au112-scale-2-log218014.apl (4 out of 128, Estimated time left = 00:00:18) 
Opening file ../2/quantum-espresso-au112-scale-2-log218015.apl (5 out of 128, Estimated time left = 00:00:14) 
Opening file ../2/quantum-espresso-au112-scale-2-log218016.apl (6 out of 128, Estimated time left = 00:00:21) 
Opening file ../2/quantum-espresso-au112-scale-2-log218017.apl (7 out of 128, Estimated time left = 00:00:18) 
Opening file ../2/quantum-espresso-au112-scale-2-log218018.apl (8 out of 128, Estimated time left = 00:00:22) 
Opening file ../2/quantum-espresso-au112-scale-2-log218019.apl (9 out of 128, Estimated time left = 00:00:19) 
Opening file ../2/quantum-espresso-au112-scale-2-log218020.apl (10 out of 128, Estimated time left = 00:00:25) 
Opening file ../2/quantum-espresso-au112-scale-2-log218021.apl (11 out of 128, Estimated time left = 00:00:23) 
Opening file ../2/quantum-espresso-au112-scale-2-log218022.apl (12 out of 128, Estimated time left = 00:00:23) 
Opening file ../2/quantum-espresso-au112-scale-2-log218023.apl (13 out of 128, Estimated time left = 00:00:21) 
Opening file ../2/quantum-espresso-au112-scale-2-log218024.apl (14 out of 128, Estimated time left = 00:00:21) 
Opening file ../2/quantum-espresso-au112-scale-2-log218025.apl (15 out of 128, Estimated time left = 00:00:19) 
Opening file ../2/quantum-espresso-au112-scale-2-log218026.apl (16 out of 128, Estimated time left = 00:00:19) 
Opening file ../2/quantum-espresso-au112-scale-2-log218027.apl (17 out of 128, Estimated time left = 00:00:18) 
Opening file ../2/quantum-espresso-au112-scale-2-log218028.apl (18 out of 128, Estimated time left = 00:00:18) 
Opening file ../2/quantum-espresso-au112-scale-2-log218029.apl (19 out of 128, Estimated time left = 00:00:17) 
Opening file ../2/quantum-espresso-au112-scale-2-log218030.apl (20 out of 128, Estimated time left = 00:00:17) 
Opening file ../2/quantum-espresso-au112-scale-2-log218031.apl (21 out of 128, Estimated time left = 00:00:16) 
Opening file ../2/quantum-espresso-au112-scale-2-log218032.apl (22 out of 128, Estimated time left = 00:00:17) 
Opening file ../2/quantum-espresso-au112-scale-2-log218033.apl (23 out of 128, Estimated time left = 00:00:16) 
Opening file ../2/quantum-espresso-au112-scale-2-log218034.apl (24 out of 128, Estimated time left = 00:00:17) 
Opening file ../2/quantum-espresso-au112-scale-2-log218035.apl (25 out of 128, Estimated time left = 00:00:16) 
Opening file ../2/quantum-espresso-au112-scale-2-log218036.apl (26 out of 128, Estimated time left = 00:00:17) 
Opening file ../2/quantum-espresso-au112-scale-2-log218037.apl (27 out of 128, Estimated time left = 00:00:16) 
Opening file ../2/quantum-espresso-au112-scale-2-log218038.apl (28 out of 128, Estimated time left = 00:00:18) 
Opening file ../2/quantum-espresso-au112-scale-2-log218039.apl (29 out of 128, Estimated time left = 00:00:17) 
Opening file ../2/quantum-espresso-au112-scale-2-log218040.apl (30 out of 128, Estimated time left = 00:00:17) 
Opening file ../2/quantum-espresso-au112-scale-2-log218041.apl (31 out of 128, Estimated time left = 00:00:16) 
Opening file ../2/quantum-espresso-au112-scale-2-log218042.apl (32 out of 128, Estimated time left = 00:00:16) 
Opening file ../2/quantum-espresso-au112-scale-2-log218043.apl (33 out of 128, Estimated time left = 00:00:16) 
Opening file ../2/quantum-espresso-au112-scale-2-log218044.apl (34 out of 128, Estimated time left = 00:00:16) 
Opening file ../2/quantum-espresso-au112-scale-2-log218045.apl (35 out of 128, Estimated time left = 00:00:15) 
Opening file ../2/quantum-espresso-au112-scale-2-log218046.apl (36 out of 128, Estimated time left = 00:00:15) 
Opening file ../2/quantum-espresso-au112-scale-2-log218047.apl (37 out of 128, Estimated time left = 00:00:14) 
Opening file ../2/quantum-espresso-au112-scale-2-log218048.apl (38 out of 128, Estimated time left = 00:00:15) 
Opening file ../2/quantum-espresso-au112-scale-2-log218049.apl (39 out of 128, Estimated time left = 00:00:14) 
Opening file ../2/quantum-espresso-au112-scale-2-log218050.apl (40 out of 128, Estimated time left = 00:00:14) 
Opening file ../2/quantum-espresso-au112-scale-2-log218051.apl (41 out of 128, Estimated time left = 00:00:14) 
Opening file ../2/quantum-espresso-au112-scale-2-log218052.apl (42 out of 128, Estimated time left = 00:00:14) 
Opening file ../2/quantum-espresso-au112-scale-2-log218053.apl (43 out of 128, Estimated time left = 00:00:14) 
Opening file ../2/quantum-espresso-au112-scale-2-log218054.apl (44 out of 128, Estimated time left = 00:00:14) 
Opening file ../2/quantum-espresso-au112-scale-2-log218055.apl (45 out of 128, Estimated time left = 00:00:13) 
Opening file ../2/quantum-espresso-au112-scale-2-log218056.apl (46 out of 128, Estimated time left = 00:00:14) 
Opening file ../2/quantum-espresso-au112-scale-2-log218057.apl (47 out of 128, Estimated time left = 00:00:14) 
Opening file ../2/quantum-espresso-au112-scale-2-log218058.apl (48 out of 128, Estimated time left = 00:00:14) 
Opening file ../2/quantum-espresso-au112-scale-2-log218059.apl (49 out of 128, Estimated time left = 00:00:13) 
Opening file ../2/quantum-espresso-au112-scale-2-log218060.apl (50 out of 128, Estimated time left = 00:00:13) 
Opening file ../2/quantum-espresso-au112-scale-2-log218061.apl (51 out of 128, Estimated time left = 00:00:13) 
Opening file ../2/quantum-espresso-au112-scale-2-log218062.apl (52 out of 128, Estimated time left = 00:00:13) 
Opening file ../2/quantum-espresso-au112-scale-2-log218063.apl (53 out of 128, Estimated time left = 00:00:12) 
Opening file ../2/quantum-espresso-au112-scale-2-log218064.apl (54 out of 128, Estimated time left = 00:00:13) 
Opening file ../2/quantum-espresso-au112-scale-2-log218065.apl (55 out of 128, Estimated time left = 00:00:12) 
Opening file ../2/quantum-espresso-au112-scale-2-log218066.apl (56 out of 128, Estimated time left = 00:00:12) 
Opening file ../2/quantum-espresso-au112-scale-2-log218067.apl (57 out of 128, Estimated time left = 00:00:12) 
Opening file ../2/quantum-espresso-au112-scale-2-log218068.apl (58 out of 128, Estimated time left = 00:00:12) 
Opening file ../2/quantum-espresso-au112-scale-2-log218069.apl (59 out of 128, Estimated time left = 00:00:12) 
Opening file ../2/quantum-espresso-au112-scale-2-log218070.apl (60 out of 128, Estimated time left = 00:00:12) 
Opening file ../2/quantum-espresso-au112-scale-2-log218071.apl (61 out of 128, Estimated time left = 00:00:12) 
Opening file ../2/quantum-espresso-au112-scale-2-log218072.apl (62 out of 128, Estimated time left = 00:00:12) 
Opening file ../2/quantum-espresso-au112-scale-2-log218073.apl (63 out of 128, Estimated time left = 00:00:11) 
Opening file ../2/quantum-espresso-au112-scale-2-log218074.apl (64 out of 128, Estimated time left = 00:00:12) 
Opening file ../2/quantum-espresso-au112-scale-2-log98783.apl (65 out of 128, Estimated time left = 00:00:11) 
Opening file ../2/quantum-espresso-au112-scale-2-log98784.apl (66 out of 128, Estimated time left = 00:00:12) 
Opening file ../2/quantum-espresso-au112-scale-2-log98785.apl (67 out of 128, Estimated time left = 00:00:11) 
Opening file ../2/quantum-espresso-au112-scale-2-log98786.apl (68 out of 128, Estimated time left = 00:00:11) 
Opening file ../2/quantum-espresso-au112-scale-2-log98787.apl (69 out of 128, Estimated time left = 00:00:11) 
Opening file ../2/quantum-espresso-au112-scale-2-log98788.apl (70 out of 128, Estimated time left = 00:00:11) 
Opening file ../2/quantum-espresso-au112-scale-2-log98789.apl (71 out of 128, Estimated time left = 00:00:10) 
Opening file ../2/quantum-espresso-au112-scale-2-log98790.apl (72 out of 128, Estimated time left = 00:00:10) 
Opening file ../2/quantum-espresso-au112-scale-2-log98791.apl (73 out of 128, Estimated time left = 00:00:10) 
Opening file ../2/quantum-espresso-au112-scale-2-log98792.apl (74 out of 128, Estimated time left = 00:00:10) 
Opening file ../2/quantum-espresso-au112-scale-2-log98793.apl (75 out of 128, Estimated time left = 00:00:09) 
Opening file ../2/quantum-espresso-au112-scale-2-log98794.apl (76 out of 128, Estimated time left = 00:00:09) 
Opening file ../2/quantum-espresso-au112-scale-2-log98795.apl (77 out of 128, Estimated time left = 00:00:09) 
Opening file ../2/quantum-espresso-au112-scale-2-log98796.apl (78 out of 128, Estimated time left = 00:00:09) 
Opening file ../2/quantum-espresso-au112-scale-2-log98797.apl (79 out of 128, Estimated time left = 00:00:09) 
Opening file ../2/quantum-espresso-au112-scale-2-log98798.apl (80 out of 128, Estimated time left = 00:00:08) 
Opening file ../2/quantum-espresso-au112-scale-2-log98799.apl (81 out of 128, Estimated time left = 00:00:08) 
Opening file ../2/quantum-espresso-au112-scale-2-log98800.apl (82 out of 128, Estimated time left = 00:00:08) 
Opening file ../2/quantum-espresso-au112-scale-2-log98801.apl (83 out of 128, Estimated time left = 00:00:08) 
Opening file ../2/quantum-espresso-au112-scale-2-log98802.apl (84 out of 128, Estimated time left = 00:00:08) 
Opening file ../2/quantum-espresso-au112-scale-2-log98803.apl (85 out of 128, Estimated time left = 00:00:08) 
Opening file ../2/quantum-espresso-au112-scale-2-log98804.apl (86 out of 128, Estimated time left = 00:00:07) 
Opening file ../2/quantum-espresso-au112-scale-2-log98805.apl (87 out of 128, Estimated time left = 00:00:07) 
Opening file ../2/quantum-espresso-au112-scale-2-log98806.apl (88 out of 128, Estimated time left = 00:00:07) 
Opening file ../2/quantum-espresso-au112-scale-2-log98807.apl (89 out of 128, Estimated time left = 00:00:07) 
Opening file ../2/quantum-espresso-au112-scale-2-log98808.apl (90 out of 128, Estimated time left = 00:00:06) 
Opening file ../2/quantum-espresso-au112-scale-2-log98809.apl (91 out of 128, Estimated time left = 00:00:06) 
Opening file ../2/quantum-espresso-au112-scale-2-log98810.apl (92 out of 128, Estimated time left = 00:00:06) 
Opening file ../2/quantum-espresso-au112-scale-2-log98811.apl (93 out of 128, Estimated time left = 00:00:06) 
Opening file ../2/quantum-espresso-au112-scale-2-log98812.apl (94 out of 128, Estimated time left = 00:00:06) 
Opening file ../2/quantum-espresso-au112-scale-2-log98813.apl (95 out of 128, Estimated time left = 00:00:05) 
Opening file ../2/quantum-espresso-au112-scale-2-log98814.apl (96 out of 128, Estimated time left = 00:00:05) 
Opening file ../2/quantum-espresso-au112-scale-2-log98815.apl (97 out of 128, Estimated time left = 00:00:05) 
Opening file ../2/quantum-espresso-au112-scale-2-log98816.apl (98 out of 128, Estimated time left = 00:00:05) 
Opening file ../2/quantum-espresso-au112-scale-2-log98817.apl (99 out of 128, Estimated time left = 00:00:05) 
Opening file ../2/quantum-espresso-au112-scale-2-log98818.apl (100 out of 128, Estimated time left = 00:00:05) 
Opening file ../2/quantum-espresso-au112-scale-2-log98819.apl (101 out of 128, Estimated time left = 00:00:04) 
Opening file ../2/quantum-espresso-au112-scale-2-log98820.apl (102 out of 128, Estimated time left = 00:00:04) 
Opening file ../2/quantum-espresso-au112-scale-2-log98821.apl (103 out of 128, Estimated time left = 00:00:04) 
Opening file ../2/quantum-espresso-au112-scale-2-log98822.apl (104 out of 128, Estimated time left = 00:00:04) 
Opening file ../2/quantum-espresso-au112-scale-2-log98823.apl (105 out of 128, Estimated time left = 00:00:04) 
Opening file ../2/quantum-espresso-au112-scale-2-log98824.apl (106 out of 128, Estimated time left = 00:00:04) 
Opening file ../2/quantum-espresso-au112-scale-2-log98825.apl (107 out of 128, Estimated time left = 00:00:03) 
Opening file ../2/quantum-espresso-au112-scale-2-log98826.apl (108 out of 128, Estimated time left = 00:00:03) 
Opening file ../2/quantum-espresso-au112-scale-2-log98827.apl (109 out of 128, Estimated time left = 00:00:03) 
Opening file ../2/quantum-espresso-au112-scale-2-log98828.apl (110 out of 128, Estimated time left = 00:00:03) 
Opening file ../2/quantum-espresso-au112-scale-2-log98829.apl (111 out of 128, Estimated time left = 00:00:03) 
Opening file ../2/quantum-espresso-au112-scale-2-log98830.apl (112 out of 128, Estimated time left = 00:00:02) 
Opening file ../2/quantum-espresso-au112-scale-2-log98831.apl (113 out of 128, Estimated time left = 00:00:02) 
Opening file ../2/quantum-espresso-au112-scale-2-log98832.apl (114 out of 128, Estimated time left = 00:00:02) 
Opening file ../2/quantum-espresso-au112-scale-2-log98833.apl (115 out of 128, Estimated time left = 00:00:02) 
Opening file ../2/quantum-espresso-au112-scale-2-log98834.apl (116 out of 128, Estimated time left = 00:00:02) 
Opening file ../2/quantum-espresso-au112-scale-2-log98835.apl (117 out of 128, Estimated time left = 00:00:02) 
Opening file ../2/quantum-espresso-au112-scale-2-log98836.apl (118 out of 128, Estimated time left = 00:00:01) 
Opening file ../2/quantum-espresso-au112-scale-2-log98837.apl (119 out of 128, Estimated time left = 00:00:01) 
Opening file ../2/quantum-espresso-au112-scale-2-log98838.apl (120 out of 128, Estimated time left = 00:00:01) 
Opening file ../2/quantum-espresso-au112-scale-2-log98839.apl (121 out of 128, Estimated time left = 00:00:01) 
Opening file ../2/quantum-espresso-au112-scale-2-log98840.apl (122 out of 128, Estimated time left = 00:00:01) 
Opening file ../2/quantum-espresso-au112-scale-2-log98841.apl (123 out of 128, Estimated time left = 00:00:01) 
Opening file ../2/quantum-espresso-au112-scale-2-log98842.apl (124 out of 128, Estimated time left = 00:00:00) 
Opening file ../2/quantum-espresso-au112-scale-2-log98843.apl (125 out of 128, Estimated time left = 00:00:00) 
Opening file ../2/quantum-espresso-au112-scale-2-log98844.apl (126 out of 128, Estimated time left = 00:00:00) 
Opening file ../2/quantum-espresso-au112-scale-2-log98845.apl (127 out of 128, Estimated time left = 00:00:00) 
Opening file ../2/quantum-espresso-au112-scale-2-log98846.apl (128 out of 128, Estimated time left = 00:00:00) 
BLAS level 1     : count   35620968    total time      38.0758  user count   25789828  user time      31.1430
BLAS level 2     : count    9022053    total time     935.2940  user count    8841873  user time     911.4861
BLAS level 3     : count    2698123    total time   11652.8310  user count    2691467  user time   11651.8058
LAPACK           : count   22673936    total time     116.6077  user count   20839806  user time     113.5378
FFT              : count  472547136    total time    2403.9226  user count  472547136  user time    2403.9226
MATH             : count          0    total time       0.0000  user count          0  user time       0.0000
 
Double precision : count   41691744    total time     244.8687  user count   38783097  user time     239.4390
Single precision : count          0    total time       0.0000  user count          0  user time       0.0000
Double complex   : count  500869690    total time   14901.8605  user count  491926257  user time   14872.4552
Single complex   : count          0    total time       0.0000  user count          0  user time       0.0000
 
FFT cases:
----------
 FFTW calls:
 ...of which the breakdown by 'howmany' cases shows:
 Other calls:
                 zfft1mx_ len= [288]   plan-cnt=      23674   plan-Time=     0.822045 exec-cnt=          0   exec-Time=     0.000000
 
BLAS cases:
----------
BLAS level 1:
  dcopy_     cnt=   15658909  totTime=       8.6912   called_tot=   15658909  topTime=       8.6912    (%age of runtime:  0.006 )
  zcopy_     cnt=    4306027  totTime=       8.0969   called_tot=    4306027  topTime=       8.0969    (%age of runtime:  0.006 )
  zscal_     cnt=    9714123  totTime=       7.5627   called_tot=     955892  topTime=       1.4494    (%age of runtime:  0.001 )
  dnrm2_     cnt=    2201934  totTime=       6.5615   called_tot=    2103872  topTime=       6.4629    (%age of runtime:  0.005 )
   ddot_     cnt=    1146368  totTime=       2.9878   called_tot=    1146368  topTime=       2.9878    (%age of runtime:  0.002 )
  zaxpy_     cnt=     894998  totTime=       2.2839   called_tot=     894998  topTime=       2.2839    (%age of runtime:  0.002 )
  zdotc_     cnt=     539476  totTime=       0.8714   called_tot=     539476  topTime=       0.8714    (%age of runtime:  0.001 )
  dswap_     cnt=     749637  totTime=       0.4228   called_tot=          0  topTime=       0.0000    (%age of runtime:  0.000 )
 idamax_     cnt=     149774  totTime=       0.2323   called_tot=      48384  topTime=       0.0748    (%age of runtime:  0.000 )
  dscal_     cnt=     148494  totTime=       0.1916   called_tot=      36736  topTime=       0.0674    (%age of runtime:  0.000 )
 zdscal_     cnt=      97630  totTime=       0.1160   called_tot=      97630  topTime=       0.1160    (%age of runtime:  0.000 )
   drot_     cnt=       1536  totTime=       0.0413   called_tot=       1536  topTime=       0.0413    (%age of runtime:  0.000 )
 dznrm2_     cnt=      12062  totTime=       0.0165   called_tot=          0  topTime=       0.0000    (%age of runtime:  0.000 )
BLAS level 2:
  zgemv_     cnt=    7442224  totTime=     650.7767   called_tot=    7269084  topTime=     627.5027    (%age of runtime:  0.451 )
  zgerc_     cnt=     785792  totTime=     197.9864   called_tot=     785792  topTime=     197.9864    (%age of runtime:  0.142 )
  zhemv_     cnt=     591953  totTime=      76.1146   called_tot=     591953  topTime=      76.1146    (%age of runtime:  0.055 )
  ztrmv_     cnt=     182982  totTime=       8.8064   called_tot=     182982  topTime=       8.8064    (%age of runtime:  0.006 )
  zher2_     cnt=      12062  totTime=       1.0761   called_tot=      12062  topTime=       1.0761    (%age of runtime:  0.001 )
  dgemv_     cnt=       3328  totTime=       0.3324   called_tot=          0  topTime=       0.0000    (%age of runtime:  0.000 )
  dtrmv_     cnt=       3584  totTime=       0.1675   called_tot=          0  topTime=       0.0000    (%age of runtime:  0.000 )
   dsyr_     cnt=        128  totTime=       0.0339   called_tot=          0  topTime=       0.0000    (%age of runtime:  0.000 )
BLAS level 3:
  zgemm_     cnt=    2455781  totTime=   11477.1424   called_tot=    2455781  topTime=   11477.1424    (%age of runtime:  8.255 )
  dgemm_     cnt=     219080  totTime=     112.3586   called_tot=     215752  topTime=     111.7190    (%age of runtime:  0.080 )
  ztrmm_     cnt=       3024  totTime=      23.7015   called_tot=       3024  topTime=      23.7015    (%age of runtime:  0.017 )
 zher2k_     cnt=       1931  totTime=      16.8948   called_tot=       1931  topTime=      16.8948    (%age of runtime:  0.012 )
  ztrsm_     cnt=      13048  totTime=      13.9652   called_tot=      13048  topTime=      13.9652    (%age of runtime:  0.010 )
  zherk_     cnt=       1931  totTime=       8.3828   called_tot=       1931  topTime=       8.3828    (%age of runtime:  0.006 )
  dtrsm_     cnt=       3328  totTime=       0.3856   called_tot=          0  topTime=       0.0000    (%age of runtime:  0.000 )
Percentage in BLAS: 9.058991562617864
 
LAPACK cases:
----------
 dlaed4_     cnt=    2324520  totTime=      72.6103 called_tot=    2324520  topTime=      72.6103    (%age of runtime:  0.052 )
 dsteqr_     cnt=        432  totTime=      24.3228 called_tot=        432  topTime=      24.3228    (%age of runtime:  0.017 )
 dlapy2_     cnt=   16706671  totTime=       5.3658 called_tot=   16513216  topTime=       5.2942    (%age of runtime:  0.004 )
 dgetrf_     cnt=        256  totTime=       2.4862 called_tot=        256  topTime=       2.4862    (%age of runtime:  0.002 )
 zlaset_     cnt=     369596  totTime=       2.1753 called_tot=     369596  topTime=       2.1753    (%age of runtime:  0.002 )
 dlaed6_     cnt=     908289  totTime=       1.4326 called_tot=          0  topTime=       0.0000    (%age of runtime:  0.000 )
 zladiv_     cnt=     699630  totTime=       1.3498 called_tot=     687568  topTime=       1.3317    (%age of runtime:  0.001 )
 dgetri_     cnt=        256  totTime=       1.3429 called_tot=        256  topTime=       1.3429    (%age of runtime:  0.001 )
 dlapy3_     cnt=     699630  totTime=       1.1585 called_tot=     687568  topTime=       1.1521    (%age of runtime:  0.001 )
 dsytrf_     cnt=        128  totTime=       1.0516 called_tot=        128  topTime=       1.0516    (%age of runtime:  0.001 )
 dlaset_     cnt=      28512  totTime=       0.6386 called_tot=      28512  topTime=       0.6386    (%age of runtime:  0.000 )
 dladiv_     cnt=     699630  totTime=       0.6080 called_tot=          0  topTime=       0.0000    (%age of runtime:  0.000 )
 dtrtri_     cnt=        256  totTime=       0.4923 called_tot=          0  topTime=       0.0000    (%age of runtime:  0.000 )
 dtrti2_     cnt=        256  totTime=       0.2607 called_tot=          0  topTime=       0.0000    (%age of runtime:  0.000 )
 zlacgv_     cnt=     195260  totTime=       0.2544 called_tot=     195260  topTime=       0.2544    (%age of runtime:  0.000 )
 dlacpy_     cnt=       3456  totTime=       0.2468 called_tot=       3456  topTime=       0.2468    (%age of runtime:  0.000 )
 zlarfg_     cnt=      12062  totTime=       0.2115 called_tot=      12062  topTime=       0.2115    (%age of runtime:  0.000 )
 zlacpy_     cnt=       3024  totTime=       0.1690 called_tot=       3024  topTime=       0.1690    (%age of runtime:  0.000 )
 dlanst_     cnt=       3888  totTime=       0.1444 called_tot=       3456  topTime=       0.1425    (%age of runtime:  0.000 )
 dsytf2_     cnt=        128  totTime=       0.1229 called_tot=          0  topTime=       0.0000    (%age of runtime:  0.000 )
 dlascl_     cnt=      10368  totTime=       0.0786 called_tot=      10368  topTime=       0.0786    (%age of runtime:  0.000 )
 dlaswp_     cnt=       6656  totTime=       0.0481 called_tot=          0  topTime=       0.0000    (%age of runtime:  0.000 )
 dsytri_     cnt=        128  totTime=       0.0291 called_tot=        128  topTime=       0.0291    (%age of runtime:  0.000 )
 dlaev2_     cnt=        904  totTime=       0.0074 called_tot=          0  topTime=       0.0000    (%age of runtime:  0.000 )
Created /tmp/armpl.blas 
Visualize using ./blas_usage.py -x -l -i /tmp/armpl.blas
