Process full dataset for BLAS, LAPACK and FFT function usage.
Opening file ../4/nektar++-scale-4-log116950.apl (1 out of 256, Estimated time left = 00:00:00) 
Opening file ../4/nektar++-scale-4-log116951.apl (2 out of 256, Estimated time left = 00:00:00) 
Opening file ../4/nektar++-scale-4-log116952.apl (3 out of 256, Estimated time left = 00:00:00) 
Opening file ../4/nektar++-scale-4-log116953.apl (4 out of 256, Estimated time left = 00:00:00) 
Opening file ../4/nektar++-scale-4-log116954.apl (5 out of 256, Estimated time left = 00:00:00) 
Opening file ../4/nektar++-scale-4-log116955.apl (6 out of 256, Estimated time left = 00:00:00) 
Opening file ../4/nektar++-scale-4-log116956.apl (7 out of 256, Estimated time left = 00:00:00) 
Opening file ../4/nektar++-scale-4-log116957.apl (8 out of 256, Estimated time left = 00:00:00) 
Opening file ../4/nektar++-scale-4-log116958.apl (9 out of 256, Estimated time left = 00:00:00) 
Opening file ../4/nektar++-scale-4-log116959.apl (10 out of 256, Estimated time left = 00:00:00) 
Opening file ../4/nektar++-scale-4-log116960.apl (11 out of 256, Estimated time left = 00:00:00) 
Opening file ../4/nektar++-scale-4-log116961.apl (12 out of 256, Estimated time left = 00:00:00) 
Opening file ../4/nektar++-scale-4-log116962.apl (13 out of 256, Estimated time left = 00:00:00) 
Opening file ../4/nektar++-scale-4-log116963.apl (14 out of 256, Estimated time left = 00:00:00) 
Opening file ../4/nektar++-scale-4-log116964.apl (15 out of 256, Estimated time left = 00:00:00) 
Opening file ../4/nektar++-scale-4-log116965.apl (16 out of 256, Estimated time left = 00:00:00) 
Opening file ../4/nektar++-scale-4-log116966.apl (17 out of 256, Estimated time left = 00:00:00) 
Opening file ../4/nektar++-scale-4-log116967.apl (18 out of 256, Estimated time left = 00:00:00) 
Opening file ../4/nektar++-scale-4-log116968.apl (19 out of 256, Estimated time left = 00:00:00) 
Opening file ../4/nektar++-scale-4-log116969.apl (20 out of 256, Estimated time left = 00:00:00) 
Opening file ../4/nektar++-scale-4-log116970.apl (21 out of 256, Estimated time left = 00:00:00) 
Opening file ../4/nektar++-scale-4-log116971.apl (22 out of 256, Estimated time left = 00:00:00) 
Opening file ../4/nektar++-scale-4-log116972.apl (23 out of 256, Estimated time left = 00:00:00) 
Opening file ../4/nektar++-scale-4-log116973.apl (24 out of 256, Estimated time left = 00:00:00) 
Opening file ../4/nektar++-scale-4-log116974.apl (25 out of 256, Estimated time left = 00:00:00) 
Opening file ../4/nektar++-scale-4-log116975.apl (26 out of 256, Estimated time left = 00:00:00) 
Opening file ../4/nektar++-scale-4-log116976.apl (27 out of 256, Estimated time left = 00:00:00) 
Opening file ../4/nektar++-scale-4-log116977.apl (28 out of 256, Estimated time left = 00:00:00) 
Opening file ../4/nektar++-scale-4-log116978.apl (29 out of 256, Estimated time left = 00:00:00) 
Opening file ../4/nektar++-scale-4-log116979.apl (30 out of 256, Estimated time left = 00:00:00) 
Opening file ../4/nektar++-scale-4-log116980.apl (31 out of 256, Estimated time left = 00:00:00) 
Opening file ../4/nektar++-scale-4-log116981.apl (32 out of 256, Estimated time left = 00:00:00) 
Opening file ../4/nektar++-scale-4-log116982.apl (33 out of 256, Estimated time left = 00:00:00) 
Opening file ../4/nektar++-scale-4-log116983.apl (34 out of 256, Estimated time left = 00:00:00) 
Opening file ../4/nektar++-scale-4-log116984.apl (35 out of 256, Estimated time left = 00:00:00) 
Opening file ../4/nektar++-scale-4-log116985.apl (36 out of 256, Estimated time left = 00:00:00) 
Opening file ../4/nektar++-scale-4-log116986.apl (37 out of 256, Estimated time left = 00:00:00) 
Opening file ../4/nektar++-scale-4-log116987.apl (38 out of 256, Estimated time left = 00:00:00) 
Opening file ../4/nektar++-scale-4-log116988.apl (39 out of 256, Estimated time left = 00:00:00) 
Opening file ../4/nektar++-scale-4-log116989.apl (40 out of 256, Estimated time left = 00:00:00) 
Opening file ../4/nektar++-scale-4-log116990.apl (41 out of 256, Estimated time left = 00:00:00) 
Opening file ../4/nektar++-scale-4-log116991.apl (42 out of 256, Estimated time left = 00:00:00) 
Opening file ../4/nektar++-scale-4-log116992.apl (43 out of 256, Estimated time left = 00:00:00) 
Opening file ../4/nektar++-scale-4-log116993.apl (44 out of 256, Estimated time left = 00:00:00) 
Opening file ../4/nektar++-scale-4-log116994.apl (45 out of 256, Estimated time left = 00:00:00) 
Opening file ../4/nektar++-scale-4-log116995.apl (46 out of 256, Estimated time left = 00:00:00) 
Opening file ../4/nektar++-scale-4-log116996.apl (47 out of 256, Estimated time left = 00:00:00) 
Opening file ../4/nektar++-scale-4-log116997.apl (48 out of 256, Estimated time left = 00:00:00) 
Opening file ../4/nektar++-scale-4-log116998.apl (49 out of 256, Estimated time left = 00:00:00) 
Opening file ../4/nektar++-scale-4-log116999.apl (50 out of 256, Estimated time left = 00:00:00) 
Opening file ../4/nektar++-scale-4-log117000.apl (51 out of 256, Estimated time left = 00:00:00) 
Opening file ../4/nektar++-scale-4-log117001.apl (52 out of 256, Estimated time left = 00:00:00) 
Opening file ../4/nektar++-scale-4-log117002.apl (53 out of 256, Estimated time left = 00:00:00) 
Opening file ../4/nektar++-scale-4-log117003.apl (54 out of 256, Estimated time left = 00:00:00) 
Opening file ../4/nektar++-scale-4-log117004.apl (55 out of 256, Estimated time left = 00:00:00) 
Opening file ../4/nektar++-scale-4-log117005.apl (56 out of 256, Estimated time left = 00:00:00) 
Opening file ../4/nektar++-scale-4-log117006.apl (57 out of 256, Estimated time left = 00:00:00) 
Opening file ../4/nektar++-scale-4-log117007.apl (58 out of 256, Estimated time left = 00:00:00) 
Opening file ../4/nektar++-scale-4-log117008.apl (59 out of 256, Estimated time left = 00:00:00) 
Opening file ../4/nektar++-scale-4-log117009.apl (60 out of 256, Estimated time left = 00:00:00) 
Opening file ../4/nektar++-scale-4-log117010.apl (61 out of 256, Estimated time left = 00:00:00) 
Opening file ../4/nektar++-scale-4-log117011.apl (62 out of 256, Estimated time left = 00:00:00) 
Opening file ../4/nektar++-scale-4-log117012.apl (63 out of 256, Estimated time left = 00:00:00) 
Opening file ../4/nektar++-scale-4-log117013.apl (64 out of 256, Estimated time left = 00:00:00) 
Opening file ../4/nektar++-scale-4-log196176.apl (65 out of 256, Estimated time left = 00:00:00) 
Opening file ../4/nektar++-scale-4-log196177.apl (66 out of 256, Estimated time left = 00:00:00) 
Opening file ../4/nektar++-scale-4-log196178.apl (67 out of 256, Estimated time left = 00:00:00) 
Opening file ../4/nektar++-scale-4-log196179.apl (68 out of 256, Estimated time left = 00:00:00) 
Opening file ../4/nektar++-scale-4-log196180.apl (69 out of 256, Estimated time left = 00:00:00) 
Opening file ../4/nektar++-scale-4-log196181.apl (70 out of 256, Estimated time left = 00:00:00) 
Opening file ../4/nektar++-scale-4-log196182.apl (71 out of 256, Estimated time left = 00:00:00) 
Opening file ../4/nektar++-scale-4-log196183.apl (72 out of 256, Estimated time left = 00:00:00) 
Opening file ../4/nektar++-scale-4-log196184.apl (73 out of 256, Estimated time left = 00:00:00) 
Opening file ../4/nektar++-scale-4-log196185.apl (74 out of 256, Estimated time left = 00:00:00) 
Opening file ../4/nektar++-scale-4-log196186.apl (75 out of 256, Estimated time left = 00:00:00) 
Opening file ../4/nektar++-scale-4-log196187.apl (76 out of 256, Estimated time left = 00:00:00) 
Opening file ../4/nektar++-scale-4-log196188.apl (77 out of 256, Estimated time left = 00:00:00) 
Opening file ../4/nektar++-scale-4-log196189.apl (78 out of 256, Estimated time left = 00:00:00) 
Opening file ../4/nektar++-scale-4-log196190.apl (79 out of 256, Estimated time left = 00:00:00) 
Opening file ../4/nektar++-scale-4-log196191.apl (80 out of 256, Estimated time left = 00:00:00) 
Opening file ../4/nektar++-scale-4-log196192.apl (81 out of 256, Estimated time left = 00:00:00) 
Opening file ../4/nektar++-scale-4-log196193.apl (82 out of 256, Estimated time left = 00:00:00) 
Opening file ../4/nektar++-scale-4-log196194.apl (83 out of 256, Estimated time left = 00:00:00) 
Opening file ../4/nektar++-scale-4-log196195.apl (84 out of 256, Estimated time left = 00:00:00) 
Opening file ../4/nektar++-scale-4-log196196.apl (85 out of 256, Estimated time left = 00:00:00) 
Opening file ../4/nektar++-scale-4-log196197.apl (86 out of 256, Estimated time left = 00:00:00) 
Opening file ../4/nektar++-scale-4-log196198.apl (87 out of 256, Estimated time left = 00:00:00) 
Opening file ../4/nektar++-scale-4-log196199.apl (88 out of 256, Estimated time left = 00:00:00) 
Opening file ../4/nektar++-scale-4-log196200.apl (89 out of 256, Estimated time left = 00:00:00) 
Opening file ../4/nektar++-scale-4-log196201.apl (90 out of 256, Estimated time left = 00:00:00) 
Opening file ../4/nektar++-scale-4-log196202.apl (91 out of 256, Estimated time left = 00:00:00) 
Opening file ../4/nektar++-scale-4-log196203.apl (92 out of 256, Estimated time left = 00:00:00) 
Opening file ../4/nektar++-scale-4-log196204.apl (93 out of 256, Estimated time left = 00:00:00) 
Opening file ../4/nektar++-scale-4-log196205.apl (94 out of 256, Estimated time left = 00:00:00) 
Opening file ../4/nektar++-scale-4-log196206.apl (95 out of 256, Estimated time left = 00:00:00) 
Opening file ../4/nektar++-scale-4-log196207.apl (96 out of 256, Estimated time left = 00:00:00) 
Opening file ../4/nektar++-scale-4-log196208.apl (97 out of 256, Estimated time left = 00:00:00) 
Opening file ../4/nektar++-scale-4-log196209.apl (98 out of 256, Estimated time left = 00:00:00) 
Opening file ../4/nektar++-scale-4-log196210.apl (99 out of 256, Estimated time left = 00:00:00) 
Opening file ../4/nektar++-scale-4-log196211.apl (100 out of 256, Estimated time left = 00:00:00) 
Opening file ../4/nektar++-scale-4-log196212.apl (101 out of 256, Estimated time left = 00:00:00) 
Opening file ../4/nektar++-scale-4-log196213.apl (102 out of 256, Estimated time left = 00:00:00) 
Opening file ../4/nektar++-scale-4-log196214.apl (103 out of 256, Estimated time left = 00:00:00) 
Opening file ../4/nektar++-scale-4-log196215.apl (104 out of 256, Estimated time left = 00:00:00) 
Opening file ../4/nektar++-scale-4-log196216.apl (105 out of 256, Estimated time left = 00:00:00) 
Opening file ../4/nektar++-scale-4-log196217.apl (106 out of 256, Estimated time left = 00:00:00) 
Opening file ../4/nektar++-scale-4-log196218.apl (107 out of 256, Estimated time left = 00:00:00) 
Opening file ../4/nektar++-scale-4-log196219.apl (108 out of 256, Estimated time left = 00:00:00) 
Opening file ../4/nektar++-scale-4-log196220.apl (109 out of 256, Estimated time left = 00:00:00) 
Opening file ../4/nektar++-scale-4-log196221.apl (110 out of 256, Estimated time left = 00:00:00) 
Opening file ../4/nektar++-scale-4-log196222.apl (111 out of 256, Estimated time left = 00:00:00) 
Opening file ../4/nektar++-scale-4-log196223.apl (112 out of 256, Estimated time left = 00:00:00) 
Opening file ../4/nektar++-scale-4-log196224.apl (113 out of 256, Estimated time left = 00:00:00) 
Opening file ../4/nektar++-scale-4-log196225.apl (114 out of 256, Estimated time left = 00:00:00) 
Opening file ../4/nektar++-scale-4-log196226.apl (115 out of 256, Estimated time left = 00:00:00) 
Opening file ../4/nektar++-scale-4-log196227.apl (116 out of 256, Estimated time left = 00:00:00) 
Opening file ../4/nektar++-scale-4-log196228.apl (117 out of 256, Estimated time left = 00:00:00) 
Opening file ../4/nektar++-scale-4-log196229.apl (118 out of 256, Estimated time left = 00:00:00) 
Opening file ../4/nektar++-scale-4-log196230.apl (119 out of 256, Estimated time left = 00:00:00) 
Opening file ../4/nektar++-scale-4-log196231.apl (120 out of 256, Estimated time left = 00:00:00) 
Opening file ../4/nektar++-scale-4-log196232.apl (121 out of 256, Estimated time left = 00:00:00) 
Opening file ../4/nektar++-scale-4-log196233.apl (122 out of 256, Estimated time left = 00:00:00) 
Opening file ../4/nektar++-scale-4-log196234.apl (123 out of 256, Estimated time left = 00:00:00) 
Opening file ../4/nektar++-scale-4-log196235.apl (124 out of 256, Estimated time left = 00:00:00) 
Opening file ../4/nektar++-scale-4-log196236.apl (125 out of 256, Estimated time left = 00:00:00) 
Opening file ../4/nektar++-scale-4-log196237.apl (126 out of 256, Estimated time left = 00:00:00) 
Opening file ../4/nektar++-scale-4-log196238.apl (127 out of 256, Estimated time left = 00:00:00) 
Opening file ../4/nektar++-scale-4-log196239.apl (128 out of 256, Estimated time left = 00:00:00) 
Opening file ../4/nektar++-scale-4-log34525.apl (129 out of 256, Estimated time left = 00:00:00) 
Opening file ../4/nektar++-scale-4-log34526.apl (130 out of 256, Estimated time left = 00:00:00) 
Opening file ../4/nektar++-scale-4-log34527.apl (131 out of 256, Estimated time left = 00:00:00) 
Opening file ../4/nektar++-scale-4-log34528.apl (132 out of 256, Estimated time left = 00:00:00) 
Opening file ../4/nektar++-scale-4-log34529.apl (133 out of 256, Estimated time left = 00:00:00) 
Opening file ../4/nektar++-scale-4-log34530.apl (134 out of 256, Estimated time left = 00:00:00) 
Opening file ../4/nektar++-scale-4-log34531.apl (135 out of 256, Estimated time left = 00:00:00) 
Opening file ../4/nektar++-scale-4-log34532.apl (136 out of 256, Estimated time left = 00:00:00) 
Opening file ../4/nektar++-scale-4-log34533.apl (137 out of 256, Estimated time left = 00:00:00) 
Opening file ../4/nektar++-scale-4-log34534.apl (138 out of 256, Estimated time left = 00:00:00) 
Opening file ../4/nektar++-scale-4-log34535.apl (139 out of 256, Estimated time left = 00:00:00) 
Opening file ../4/nektar++-scale-4-log34536.apl (140 out of 256, Estimated time left = 00:00:00) 
Opening file ../4/nektar++-scale-4-log34537.apl (141 out of 256, Estimated time left = 00:00:00) 
Opening file ../4/nektar++-scale-4-log34538.apl (142 out of 256, Estimated time left = 00:00:00) 
Opening file ../4/nektar++-scale-4-log34539.apl (143 out of 256, Estimated time left = 00:00:00) 
Opening file ../4/nektar++-scale-4-log34540.apl (144 out of 256, Estimated time left = 00:00:00) 
Opening file ../4/nektar++-scale-4-log34541.apl (145 out of 256, Estimated time left = 00:00:00) 
Opening file ../4/nektar++-scale-4-log34542.apl (146 out of 256, Estimated time left = 00:00:00) 
Opening file ../4/nektar++-scale-4-log34543.apl (147 out of 256, Estimated time left = 00:00:00) 
Opening file ../4/nektar++-scale-4-log34544.apl (148 out of 256, Estimated time left = 00:00:00) 
Opening file ../4/nektar++-scale-4-log34545.apl (149 out of 256, Estimated time left = 00:00:00) 
Opening file ../4/nektar++-scale-4-log34546.apl (150 out of 256, Estimated time left = 00:00:00) 
Opening file ../4/nektar++-scale-4-log34547.apl (151 out of 256, Estimated time left = 00:00:00) 
Opening file ../4/nektar++-scale-4-log34548.apl (152 out of 256, Estimated time left = 00:00:00) 
Opening file ../4/nektar++-scale-4-log34549.apl (153 out of 256, Estimated time left = 00:00:00) 
Opening file ../4/nektar++-scale-4-log34550.apl (154 out of 256, Estimated time left = 00:00:00) 
Opening file ../4/nektar++-scale-4-log34551.apl (155 out of 256, Estimated time left = 00:00:00) 
Opening file ../4/nektar++-scale-4-log34552.apl (156 out of 256, Estimated time left = 00:00:00) 
Opening file ../4/nektar++-scale-4-log34553.apl (157 out of 256, Estimated time left = 00:00:00) 
Opening file ../4/nektar++-scale-4-log34554.apl (158 out of 256, Estimated time left = 00:00:00) 
Opening file ../4/nektar++-scale-4-log34555.apl (159 out of 256, Estimated time left = 00:00:00) 
Opening file ../4/nektar++-scale-4-log34556.apl (160 out of 256, Estimated time left = 00:00:00) 
Opening file ../4/nektar++-scale-4-log34557.apl (161 out of 256, Estimated time left = 00:00:00) 
Opening file ../4/nektar++-scale-4-log34558.apl (162 out of 256, Estimated time left = 00:00:00) 
Opening file ../4/nektar++-scale-4-log34559.apl (163 out of 256, Estimated time left = 00:00:00) 
Opening file ../4/nektar++-scale-4-log34560.apl (164 out of 256, Estimated time left = 00:00:00) 
Opening file ../4/nektar++-scale-4-log34561.apl (165 out of 256, Estimated time left = 00:00:00) 
Opening file ../4/nektar++-scale-4-log34562.apl (166 out of 256, Estimated time left = 00:00:00) 
Opening file ../4/nektar++-scale-4-log34563.apl (167 out of 256, Estimated time left = 00:00:00) 
Opening file ../4/nektar++-scale-4-log34564.apl (168 out of 256, Estimated time left = 00:00:00) 
Opening file ../4/nektar++-scale-4-log34565.apl (169 out of 256, Estimated time left = 00:00:00) 
Opening file ../4/nektar++-scale-4-log34566.apl (170 out of 256, Estimated time left = 00:00:00) 
Opening file ../4/nektar++-scale-4-log34567.apl (171 out of 256, Estimated time left = 00:00:00) 
Opening file ../4/nektar++-scale-4-log34568.apl (172 out of 256, Estimated time left = 00:00:00) 
Opening file ../4/nektar++-scale-4-log34569.apl (173 out of 256, Estimated time left = 00:00:00) 
Opening file ../4/nektar++-scale-4-log34570.apl (174 out of 256, Estimated time left = 00:00:00) 
Opening file ../4/nektar++-scale-4-log34571.apl (175 out of 256, Estimated time left = 00:00:00) 
Opening file ../4/nektar++-scale-4-log34572.apl (176 out of 256, Estimated time left = 00:00:00) 
Opening file ../4/nektar++-scale-4-log34573.apl (177 out of 256, Estimated time left = 00:00:00) 
Opening file ../4/nektar++-scale-4-log34574.apl (178 out of 256, Estimated time left = 00:00:00) 
Opening file ../4/nektar++-scale-4-log34575.apl (179 out of 256, Estimated time left = 00:00:00) 
Opening file ../4/nektar++-scale-4-log34576.apl (180 out of 256, Estimated time left = 00:00:00) 
Opening file ../4/nektar++-scale-4-log34577.apl (181 out of 256, Estimated time left = 00:00:00) 
Opening file ../4/nektar++-scale-4-log34578.apl (182 out of 256, Estimated time left = 00:00:00) 
Opening file ../4/nektar++-scale-4-log34579.apl (183 out of 256, Estimated time left = 00:00:00) 
Opening file ../4/nektar++-scale-4-log34580.apl (184 out of 256, Estimated time left = 00:00:00) 
Opening file ../4/nektar++-scale-4-log34581.apl (185 out of 256, Estimated time left = 00:00:00) 
Opening file ../4/nektar++-scale-4-log34582.apl (186 out of 256, Estimated time left = 00:00:00) 
Opening file ../4/nektar++-scale-4-log34583.apl (187 out of 256, Estimated time left = 00:00:00) 
Opening file ../4/nektar++-scale-4-log34584.apl (188 out of 256, Estimated time left = 00:00:00) 
Opening file ../4/nektar++-scale-4-log34585.apl (189 out of 256, Estimated time left = 00:00:00) 
Opening file ../4/nektar++-scale-4-log34586.apl (190 out of 256, Estimated time left = 00:00:00) 
Opening file ../4/nektar++-scale-4-log34587.apl (191 out of 256, Estimated time left = 00:00:00) 
Opening file ../4/nektar++-scale-4-log34588.apl (192 out of 256, Estimated time left = 00:00:00) 
Opening file ../4/nektar++-scale-4-log61637.apl (193 out of 256, Estimated time left = 00:00:00) 
Opening file ../4/nektar++-scale-4-log61638.apl (194 out of 256, Estimated time left = 00:00:00) 
Opening file ../4/nektar++-scale-4-log61639.apl (195 out of 256, Estimated time left = 00:00:00) 
Opening file ../4/nektar++-scale-4-log61640.apl (196 out of 256, Estimated time left = 00:00:00) 
Opening file ../4/nektar++-scale-4-log61641.apl (197 out of 256, Estimated time left = 00:00:00) 
Opening file ../4/nektar++-scale-4-log61642.apl (198 out of 256, Estimated time left = 00:00:00) 
Opening file ../4/nektar++-scale-4-log61643.apl (199 out of 256, Estimated time left = 00:00:00) 
Opening file ../4/nektar++-scale-4-log61644.apl (200 out of 256, Estimated time left = 00:00:00) 
Opening file ../4/nektar++-scale-4-log61645.apl (201 out of 256, Estimated time left = 00:00:00) 
Opening file ../4/nektar++-scale-4-log61646.apl (202 out of 256, Estimated time left = 00:00:00) 
Opening file ../4/nektar++-scale-4-log61647.apl (203 out of 256, Estimated time left = 00:00:00) 
Opening file ../4/nektar++-scale-4-log61648.apl (204 out of 256, Estimated time left = 00:00:00) 
Opening file ../4/nektar++-scale-4-log61649.apl (205 out of 256, Estimated time left = 00:00:00) 
Opening file ../4/nektar++-scale-4-log61650.apl (206 out of 256, Estimated time left = 00:00:00) 
Opening file ../4/nektar++-scale-4-log61651.apl (207 out of 256, Estimated time left = 00:00:00) 
Opening file ../4/nektar++-scale-4-log61652.apl (208 out of 256, Estimated time left = 00:00:00) 
Opening file ../4/nektar++-scale-4-log61653.apl (209 out of 256, Estimated time left = 00:00:00) 
Opening file ../4/nektar++-scale-4-log61654.apl (210 out of 256, Estimated time left = 00:00:00) 
Opening file ../4/nektar++-scale-4-log61655.apl (211 out of 256, Estimated time left = 00:00:00) 
Opening file ../4/nektar++-scale-4-log61656.apl (212 out of 256, Estimated time left = 00:00:00) 
Opening file ../4/nektar++-scale-4-log61657.apl (213 out of 256, Estimated time left = 00:00:00) 
Opening file ../4/nektar++-scale-4-log61658.apl (214 out of 256, Estimated time left = 00:00:00) 
Opening file ../4/nektar++-scale-4-log61659.apl (215 out of 256, Estimated time left = 00:00:00) 
Opening file ../4/nektar++-scale-4-log61660.apl (216 out of 256, Estimated time left = 00:00:00) 
Opening file ../4/nektar++-scale-4-log61661.apl (217 out of 256, Estimated time left = 00:00:00) 
Opening file ../4/nektar++-scale-4-log61662.apl (218 out of 256, Estimated time left = 00:00:00) 
Opening file ../4/nektar++-scale-4-log61663.apl (219 out of 256, Estimated time left = 00:00:00) 
Opening file ../4/nektar++-scale-4-log61664.apl (220 out of 256, Estimated time left = 00:00:00) 
Opening file ../4/nektar++-scale-4-log61665.apl (221 out of 256, Estimated time left = 00:00:00) 
Opening file ../4/nektar++-scale-4-log61666.apl (222 out of 256, Estimated time left = 00:00:00) 
Opening file ../4/nektar++-scale-4-log61667.apl (223 out of 256, Estimated time left = 00:00:00) 
Opening file ../4/nektar++-scale-4-log61668.apl (224 out of 256, Estimated time left = 00:00:00) 
Opening file ../4/nektar++-scale-4-log61669.apl (225 out of 256, Estimated time left = 00:00:00) 
Opening file ../4/nektar++-scale-4-log61670.apl (226 out of 256, Estimated time left = 00:00:00) 
Opening file ../4/nektar++-scale-4-log61671.apl (227 out of 256, Estimated time left = 00:00:00) 
Opening file ../4/nektar++-scale-4-log61672.apl (228 out of 256, Estimated time left = 00:00:00) 
Opening file ../4/nektar++-scale-4-log61673.apl (229 out of 256, Estimated time left = 00:00:00) 
Opening file ../4/nektar++-scale-4-log61674.apl (230 out of 256, Estimated time left = 00:00:00) 
Opening file ../4/nektar++-scale-4-log61675.apl (231 out of 256, Estimated time left = 00:00:00) 
Opening file ../4/nektar++-scale-4-log61676.apl (232 out of 256, Estimated time left = 00:00:00) 
Opening file ../4/nektar++-scale-4-log61677.apl (233 out of 256, Estimated time left = 00:00:00) 
Opening file ../4/nektar++-scale-4-log61678.apl (234 out of 256, Estimated time left = 00:00:00) 
Opening file ../4/nektar++-scale-4-log61679.apl (235 out of 256, Estimated time left = 00:00:00) 
Opening file ../4/nektar++-scale-4-log61681.apl (236 out of 256, Estimated time left = 00:00:00) 
Opening file ../4/nektar++-scale-4-log61682.apl (237 out of 256, Estimated time left = 00:00:00) 
Opening file ../4/nektar++-scale-4-log61683.apl (238 out of 256, Estimated time left = 00:00:00) 
Opening file ../4/nektar++-scale-4-log61684.apl (239 out of 256, Estimated time left = 00:00:00) 
Opening file ../4/nektar++-scale-4-log61685.apl (240 out of 256, Estimated time left = 00:00:00) 
Opening file ../4/nektar++-scale-4-log61686.apl (241 out of 256, Estimated time left = 00:00:00) 
Opening file ../4/nektar++-scale-4-log61687.apl (242 out of 256, Estimated time left = 00:00:00) 
Opening file ../4/nektar++-scale-4-log61688.apl (243 out of 256, Estimated time left = 00:00:00) 
Opening file ../4/nektar++-scale-4-log61689.apl (244 out of 256, Estimated time left = 00:00:00) 
Opening file ../4/nektar++-scale-4-log61690.apl (245 out of 256, Estimated time left = 00:00:00) 
Opening file ../4/nektar++-scale-4-log61691.apl (246 out of 256, Estimated time left = 00:00:00) 
Opening file ../4/nektar++-scale-4-log61692.apl (247 out of 256, Estimated time left = 00:00:00) 
Opening file ../4/nektar++-scale-4-log61693.apl (248 out of 256, Estimated time left = 00:00:00) 
Opening file ../4/nektar++-scale-4-log61694.apl (249 out of 256, Estimated time left = 00:00:00) 
Opening file ../4/nektar++-scale-4-log61695.apl (250 out of 256, Estimated time left = 00:00:00) 
Opening file ../4/nektar++-scale-4-log61696.apl (251 out of 256, Estimated time left = 00:00:00) 
Opening file ../4/nektar++-scale-4-log61697.apl (252 out of 256, Estimated time left = 00:00:00) 
Opening file ../4/nektar++-scale-4-log61698.apl (253 out of 256, Estimated time left = 00:00:00) 
Opening file ../4/nektar++-scale-4-log61699.apl (254 out of 256, Estimated time left = 00:00:00) 
Opening file ../4/nektar++-scale-4-log61700.apl (255 out of 256, Estimated time left = 00:00:00) 
Opening file ../4/nektar++-scale-4-log61701.apl (256 out of 256, Estimated time left = 00:00:00) 
BLAS level 1     : count 26692039748    total time   17625.0798  user count          0  user time       0.0000
BLAS level 2     : count 26692024147    total time   70272.3996  user count 26692005652  user time   70272.1413
BLAS level 3     : count 95527279470    total time  170549.5614  user count 95527262024  user time  170548.7536
LAPACK           : count      21642    total time       2.5793  user count       2098  user time       1.8884
FFT              : count          0    total time       0.0000  user count          0  user time       0.0000
MATH             : count          0    total time       0.0000  user count          0  user time       0.0000
 
Double precision : count 148911365007    total time  258449.6200  user count 122219269774  user time  240822.7832
Single precision : count          0    total time       0.0000  user count          0  user time       0.0000
Double complex   : count          0    total time       0.0000  user count          0  user time       0.0000
Single complex   : count          0    total time       0.0000  user count          0  user time       0.0000
 
BLAS cases:
----------
BLAS level 1:
  dscal_     cnt= 26692030513  totTime=   17625.0085   called_tot=          0  topTime=       0.0000    (%age of runtime:  0.000 )
 idamax_     cnt=       8723  totTime=       0.0400   called_tot=          0  topTime=       0.0000    (%age of runtime:  0.000 )
  dswap_     cnt=        512  totTime=       0.0312   called_tot=          0  topTime=       0.0000    (%age of runtime:  0.000 )
BLAS level 2:
  dgemv_     cnt= 26692014375  totTime=   70272.1751   called_tot= 26692005652  topTime=   70272.1413    (%age of runtime:  9.412 )
  dtrmv_     cnt=       9772  totTime=       0.2245   called_tot=          0  topTime=       0.0000    (%age of runtime:  0.000 )
BLAS level 3:
  dgemm_     cnt= 95527270747  totTime=  170549.4476   called_tot= 95527262024  topTime=  170548.7536    (%age of runtime: 22.844 )
  dtrsm_     cnt=       8723  totTime=       0.1138   called_tot=          0  topTime=       0.0000    (%age of runtime:  0.000 )
Percentage in BLAS: 32.25599606618553
 
LAPACK cases:
----------
 dgetrf_     cnt=       1049  totTime=       1.2534 called_tot=       1049  topTime=       1.2534    (%age of runtime:  0.000 )
 dgetri_     cnt=       1049  totTime=       0.6350 called_tot=       1049  topTime=       0.6350    (%age of runtime:  0.000 )
 dtrtri_     cnt=       1049  totTime=       0.3739 called_tot=          0  topTime=       0.0000    (%age of runtime:  0.000 )
 dtrti2_     cnt=       1049  totTime=       0.2871 called_tot=          0  topTime=       0.0000    (%age of runtime:  0.000 )
 dlaswp_     cnt=      17446  totTime=       0.0299 called_tot=          0  topTime=       0.0000    (%age of runtime:  0.000 )
Created /tmp/armpl.blas 
Visualize using ./blas_usage.py -x -l -i /tmp/armpl.blas
