Process full dataset for BLAS, LAPACK and FFT function usage.
Opening file ../2/nektar++-scale-2-log204073.apl (1 out of 128, Estimated time left = 00:00:00) 
Opening file ../2/nektar++-scale-2-log204074.apl (2 out of 128, Estimated time left = 00:00:00) 
Opening file ../2/nektar++-scale-2-log204075.apl (3 out of 128, Estimated time left = 00:00:00) 
Opening file ../2/nektar++-scale-2-log204076.apl (4 out of 128, Estimated time left = 00:00:00) 
Opening file ../2/nektar++-scale-2-log204077.apl (5 out of 128, Estimated time left = 00:00:00) 
Opening file ../2/nektar++-scale-2-log204078.apl (6 out of 128, Estimated time left = 00:00:00) 
Opening file ../2/nektar++-scale-2-log204079.apl (7 out of 128, Estimated time left = 00:00:00) 
Opening file ../2/nektar++-scale-2-log204080.apl (8 out of 128, Estimated time left = 00:00:00) 
Opening file ../2/nektar++-scale-2-log204081.apl (9 out of 128, Estimated time left = 00:00:00) 
Opening file ../2/nektar++-scale-2-log204082.apl (10 out of 128, Estimated time left = 00:00:00) 
Opening file ../2/nektar++-scale-2-log204083.apl (11 out of 128, Estimated time left = 00:00:00) 
Opening file ../2/nektar++-scale-2-log204084.apl (12 out of 128, Estimated time left = 00:00:00) 
Opening file ../2/nektar++-scale-2-log204085.apl (13 out of 128, Estimated time left = 00:00:00) 
Opening file ../2/nektar++-scale-2-log204086.apl (14 out of 128, Estimated time left = 00:00:00) 
Opening file ../2/nektar++-scale-2-log204087.apl (15 out of 128, Estimated time left = 00:00:00) 
Opening file ../2/nektar++-scale-2-log204088.apl (16 out of 128, Estimated time left = 00:00:00) 
Opening file ../2/nektar++-scale-2-log204089.apl (17 out of 128, Estimated time left = 00:00:00) 
Opening file ../2/nektar++-scale-2-log204090.apl (18 out of 128, Estimated time left = 00:00:00) 
Opening file ../2/nektar++-scale-2-log204091.apl (19 out of 128, Estimated time left = 00:00:00) 
Opening file ../2/nektar++-scale-2-log204092.apl (20 out of 128, Estimated time left = 00:00:00) 
Opening file ../2/nektar++-scale-2-log204093.apl (21 out of 128, Estimated time left = 00:00:00) 
Opening file ../2/nektar++-scale-2-log204094.apl (22 out of 128, Estimated time left = 00:00:00) 
Opening file ../2/nektar++-scale-2-log204095.apl (23 out of 128, Estimated time left = 00:00:00) 
Opening file ../2/nektar++-scale-2-log204096.apl (24 out of 128, Estimated time left = 00:00:00) 
Opening file ../2/nektar++-scale-2-log204097.apl (25 out of 128, Estimated time left = 00:00:00) 
Opening file ../2/nektar++-scale-2-log204098.apl (26 out of 128, Estimated time left = 00:00:00) 
Opening file ../2/nektar++-scale-2-log204099.apl (27 out of 128, Estimated time left = 00:00:00) 
Opening file ../2/nektar++-scale-2-log204100.apl (28 out of 128, Estimated time left = 00:00:00) 
Opening file ../2/nektar++-scale-2-log204101.apl (29 out of 128, Estimated time left = 00:00:00) 
Opening file ../2/nektar++-scale-2-log204102.apl (30 out of 128, Estimated time left = 00:00:00) 
Opening file ../2/nektar++-scale-2-log204103.apl (31 out of 128, Estimated time left = 00:00:00) 
Opening file ../2/nektar++-scale-2-log204104.apl (32 out of 128, Estimated time left = 00:00:00) 
Opening file ../2/nektar++-scale-2-log204105.apl (33 out of 128, Estimated time left = 00:00:00) 
Opening file ../2/nektar++-scale-2-log204106.apl (34 out of 128, Estimated time left = 00:00:00) 
Opening file ../2/nektar++-scale-2-log204107.apl (35 out of 128, Estimated time left = 00:00:00) 
Opening file ../2/nektar++-scale-2-log204108.apl (36 out of 128, Estimated time left = 00:00:00) 
Opening file ../2/nektar++-scale-2-log204109.apl (37 out of 128, Estimated time left = 00:00:00) 
Opening file ../2/nektar++-scale-2-log204110.apl (38 out of 128, Estimated time left = 00:00:00) 
Opening file ../2/nektar++-scale-2-log204111.apl (39 out of 128, Estimated time left = 00:00:00) 
Opening file ../2/nektar++-scale-2-log204112.apl (40 out of 128, Estimated time left = 00:00:00) 
Opening file ../2/nektar++-scale-2-log204113.apl (41 out of 128, Estimated time left = 00:00:00) 
Opening file ../2/nektar++-scale-2-log204114.apl (42 out of 128, Estimated time left = 00:00:00) 
Opening file ../2/nektar++-scale-2-log204115.apl (43 out of 128, Estimated time left = 00:00:00) 
Opening file ../2/nektar++-scale-2-log204116.apl (44 out of 128, Estimated time left = 00:00:00) 
Opening file ../2/nektar++-scale-2-log204117.apl (45 out of 128, Estimated time left = 00:00:00) 
Opening file ../2/nektar++-scale-2-log204118.apl (46 out of 128, Estimated time left = 00:00:00) 
Opening file ../2/nektar++-scale-2-log204119.apl (47 out of 128, Estimated time left = 00:00:00) 
Opening file ../2/nektar++-scale-2-log204120.apl (48 out of 128, Estimated time left = 00:00:00) 
Opening file ../2/nektar++-scale-2-log204121.apl (49 out of 128, Estimated time left = 00:00:00) 
Opening file ../2/nektar++-scale-2-log204122.apl (50 out of 128, Estimated time left = 00:00:00) 
Opening file ../2/nektar++-scale-2-log204123.apl (51 out of 128, Estimated time left = 00:00:00) 
Opening file ../2/nektar++-scale-2-log204124.apl (52 out of 128, Estimated time left = 00:00:00) 
Opening file ../2/nektar++-scale-2-log204125.apl (53 out of 128, Estimated time left = 00:00:00) 
Opening file ../2/nektar++-scale-2-log204126.apl (54 out of 128, Estimated time left = 00:00:00) 
Opening file ../2/nektar++-scale-2-log204127.apl (55 out of 128, Estimated time left = 00:00:00) 
Opening file ../2/nektar++-scale-2-log204128.apl (56 out of 128, Estimated time left = 00:00:00) 
Opening file ../2/nektar++-scale-2-log204129.apl (57 out of 128, Estimated time left = 00:00:00) 
Opening file ../2/nektar++-scale-2-log204130.apl (58 out of 128, Estimated time left = 00:00:00) 
Opening file ../2/nektar++-scale-2-log204131.apl (59 out of 128, Estimated time left = 00:00:00) 
Opening file ../2/nektar++-scale-2-log204132.apl (60 out of 128, Estimated time left = 00:00:00) 
Opening file ../2/nektar++-scale-2-log204133.apl (61 out of 128, Estimated time left = 00:00:00) 
Opening file ../2/nektar++-scale-2-log204134.apl (62 out of 128, Estimated time left = 00:00:00) 
Opening file ../2/nektar++-scale-2-log204135.apl (63 out of 128, Estimated time left = 00:00:00) 
Opening file ../2/nektar++-scale-2-log204136.apl (64 out of 128, Estimated time left = 00:00:00) 
Opening file ../2/nektar++-scale-2-log259670.apl (65 out of 128, Estimated time left = 00:00:00) 
Opening file ../2/nektar++-scale-2-log259671.apl (66 out of 128, Estimated time left = 00:00:00) 
Opening file ../2/nektar++-scale-2-log259672.apl (67 out of 128, Estimated time left = 00:00:00) 
Opening file ../2/nektar++-scale-2-log259673.apl (68 out of 128, Estimated time left = 00:00:00) 
Opening file ../2/nektar++-scale-2-log259674.apl (69 out of 128, Estimated time left = 00:00:00) 
Opening file ../2/nektar++-scale-2-log259675.apl (70 out of 128, Estimated time left = 00:00:00) 
Opening file ../2/nektar++-scale-2-log259676.apl (71 out of 128, Estimated time left = 00:00:00) 
Opening file ../2/nektar++-scale-2-log259677.apl (72 out of 128, Estimated time left = 00:00:00) 
Opening file ../2/nektar++-scale-2-log259678.apl (73 out of 128, Estimated time left = 00:00:00) 
Opening file ../2/nektar++-scale-2-log259679.apl (74 out of 128, Estimated time left = 00:00:00) 
Opening file ../2/nektar++-scale-2-log259680.apl (75 out of 128, Estimated time left = 00:00:00) 
Opening file ../2/nektar++-scale-2-log259681.apl (76 out of 128, Estimated time left = 00:00:00) 
Opening file ../2/nektar++-scale-2-log259682.apl (77 out of 128, Estimated time left = 00:00:00) 
Opening file ../2/nektar++-scale-2-log259683.apl (78 out of 128, Estimated time left = 00:00:00) 
Opening file ../2/nektar++-scale-2-log259684.apl (79 out of 128, Estimated time left = 00:00:00) 
Opening file ../2/nektar++-scale-2-log259685.apl (80 out of 128, Estimated time left = 00:00:00) 
Opening file ../2/nektar++-scale-2-log259686.apl (81 out of 128, Estimated time left = 00:00:00) 
Opening file ../2/nektar++-scale-2-log259687.apl (82 out of 128, Estimated time left = 00:00:00) 
Opening file ../2/nektar++-scale-2-log259688.apl (83 out of 128, Estimated time left = 00:00:00) 
Opening file ../2/nektar++-scale-2-log259689.apl (84 out of 128, Estimated time left = 00:00:00) 
Opening file ../2/nektar++-scale-2-log259690.apl (85 out of 128, Estimated time left = 00:00:00) 
Opening file ../2/nektar++-scale-2-log259691.apl (86 out of 128, Estimated time left = 00:00:00) 
Opening file ../2/nektar++-scale-2-log259692.apl (87 out of 128, Estimated time left = 00:00:00) 
Opening file ../2/nektar++-scale-2-log259693.apl (88 out of 128, Estimated time left = 00:00:00) 
Opening file ../2/nektar++-scale-2-log259694.apl (89 out of 128, Estimated time left = 00:00:00) 
Opening file ../2/nektar++-scale-2-log259695.apl (90 out of 128, Estimated time left = 00:00:00) 
Opening file ../2/nektar++-scale-2-log259696.apl (91 out of 128, Estimated time left = 00:00:00) 
Opening file ../2/nektar++-scale-2-log259697.apl (92 out of 128, Estimated time left = 00:00:00) 
Opening file ../2/nektar++-scale-2-log259698.apl (93 out of 128, Estimated time left = 00:00:00) 
Opening file ../2/nektar++-scale-2-log259699.apl (94 out of 128, Estimated time left = 00:00:00) 
Opening file ../2/nektar++-scale-2-log259700.apl (95 out of 128, Estimated time left = 00:00:00) 
Opening file ../2/nektar++-scale-2-log259701.apl (96 out of 128, Estimated time left = 00:00:00) 
Opening file ../2/nektar++-scale-2-log259702.apl (97 out of 128, Estimated time left = 00:00:00) 
Opening file ../2/nektar++-scale-2-log259703.apl (98 out of 128, Estimated time left = 00:00:00) 
Opening file ../2/nektar++-scale-2-log259704.apl (99 out of 128, Estimated time left = 00:00:00) 
Opening file ../2/nektar++-scale-2-log259705.apl (100 out of 128, Estimated time left = 00:00:00) 
Opening file ../2/nektar++-scale-2-log259706.apl (101 out of 128, Estimated time left = 00:00:00) 
Opening file ../2/nektar++-scale-2-log259707.apl (102 out of 128, Estimated time left = 00:00:00) 
Opening file ../2/nektar++-scale-2-log259708.apl (103 out of 128, Estimated time left = 00:00:00) 
Opening file ../2/nektar++-scale-2-log259709.apl (104 out of 128, Estimated time left = 00:00:00) 
Opening file ../2/nektar++-scale-2-log259710.apl (105 out of 128, Estimated time left = 00:00:00) 
Opening file ../2/nektar++-scale-2-log259711.apl (106 out of 128, Estimated time left = 00:00:00) 
Opening file ../2/nektar++-scale-2-log259712.apl (107 out of 128, Estimated time left = 00:00:00) 
Opening file ../2/nektar++-scale-2-log259713.apl (108 out of 128, Estimated time left = 00:00:00) 
Opening file ../2/nektar++-scale-2-log259714.apl (109 out of 128, Estimated time left = 00:00:00) 
Opening file ../2/nektar++-scale-2-log259715.apl (110 out of 128, Estimated time left = 00:00:00) 
Opening file ../2/nektar++-scale-2-log259716.apl (111 out of 128, Estimated time left = 00:00:00) 
Opening file ../2/nektar++-scale-2-log259717.apl (112 out of 128, Estimated time left = 00:00:00) 
Opening file ../2/nektar++-scale-2-log259718.apl (113 out of 128, Estimated time left = 00:00:00) 
Opening file ../2/nektar++-scale-2-log259719.apl (114 out of 128, Estimated time left = 00:00:00) 
Opening file ../2/nektar++-scale-2-log259720.apl (115 out of 128, Estimated time left = 00:00:00) 
Opening file ../2/nektar++-scale-2-log259721.apl (116 out of 128, Estimated time left = 00:00:00) 
Opening file ../2/nektar++-scale-2-log259722.apl (117 out of 128, Estimated time left = 00:00:00) 
Opening file ../2/nektar++-scale-2-log259723.apl (118 out of 128, Estimated time left = 00:00:00) 
Opening file ../2/nektar++-scale-2-log259724.apl (119 out of 128, Estimated time left = 00:00:00) 
Opening file ../2/nektar++-scale-2-log259725.apl (120 out of 128, Estimated time left = 00:00:00) 
Opening file ../2/nektar++-scale-2-log259726.apl (121 out of 128, Estimated time left = 00:00:00) 
Opening file ../2/nektar++-scale-2-log259727.apl (122 out of 128, Estimated time left = 00:00:00) 
Opening file ../2/nektar++-scale-2-log259728.apl (123 out of 128, Estimated time left = 00:00:00) 
Opening file ../2/nektar++-scale-2-log259729.apl (124 out of 128, Estimated time left = 00:00:00) 
Opening file ../2/nektar++-scale-2-log259730.apl (125 out of 128, Estimated time left = 00:00:00) 
Opening file ../2/nektar++-scale-2-log259731.apl (126 out of 128, Estimated time left = 00:00:00) 
Opening file ../2/nektar++-scale-2-log259732.apl (127 out of 128, Estimated time left = 00:00:00) 
Opening file ../2/nektar++-scale-2-log259733.apl (128 out of 128, Estimated time left = 00:00:00) 
BLAS level 1     : count 26692018910    total time   17088.1060  user count          0  user time       0.0000
BLAS level 2     : count 26692007274    total time   67183.1512  user count 26691994528  user time   67183.0062
BLAS level 3     : count 91943163214    total time  154539.6188  user count 91943151118  user time  154539.2370
LAPACK           : count      14696    total time       1.5186  user count       1300  user time       1.1012
FFT              : count          0    total time       0.0000  user count          0  user time       0.0000
MATH             : count          0    total time       0.0000  user count          0  user time       0.0000
 
Double precision : count 145327204094    total time  238812.3947  user count 118635146946  user time  221723.3444
Single precision : count          0    total time       0.0000  user count          0  user time       0.0000
Double complex   : count          0    total time       0.0000  user count          0  user time       0.0000
Single complex   : count          0    total time       0.0000  user count          0  user time       0.0000
 
BLAS cases:
----------
BLAS level 1:
  dscal_     cnt= 26692012606  totTime=   17088.0662   called_tot=          0  topTime=       0.0000    (%age of runtime:  0.000 )
 idamax_     cnt=       6048  totTime=       0.0262   called_tot=          0  topTime=       0.0000    (%age of runtime:  0.000 )
  dswap_     cnt=        256  totTime=       0.0136   called_tot=          0  topTime=       0.0000    (%age of runtime:  0.000 )
BLAS level 2:
  dgemv_     cnt= 26692000576  totTime=   67183.0293   called_tot= 26691994528  topTime=   67183.0062    (%age of runtime: 11.125 )
  dtrmv_     cnt=       6698  totTime=       0.1220   called_tot=          0  topTime=       0.0000    (%age of runtime:  0.000 )
BLAS level 3:
  dgemm_     cnt= 91943157166  totTime=  154539.5473   called_tot= 91943151118  topTime=  154539.2370    (%age of runtime: 25.590 )
  dtrsm_     cnt=       6048  totTime=       0.0715   called_tot=          0  topTime=       0.0000    (%age of runtime:  0.000 )
Percentage in BLAS: 36.714724574924226
 
LAPACK cases:
----------
 dgetrf_     cnt=        650  totTime=       0.6901 called_tot=        650  topTime=       0.6901    (%age of runtime:  0.000 )
 dgetri_     cnt=        650  totTime=       0.4111 called_tot=        650  topTime=       0.4111    (%age of runtime:  0.000 )
 dtrtri_     cnt=        650  totTime=       0.2319 called_tot=          0  topTime=       0.0000    (%age of runtime:  0.000 )
 dtrti2_     cnt=        650  totTime=       0.1664 called_tot=          0  topTime=       0.0000    (%age of runtime:  0.000 )
 dlaswp_     cnt=      12096  totTime=       0.0191 called_tot=          0  topTime=       0.0000    (%age of runtime:  0.000 )
Created /tmp/armpl.blas 
Visualize using ./blas_usage.py -x -l -i /tmp/armpl.blas
