Process full dataset for BLAS, LAPACK and FFT function usage.
Opening file ../4/castep-scale-4-log135188.apl (1 out of 256, Estimated time left = 00:00:00) 
Opening file ../4/castep-scale-4-log135189.apl (2 out of 256, Estimated time left = 00:24:15) 
Opening file ../4/castep-scale-4-log135190.apl (3 out of 256, Estimated time left = 00:32:09) 
Opening file ../4/castep-scale-4-log135191.apl (4 out of 256, Estimated time left = 00:35:53) 
Opening file ../4/castep-scale-4-log135192.apl (5 out of 256, Estimated time left = 00:37:53) 
Opening file ../4/castep-scale-4-log135193.apl (6 out of 256, Estimated time left = 00:39:15) 
Opening file ../4/castep-scale-4-log135194.apl (7 out of 256, Estimated time left = 00:40:11) 
Opening file ../4/castep-scale-4-log135195.apl (8 out of 256, Estimated time left = 00:40:49) 
Opening file ../4/castep-scale-4-log135196.apl (9 out of 256, Estimated time left = 00:41:16) 
Opening file ../4/castep-scale-4-log135197.apl (10 out of 256, Estimated time left = 00:41:35) 
Opening file ../4/castep-scale-4-log135198.apl (11 out of 256, Estimated time left = 00:41:48) 
Opening file ../4/castep-scale-4-log135199.apl (12 out of 256, Estimated time left = 00:41:59) 
Opening file ../4/castep-scale-4-log135200.apl (13 out of 256, Estimated time left = 00:42:05) 
Opening file ../4/castep-scale-4-log135201.apl (14 out of 256, Estimated time left = 00:42:09) 
Opening file ../4/castep-scale-4-log135202.apl (15 out of 256, Estimated time left = 00:42:09) 
Opening file ../4/castep-scale-4-log135203.apl (16 out of 256, Estimated time left = 00:42:09) 
Opening file ../4/castep-scale-4-log135204.apl (17 out of 256, Estimated time left = 00:42:08) 
Opening file ../4/castep-scale-4-log135205.apl (18 out of 256, Estimated time left = 00:42:05) 
Opening file ../4/castep-scale-4-log135206.apl (19 out of 256, Estimated time left = 00:41:56) 
Opening file ../4/castep-scale-4-log135207.apl (20 out of 256, Estimated time left = 00:41:48) 
Opening file ../4/castep-scale-4-log135208.apl (21 out of 256, Estimated time left = 00:41:39) 
Opening file ../4/castep-scale-4-log135209.apl (22 out of 256, Estimated time left = 00:41:29) 
Opening file ../4/castep-scale-4-log135210.apl (23 out of 256, Estimated time left = 00:41:20) 
Opening file ../4/castep-scale-4-log135211.apl (24 out of 256, Estimated time left = 00:41:11) 
Opening file ../4/castep-scale-4-log135212.apl (25 out of 256, Estimated time left = 00:41:02) 
Opening file ../4/castep-scale-4-log135213.apl (26 out of 256, Estimated time left = 00:40:52) 
Opening file ../4/castep-scale-4-log135214.apl (27 out of 256, Estimated time left = 00:40:42) 
Opening file ../4/castep-scale-4-log135215.apl (28 out of 256, Estimated time left = 00:40:33) 
Opening file ../4/castep-scale-4-log135216.apl (29 out of 256, Estimated time left = 00:40:23) 
Opening file ../4/castep-scale-4-log135217.apl (30 out of 256, Estimated time left = 00:40:13) 
Opening file ../4/castep-scale-4-log135218.apl (31 out of 256, Estimated time left = 00:40:04) 
Opening file ../4/castep-scale-4-log135219.apl (32 out of 256, Estimated time left = 00:39:54) 
Opening file ../4/castep-scale-4-log135220.apl (33 out of 256, Estimated time left = 00:39:43) 
Opening file ../4/castep-scale-4-log135221.apl (34 out of 256, Estimated time left = 00:39:31) 
Opening file ../4/castep-scale-4-log135222.apl (35 out of 256, Estimated time left = 00:39:19) 
Opening file ../4/castep-scale-4-log135223.apl (36 out of 256, Estimated time left = 00:39:07) 
Opening file ../4/castep-scale-4-log135224.apl (37 out of 256, Estimated time left = 00:38:57) 
Opening file ../4/castep-scale-4-log135225.apl (38 out of 256, Estimated time left = 00:38:45) 
Opening file ../4/castep-scale-4-log135226.apl (39 out of 256, Estimated time left = 00:38:34) 
Opening file ../4/castep-scale-4-log135227.apl (40 out of 256, Estimated time left = 00:38:23) 
Opening file ../4/castep-scale-4-log135228.apl (41 out of 256, Estimated time left = 00:38:12) 
Opening file ../4/castep-scale-4-log135229.apl (42 out of 256, Estimated time left = 00:38:02) 
Opening file ../4/castep-scale-4-log135230.apl (43 out of 256, Estimated time left = 00:37:52) 
Opening file ../4/castep-scale-4-log135231.apl (44 out of 256, Estimated time left = 00:37:42) 
Opening file ../4/castep-scale-4-log135232.apl (45 out of 256, Estimated time left = 00:37:32) 
Opening file ../4/castep-scale-4-log135233.apl (46 out of 256, Estimated time left = 00:37:22) 
Opening file ../4/castep-scale-4-log135234.apl (47 out of 256, Estimated time left = 00:37:12) 
Opening file ../4/castep-scale-4-log135235.apl (48 out of 256, Estimated time left = 00:37:02) 
Opening file ../4/castep-scale-4-log135236.apl (49 out of 256, Estimated time left = 00:36:51) 
Opening file ../4/castep-scale-4-log135237.apl (50 out of 256, Estimated time left = 00:36:41) 
Opening file ../4/castep-scale-4-log135238.apl (51 out of 256, Estimated time left = 00:36:31) 
Opening file ../4/castep-scale-4-log135239.apl (52 out of 256, Estimated time left = 00:36:21) 
Opening file ../4/castep-scale-4-log135240.apl (53 out of 256, Estimated time left = 00:36:11) 
Opening file ../4/castep-scale-4-log135241.apl (54 out of 256, Estimated time left = 00:36:01) 
Opening file ../4/castep-scale-4-log135242.apl (55 out of 256, Estimated time left = 00:35:51) 
Opening file ../4/castep-scale-4-log135243.apl (56 out of 256, Estimated time left = 00:35:40) 
Opening file ../4/castep-scale-4-log135244.apl (57 out of 256, Estimated time left = 00:35:30) 
Opening file ../4/castep-scale-4-log135245.apl (58 out of 256, Estimated time left = 00:35:20) 
Opening file ../4/castep-scale-4-log135246.apl (59 out of 256, Estimated time left = 00:35:10) 
Opening file ../4/castep-scale-4-log135247.apl (60 out of 256, Estimated time left = 00:34:59) 
Opening file ../4/castep-scale-4-log135248.apl (61 out of 256, Estimated time left = 00:34:49) 
Opening file ../4/castep-scale-4-log135249.apl (62 out of 256, Estimated time left = 00:34:39) 
Opening file ../4/castep-scale-4-log135250.apl (63 out of 256, Estimated time left = 00:34:28) 
Opening file ../4/castep-scale-4-log135251.apl (64 out of 256, Estimated time left = 00:34:18) 
Opening file ../4/castep-scale-4-log235176.apl (65 out of 256, Estimated time left = 00:34:08) 
Opening file ../4/castep-scale-4-log235177.apl (66 out of 256, Estimated time left = 00:33:57) 
Opening file ../4/castep-scale-4-log235178.apl (67 out of 256, Estimated time left = 00:33:47) 
Opening file ../4/castep-scale-4-log235179.apl (68 out of 256, Estimated time left = 00:33:36) 
Opening file ../4/castep-scale-4-log235180.apl (69 out of 256, Estimated time left = 00:33:26) 
Opening file ../4/castep-scale-4-log235181.apl (70 out of 256, Estimated time left = 00:33:16) 
Opening file ../4/castep-scale-4-log235182.apl (71 out of 256, Estimated time left = 00:33:05) 
Opening file ../4/castep-scale-4-log235183.apl (72 out of 256, Estimated time left = 00:32:54) 
Opening file ../4/castep-scale-4-log235184.apl (73 out of 256, Estimated time left = 00:32:44) 
Opening file ../4/castep-scale-4-log235185.apl (74 out of 256, Estimated time left = 00:32:33) 
Opening file ../4/castep-scale-4-log235186.apl (75 out of 256, Estimated time left = 00:32:23) 
Opening file ../4/castep-scale-4-log235187.apl (76 out of 256, Estimated time left = 00:32:12) 
Opening file ../4/castep-scale-4-log235188.apl (77 out of 256, Estimated time left = 00:32:02) 
Opening file ../4/castep-scale-4-log235189.apl (78 out of 256, Estimated time left = 00:31:51) 
Opening file ../4/castep-scale-4-log235190.apl (79 out of 256, Estimated time left = 00:31:41) 
Opening file ../4/castep-scale-4-log235191.apl (80 out of 256, Estimated time left = 00:31:30) 
Opening file ../4/castep-scale-4-log235192.apl (81 out of 256, Estimated time left = 00:31:20) 
Opening file ../4/castep-scale-4-log235193.apl (82 out of 256, Estimated time left = 00:31:10) 
Opening file ../4/castep-scale-4-log235194.apl (83 out of 256, Estimated time left = 00:31:00) 
Opening file ../4/castep-scale-4-log235195.apl (84 out of 256, Estimated time left = 00:30:49) 
Opening file ../4/castep-scale-4-log235196.apl (85 out of 256, Estimated time left = 00:30:39) 
Opening file ../4/castep-scale-4-log235197.apl (86 out of 256, Estimated time left = 00:30:29) 
Opening file ../4/castep-scale-4-log235198.apl (87 out of 256, Estimated time left = 00:30:18) 
Opening file ../4/castep-scale-4-log235199.apl (88 out of 256, Estimated time left = 00:30:08) 
Opening file ../4/castep-scale-4-log235200.apl (89 out of 256, Estimated time left = 00:29:57) 
Opening file ../4/castep-scale-4-log235201.apl (90 out of 256, Estimated time left = 00:29:46) 
Opening file ../4/castep-scale-4-log235202.apl (91 out of 256, Estimated time left = 00:29:36) 
Opening file ../4/castep-scale-4-log235203.apl (92 out of 256, Estimated time left = 00:29:25) 
Opening file ../4/castep-scale-4-log235204.apl (93 out of 256, Estimated time left = 00:29:15) 
Opening file ../4/castep-scale-4-log235205.apl (94 out of 256, Estimated time left = 00:29:04) 
Opening file ../4/castep-scale-4-log235206.apl (95 out of 256, Estimated time left = 00:28:53) 
Opening file ../4/castep-scale-4-log235207.apl (96 out of 256, Estimated time left = 00:28:41) 
Opening file ../4/castep-scale-4-log235208.apl (97 out of 256, Estimated time left = 00:28:30) 
Opening file ../4/castep-scale-4-log235209.apl (98 out of 256, Estimated time left = 00:28:19) 
Opening file ../4/castep-scale-4-log235210.apl (99 out of 256, Estimated time left = 00:28:08) 
Opening file ../4/castep-scale-4-log235211.apl (100 out of 256, Estimated time left = 00:27:57) 
Opening file ../4/castep-scale-4-log235212.apl (101 out of 256, Estimated time left = 00:27:46) 
Opening file ../4/castep-scale-4-log235213.apl (102 out of 256, Estimated time left = 00:27:35) 
Opening file ../4/castep-scale-4-log235214.apl (103 out of 256, Estimated time left = 00:27:24) 
Opening file ../4/castep-scale-4-log235215.apl (104 out of 256, Estimated time left = 00:27:13) 
Opening file ../4/castep-scale-4-log235216.apl (105 out of 256, Estimated time left = 00:27:03) 
Opening file ../4/castep-scale-4-log235217.apl (106 out of 256, Estimated time left = 00:26:52) 
Opening file ../4/castep-scale-4-log235218.apl (107 out of 256, Estimated time left = 00:26:41) 
Opening file ../4/castep-scale-4-log235219.apl (108 out of 256, Estimated time left = 00:26:31) 
Opening file ../4/castep-scale-4-log235220.apl (109 out of 256, Estimated time left = 00:26:20) 
Opening file ../4/castep-scale-4-log235221.apl (110 out of 256, Estimated time left = 00:26:10) 
Opening file ../4/castep-scale-4-log235222.apl (111 out of 256, Estimated time left = 00:25:59) 
Opening file ../4/castep-scale-4-log235223.apl (112 out of 256, Estimated time left = 00:25:48) 
Opening file ../4/castep-scale-4-log235224.apl (113 out of 256, Estimated time left = 00:25:38) 
Opening file ../4/castep-scale-4-log235225.apl (114 out of 256, Estimated time left = 00:25:27) 
Opening file ../4/castep-scale-4-log235226.apl (115 out of 256, Estimated time left = 00:25:17) 
Opening file ../4/castep-scale-4-log235227.apl (116 out of 256, Estimated time left = 00:25:06) 
Opening file ../4/castep-scale-4-log235228.apl (117 out of 256, Estimated time left = 00:24:55) 
Opening file ../4/castep-scale-4-log235229.apl (118 out of 256, Estimated time left = 00:24:45) 
Opening file ../4/castep-scale-4-log235230.apl (119 out of 256, Estimated time left = 00:24:34) 
Opening file ../4/castep-scale-4-log235231.apl (120 out of 256, Estimated time left = 00:24:23) 
Opening file ../4/castep-scale-4-log235232.apl (121 out of 256, Estimated time left = 00:24:13) 
Opening file ../4/castep-scale-4-log235233.apl (122 out of 256, Estimated time left = 00:24:02) 
Opening file ../4/castep-scale-4-log235234.apl (123 out of 256, Estimated time left = 00:23:52) 
Opening file ../4/castep-scale-4-log235235.apl (124 out of 256, Estimated time left = 00:23:41) 
Opening file ../4/castep-scale-4-log235236.apl (125 out of 256, Estimated time left = 00:23:30) 
Opening file ../4/castep-scale-4-log235237.apl (126 out of 256, Estimated time left = 00:23:20) 
Opening file ../4/castep-scale-4-log235238.apl (127 out of 256, Estimated time left = 00:23:09) 
Opening file ../4/castep-scale-4-log235239.apl (128 out of 256, Estimated time left = 00:22:59) 
Opening file ../4/castep-scale-4-log243021.apl (129 out of 256, Estimated time left = 00:22:48) 
Opening file ../4/castep-scale-4-log243022.apl (130 out of 256, Estimated time left = 00:22:37) 
Opening file ../4/castep-scale-4-log243023.apl (131 out of 256, Estimated time left = 00:22:27) 
Opening file ../4/castep-scale-4-log243024.apl (132 out of 256, Estimated time left = 00:22:16) 
Opening file ../4/castep-scale-4-log243025.apl (133 out of 256, Estimated time left = 00:22:06) 
Opening file ../4/castep-scale-4-log243026.apl (134 out of 256, Estimated time left = 00:21:56) 
Opening file ../4/castep-scale-4-log243027.apl (135 out of 256, Estimated time left = 00:21:45) 
Opening file ../4/castep-scale-4-log243028.apl (136 out of 256, Estimated time left = 00:21:35) 
Opening file ../4/castep-scale-4-log243029.apl (137 out of 256, Estimated time left = 00:21:24) 
Opening file ../4/castep-scale-4-log243030.apl (138 out of 256, Estimated time left = 00:21:14) 
Opening file ../4/castep-scale-4-log243031.apl (139 out of 256, Estimated time left = 00:21:03) 
Opening file ../4/castep-scale-4-log243032.apl (140 out of 256, Estimated time left = 00:20:52) 
Opening file ../4/castep-scale-4-log243033.apl (141 out of 256, Estimated time left = 00:20:42) 
Opening file ../4/castep-scale-4-log243034.apl (142 out of 256, Estimated time left = 00:20:31) 
Opening file ../4/castep-scale-4-log243035.apl (143 out of 256, Estimated time left = 00:20:20) 
Opening file ../4/castep-scale-4-log243036.apl (144 out of 256, Estimated time left = 00:20:10) 
Opening file ../4/castep-scale-4-log243037.apl (145 out of 256, Estimated time left = 00:19:59) 
Opening file ../4/castep-scale-4-log243038.apl (146 out of 256, Estimated time left = 00:19:48) 
Opening file ../4/castep-scale-4-log243039.apl (147 out of 256, Estimated time left = 00:19:37) 
Opening file ../4/castep-scale-4-log243040.apl (148 out of 256, Estimated time left = 00:19:27) 
Opening file ../4/castep-scale-4-log243041.apl (149 out of 256, Estimated time left = 00:19:16) 
Opening file ../4/castep-scale-4-log243042.apl (150 out of 256, Estimated time left = 00:19:05) 
Opening file ../4/castep-scale-4-log243043.apl (151 out of 256, Estimated time left = 00:18:55) 
Opening file ../4/castep-scale-4-log243044.apl (152 out of 256, Estimated time left = 00:18:44) 
Opening file ../4/castep-scale-4-log243045.apl (153 out of 256, Estimated time left = 00:18:33) 
Opening file ../4/castep-scale-4-log243046.apl (154 out of 256, Estimated time left = 00:18:23) 
Opening file ../4/castep-scale-4-log243047.apl (155 out of 256, Estimated time left = 00:18:12) 
Opening file ../4/castep-scale-4-log243048.apl (156 out of 256, Estimated time left = 00:18:01) 
Opening file ../4/castep-scale-4-log243049.apl (157 out of 256, Estimated time left = 00:17:50) 
Opening file ../4/castep-scale-4-log243050.apl (158 out of 256, Estimated time left = 00:17:40) 
Opening file ../4/castep-scale-4-log243051.apl (159 out of 256, Estimated time left = 00:17:29) 
Opening file ../4/castep-scale-4-log243052.apl (160 out of 256, Estimated time left = 00:17:18) 
Opening file ../4/castep-scale-4-log243053.apl (161 out of 256, Estimated time left = 00:17:08) 
Opening file ../4/castep-scale-4-log243054.apl (162 out of 256, Estimated time left = 00:16:57) 
Opening file ../4/castep-scale-4-log243055.apl (163 out of 256, Estimated time left = 00:16:46) 
Opening file ../4/castep-scale-4-log243056.apl (164 out of 256, Estimated time left = 00:16:35) 
Opening file ../4/castep-scale-4-log243057.apl (165 out of 256, Estimated time left = 00:16:25) 
Opening file ../4/castep-scale-4-log243058.apl (166 out of 256, Estimated time left = 00:16:14) 
Opening file ../4/castep-scale-4-log243059.apl (167 out of 256, Estimated time left = 00:16:03) 
Opening file ../4/castep-scale-4-log243060.apl (168 out of 256, Estimated time left = 00:15:53) 
Opening file ../4/castep-scale-4-log243061.apl (169 out of 256, Estimated time left = 00:15:42) 
Opening file ../4/castep-scale-4-log243062.apl (170 out of 256, Estimated time left = 00:15:31) 
Opening file ../4/castep-scale-4-log243063.apl (171 out of 256, Estimated time left = 00:15:21) 
Opening file ../4/castep-scale-4-log243064.apl (172 out of 256, Estimated time left = 00:15:10) 
Opening file ../4/castep-scale-4-log243065.apl (173 out of 256, Estimated time left = 00:15:00) 
Opening file ../4/castep-scale-4-log243066.apl (174 out of 256, Estimated time left = 00:14:49) 
Opening file ../4/castep-scale-4-log243067.apl (175 out of 256, Estimated time left = 00:14:38) 
Opening file ../4/castep-scale-4-log243068.apl (176 out of 256, Estimated time left = 00:14:28) 
Opening file ../4/castep-scale-4-log243069.apl (177 out of 256, Estimated time left = 00:14:17) 
Opening file ../4/castep-scale-4-log243070.apl (178 out of 256, Estimated time left = 00:14:06) 
Opening file ../4/castep-scale-4-log243071.apl (179 out of 256, Estimated time left = 00:13:56) 
Opening file ../4/castep-scale-4-log243072.apl (180 out of 256, Estimated time left = 00:13:45) 
Opening file ../4/castep-scale-4-log243073.apl (181 out of 256, Estimated time left = 00:13:34) 
Opening file ../4/castep-scale-4-log243074.apl (182 out of 256, Estimated time left = 00:13:24) 
Opening file ../4/castep-scale-4-log243075.apl (183 out of 256, Estimated time left = 00:13:13) 
Opening file ../4/castep-scale-4-log243076.apl (184 out of 256, Estimated time left = 00:13:02) 
Opening file ../4/castep-scale-4-log243077.apl (185 out of 256, Estimated time left = 00:12:52) 
Opening file ../4/castep-scale-4-log243078.apl (186 out of 256, Estimated time left = 00:12:41) 
Opening file ../4/castep-scale-4-log243079.apl (187 out of 256, Estimated time left = 00:12:30) 
Opening file ../4/castep-scale-4-log243080.apl (188 out of 256, Estimated time left = 00:12:20) 
Opening file ../4/castep-scale-4-log243081.apl (189 out of 256, Estimated time left = 00:12:09) 
Opening file ../4/castep-scale-4-log243082.apl (190 out of 256, Estimated time left = 00:11:58) 
Opening file ../4/castep-scale-4-log243083.apl (191 out of 256, Estimated time left = 00:11:47) 
Opening file ../4/castep-scale-4-log243084.apl (192 out of 256, Estimated time left = 00:11:37) 
Opening file ../4/castep-scale-4-log99877.apl (193 out of 256, Estimated time left = 00:11:26) 
Opening file ../4/castep-scale-4-log99878.apl (194 out of 256, Estimated time left = 00:11:15) 
Opening file ../4/castep-scale-4-log99879.apl (195 out of 256, Estimated time left = 00:11:05) 
Opening file ../4/castep-scale-4-log99880.apl (196 out of 256, Estimated time left = 00:10:54) 
Opening file ../4/castep-scale-4-log99881.apl (197 out of 256, Estimated time left = 00:10:43) 
Opening file ../4/castep-scale-4-log99882.apl (198 out of 256, Estimated time left = 00:10:33) 
Opening file ../4/castep-scale-4-log99883.apl (199 out of 256, Estimated time left = 00:10:22) 
Opening file ../4/castep-scale-4-log99884.apl (200 out of 256, Estimated time left = 00:10:11) 
Opening file ../4/castep-scale-4-log99885.apl (201 out of 256, Estimated time left = 00:10:01) 
Opening file ../4/castep-scale-4-log99886.apl (202 out of 256, Estimated time left = 00:09:50) 
Opening file ../4/castep-scale-4-log99887.apl (203 out of 256, Estimated time left = 00:09:39) 
Opening file ../4/castep-scale-4-log99888.apl (204 out of 256, Estimated time left = 00:09:28) 
Opening file ../4/castep-scale-4-log99889.apl (205 out of 256, Estimated time left = 00:09:18) 
Opening file ../4/castep-scale-4-log99890.apl (206 out of 256, Estimated time left = 00:09:07) 
Opening file ../4/castep-scale-4-log99891.apl (207 out of 256, Estimated time left = 00:08:56) 
Opening file ../4/castep-scale-4-log99892.apl (208 out of 256, Estimated time left = 00:08:46) 
Opening file ../4/castep-scale-4-log99893.apl (209 out of 256, Estimated time left = 00:08:35) 
Opening file ../4/castep-scale-4-log99894.apl (210 out of 256, Estimated time left = 00:08:24) 
Opening file ../4/castep-scale-4-log99895.apl (211 out of 256, Estimated time left = 00:08:14) 
Opening file ../4/castep-scale-4-log99896.apl (212 out of 256, Estimated time left = 00:08:03) 
Opening file ../4/castep-scale-4-log99897.apl (213 out of 256, Estimated time left = 00:07:53) 
Opening file ../4/castep-scale-4-log99898.apl (214 out of 256, Estimated time left = 00:07:42) 
Opening file ../4/castep-scale-4-log99899.apl (215 out of 256, Estimated time left = 00:07:31) 
Opening file ../4/castep-scale-4-log99900.apl (216 out of 256, Estimated time left = 00:07:20) 
Opening file ../4/castep-scale-4-log99901.apl (217 out of 256, Estimated time left = 00:07:10) 
Opening file ../4/castep-scale-4-log99902.apl (218 out of 256, Estimated time left = 00:06:59) 
Opening file ../4/castep-scale-4-log99903.apl (219 out of 256, Estimated time left = 00:06:48) 
Opening file ../4/castep-scale-4-log99904.apl (220 out of 256, Estimated time left = 00:06:37) 
Opening file ../4/castep-scale-4-log99905.apl (221 out of 256, Estimated time left = 00:06:27) 
Opening file ../4/castep-scale-4-log99906.apl (222 out of 256, Estimated time left = 00:06:16) 
Opening file ../4/castep-scale-4-log99907.apl (223 out of 256, Estimated time left = 00:06:05) 
Opening file ../4/castep-scale-4-log99908.apl (224 out of 256, Estimated time left = 00:05:54) 
Opening file ../4/castep-scale-4-log99909.apl (225 out of 256, Estimated time left = 00:05:44) 
Opening file ../4/castep-scale-4-log99910.apl (226 out of 256, Estimated time left = 00:05:33) 
Opening file ../4/castep-scale-4-log99911.apl (227 out of 256, Estimated time left = 00:05:22) 
Opening file ../4/castep-scale-4-log99912.apl (228 out of 256, Estimated time left = 00:05:12) 
Opening file ../4/castep-scale-4-log99913.apl (229 out of 256, Estimated time left = 00:05:01) 
Opening file ../4/castep-scale-4-log99914.apl (230 out of 256, Estimated time left = 00:04:50) 
Opening file ../4/castep-scale-4-log99915.apl (231 out of 256, Estimated time left = 00:04:39) 
Opening file ../4/castep-scale-4-log99916.apl (232 out of 256, Estimated time left = 00:04:29) 
Opening file ../4/castep-scale-4-log99917.apl (233 out of 256, Estimated time left = 00:04:18) 
Opening file ../4/castep-scale-4-log99918.apl (234 out of 256, Estimated time left = 00:04:07) 
Opening file ../4/castep-scale-4-log99919.apl (235 out of 256, Estimated time left = 00:03:56) 
Opening file ../4/castep-scale-4-log99920.apl (236 out of 256, Estimated time left = 00:03:46) 
Opening file ../4/castep-scale-4-log99921.apl (237 out of 256, Estimated time left = 00:03:35) 
Opening file ../4/castep-scale-4-log99922.apl (238 out of 256, Estimated time left = 00:03:24) 
Opening file ../4/castep-scale-4-log99923.apl (239 out of 256, Estimated time left = 00:03:13) 
Opening file ../4/castep-scale-4-log99924.apl (240 out of 256, Estimated time left = 00:03:03) 
Opening file ../4/castep-scale-4-log99925.apl (241 out of 256, Estimated time left = 00:02:52) 
Opening file ../4/castep-scale-4-log99926.apl (242 out of 256, Estimated time left = 00:02:41) 
Opening file ../4/castep-scale-4-log99927.apl (243 out of 256, Estimated time left = 00:02:30) 
Opening file ../4/castep-scale-4-log99928.apl (244 out of 256, Estimated time left = 00:02:19) 
Opening file ../4/castep-scale-4-log99929.apl (245 out of 256, Estimated time left = 00:02:09) 
Opening file ../4/castep-scale-4-log99930.apl (246 out of 256, Estimated time left = 00:01:58) 
Opening file ../4/castep-scale-4-log99931.apl (247 out of 256, Estimated time left = 00:01:47) 
Opening file ../4/castep-scale-4-log99932.apl (248 out of 256, Estimated time left = 00:01:36) 
Opening file ../4/castep-scale-4-log99933.apl (249 out of 256, Estimated time left = 00:01:26) 
Opening file ../4/castep-scale-4-log99934.apl (250 out of 256, Estimated time left = 00:01:15) 
Opening file ../4/castep-scale-4-log99935.apl (251 out of 256, Estimated time left = 00:01:04) 
Opening file ../4/castep-scale-4-log99936.apl (252 out of 256, Estimated time left = 00:00:53) 
Opening file ../4/castep-scale-4-log99937.apl (253 out of 256, Estimated time left = 00:00:43) 
Opening file ../4/castep-scale-4-log99938.apl (254 out of 256, Estimated time left = 00:00:32) 
Opening file ../4/castep-scale-4-log99939.apl (255 out of 256, Estimated time left = 00:00:21) 
Opening file ../4/castep-scale-4-log99940.apl (256 out of 256, Estimated time left = 00:00:10) 
BLAS level 1     : count  747730060    total time    6545.6068  user count  265181356  user time    6196.4144
BLAS level 2     : count  204986914    total time    2298.8004  user count    2893314  user time     598.8474
BLAS level 3     : count    9317504    total time  220711.8381  user count    5308288  user time  219577.1727
LAPACK           : count  434861153    total time   43460.1343  user count    4403009  user time   14580.5168
FFT              : count       6144    total time      26.5106  user count       6144  user time      26.5106
MATH             : count          0    total time       0.0000  user count          0  user time       0.0000
 
Double precision : count  735770163    total time   12492.9336  user count   91020243  user time    4619.5836
Single precision : count          0    total time       0.0000  user count          0  user time       0.0000
Double complex   : count  661131612    total time  260549.9566  user count  186771868  user time  236359.8783
Single complex   : count          0    total time       0.0000  user count          0  user time       0.0000
 
BLAS cases:
----------
BLAS level 1:
   ddot_     cnt=   94011856  totTime=    3862.1891   called_tot=   90608080  topTime=    3859.9217    (%age of runtime:  0.889 )
  zcopy_     cnt=   42579488  totTime=    2084.8413   called_tot=   21863424  topTime=    2062.5201    (%age of runtime:  0.475 )
  zdotc_     cnt=  181219900  totTime=     298.7056   called_tot=  152706268  topTime=     273.8476    (%age of runtime:  0.063 )
 idamax_     cnt=   84054016  totTime=      54.9219   called_tot=          0  topTime=       0.0000    (%age of runtime:  0.000 )
  dscal_     cnt=   91904000  totTime=      45.7391   called_tot=          0  topTime=       0.0000    (%age of runtime:  0.000 )
  zscal_     cnt=   47531904  totTime=      45.5943   called_tot=          0  topTime=       0.0000    (%age of runtime:  0.000 )
  dasum_     cnt=   62994304  totTime=      43.8209   called_tot=          0  topTime=       0.0000    (%age of runtime:  0.000 )
  dcopy_     cnt=   63044480  totTime=      31.9947   called_tot=       3584  topTime=       0.1250    (%age of runtime:  0.000 )
 dznrm2_     cnt=   20862720  totTime=      26.6108   called_tot=          0  topTime=       0.0000    (%age of runtime:  0.000 )
  zaxpy_     cnt=   20862720  totTime=      23.2112   called_tot=          0  topTime=       0.0000    (%age of runtime:  0.000 )
  dnrm2_     cnt=   24543104  totTime=      21.1851   called_tot=          0  topTime=       0.0000    (%age of runtime:  0.000 )
 zdscal_     cnt=    7501824  totTime=       3.1992   called_tot=          0  topTime=       0.0000    (%age of runtime:  0.000 )
  daxpy_     cnt=    3935232  totTime=       2.2074   called_tot=          0  topTime=       0.0000    (%age of runtime:  0.000 )
  dswap_     cnt=    2593792  totTime=       1.3201   called_tot=          0  topTime=       0.0000    (%age of runtime:  0.000 )
 izamax_     cnt=      68256  totTime=       0.0462   called_tot=          0  topTime=       0.0000    (%age of runtime:  0.000 )
  zswap_     cnt=      22464  totTime=       0.0201   called_tot=          0  topTime=       0.0000    (%age of runtime:  0.000 )
BLAS level 2:
  zhemv_     cnt=   20910240  totTime=     901.9785   called_tot=          0  topTime=       0.0000    (%age of runtime:  0.000 )
  zgemv_     cnt=  138452224  totTime=     721.0658   called_tot=        768  topTime=       0.3637    (%age of runtime:  0.000 )
  dgemv_     cnt=    3827458  totTime=     565.8505   called_tot=     104194  topTime=     562.7542    (%age of runtime:  0.130 )
  ztrmv_     cnt=   27545088  totTime=      60.2875   called_tot=          0  topTime=       0.0000    (%age of runtime:  0.000 )
  zhbmv_     cnt=    2788352  totTime=      35.7295   called_tot=    2788352  topTime=      35.7295    (%age of runtime:  0.008 )
  dsymv_     cnt=    2786304  totTime=       4.1336   called_tot=          0  topTime=       0.0000    (%age of runtime:  0.000 )
  dsyr2_     cnt=    3253248  totTime=       3.6450   called_tot=          0  topTime=       0.0000    (%age of runtime:  0.000 )
  zher2_     cnt=    1791744  totTime=       2.8346   called_tot=          0  topTime=       0.0000    (%age of runtime:  0.000 )
   dger_     cnt=    2744320  totTime=       1.9219   called_tot=          0  topTime=       0.0000    (%age of runtime:  0.000 )
  dtrsv_     cnt=     599040  totTime=       0.8857   called_tot=          0  topTime=       0.0000    (%age of runtime:  0.000 )
  zgerc_     cnt=     194176  totTime=       0.3780   called_tot=          0  topTime=       0.0000    (%age of runtime:  0.000 )
   zher_     cnt=      41472  totTime=       0.0464   called_tot=          0  topTime=       0.0000    (%age of runtime:  0.000 )
   dsyr_     cnt=      53248  totTime=       0.0434   called_tot=          0  topTime=       0.0000    (%age of runtime:  0.000 )
BLAS level 3:
  zgemm_     cnt=    5826560  totTime=  205258.7408   called_tot=    4632320  topTime=  204595.0379    (%age of runtime: 47.116 )
  zherk_     cnt=     409728  totTime=   14525.4010   called_tot=     406400  topTime=   14523.2231    (%age of runtime:  3.345 )
  ztrmm_     cnt=    2437888  totTime=     715.5587   called_tot=     269568  topTime=     458.9117    (%age of runtime:  0.106 )
 zher2k_     cnt=     595968  totTime=     204.3768   called_tot=          0  topTime=       0.0000    (%age of runtime:  0.000 )
  ztrsm_     cnt=       6400  totTime=       6.1511   called_tot=          0  topTime=       0.0000    (%age of runtime:  0.000 )
  dtrsm_     cnt=      22528  totTime=       0.8090   called_tot=          0  topTime=       0.0000    (%age of runtime:  0.000 )
 dsyr2k_     cnt=      18432  totTime=       0.8006   called_tot=          0  topTime=       0.0000    (%age of runtime:  0.000 )
Percentage in BLAS: 52.1310710553
 
LAPACK cases:
----------
 zheevr_     cnt=     269056  totTime=   13417.4662 called_tot=     269056  topTime=   13417.4662    (%age of runtime:  3.090 )
 zhetrd_     cnt=     134528  totTime=    5572.2095 called_tot=          0  topTime=       0.0000    (%age of runtime:  0.000 )
 zlatrd_     cnt=     595968  totTime=    5287.6799 called_tot=          0  topTime=       0.0000    (%age of runtime:  0.000 )
 dstebz_     cnt=     134528  totTime=    2872.2407 called_tot=          0  topTime=       0.0000    (%age of runtime:  0.000 )
 dlaebz_     cnt=     269056  totTime=    2869.8346 called_tot=          0  topTime=       0.0000    (%age of runtime:  0.000 )
 zstein_     cnt=     134528  totTime=    2564.8718 called_tot=          0  topTime=       0.0000    (%age of runtime:  0.000 )
 zunmtr_     cnt=     134528  totTime=    2343.4337 called_tot=          0  topTime=       0.0000    (%age of runtime:  0.000 )
 zunmql_     cnt=     134528  totTime=    2341.0703 called_tot=          0  topTime=       0.0000    (%age of runtime:  0.000 )
 zlarft_     cnt=     721664  totTime=    1285.5663 called_tot=          0  topTime=       0.0000    (%age of runtime:  0.000 )
 zlarfb_     cnt=     721664  totTime=    1042.2711 called_tot=          0  topTime=       0.0000    (%age of runtime:  0.000 )
 dlarnv_     cnt=   20997248  totTime=     813.6413 called_tot=          0  topTime=       0.0000    (%age of runtime:  0.000 )
 zlaset_     cnt=    3557504  totTime=     804.6899 called_tot=    3557504  topTime=     804.6899    (%age of runtime:  0.185 )
 zlarfg_     cnt=   20862720  totTime=     422.4908 called_tot=          0  topTime=       0.0000    (%age of runtime:  0.000 )
 dlagts_     cnt=   62994304  totTime=     366.6136 called_tot=          0  topTime=       0.0000    (%age of runtime:  0.000 )
 dlaruv_     cnt=   70415232  totTime=     167.7497 called_tot=          0  topTime=       0.0000    (%age of runtime:  0.000 )
  dsyev_     cnt=     288000  totTime=     150.9325 called_tot=     269568  topTime=     100.2523    (%age of runtime:  0.023 )
 zpotrf_     cnt=     134784  totTime=     121.9334 called_tot=     134784  topTime=     121.9334    (%age of runtime:  0.028 )
 dlagtf_     cnt=   20997248  totTime=      94.6163 called_tot=          0  topTime=       0.0000    (%age of runtime:  0.000 )
 zpotf2_     cnt=     137856  totTime=      89.7874 called_tot=          0  topTime=       0.0000    (%age of runtime:  0.000 )
 zlacgv_     cnt=  109489280  totTime=      76.8774 called_tot=          0  topTime=       0.0000    (%age of runtime:  0.000 )
 zhetd2_     cnt=     134528  totTime=      73.5839 called_tot=          0  topTime=       0.0000    (%age of runtime:  0.000 )
  dsygv_     cnt=      18432  totTime=      66.0620 called_tot=      18432  topTime=      66.0620    (%age of runtime:  0.015 )
 ztrtri_     cnt=     134784  totTime=      65.0861 called_tot=     134784  topTime=      65.0861    (%age of runtime:  0.015 )
 dsteqr_     cnt=     288000  totTime=      58.5345 called_tot=          0  topTime=       0.0000    (%age of runtime:  0.000 )
 zladiv_     cnt=   20862720  totTime=      55.3277 called_tot=          0  topTime=       0.0000    (%age of runtime:  0.000 )
 dsytrd_     cnt=     288000  totTime=      50.0914 called_tot=          0  topTime=       0.0000    (%age of runtime:  0.000 )
 ztrti2_     cnt=     137856  totTime=      44.5990 called_tot=          0  topTime=       0.0000    (%age of runtime:  0.000 )
 dsytd2_     cnt=     288000  totTime=      43.7629 called_tot=          0  topTime=       0.0000    (%age of runtime:  0.000 )
 zlansy_     cnt=     134528  totTime=      43.6876 called_tot=          0  topTime=       0.0000    (%age of runtime:  0.000 )
 dorgtr_     cnt=     288000  totTime=      36.0489 called_tot=          0  topTime=       0.0000    (%age of runtime:  0.000 )
 dorgql_     cnt=     288000  totTime=      34.8174 called_tot=          0  topTime=       0.0000    (%age of runtime:  0.000 )
 dorg2l_     cnt=     288000  totTime=      33.6057 called_tot=          0  topTime=       0.0000    (%age of runtime:  0.000 )
  dlarf_     cnt=    3833856  totTime=      21.5915 called_tot=          0  topTime=       0.0000    (%age of runtime:  0.000 )
 dladiv_     cnt=   20862720  totTime=      21.1940 called_tot=          0  topTime=       0.0000    (%age of runtime:  0.000 )
 dlartg_     cnt=   33303936  totTime=      19.1258 called_tot=          0  topTime=       0.0000    (%age of runtime:  0.000 )
 dlapy3_     cnt=   20862720  totTime=      14.5516 called_tot=          0  topTime=       0.0000    (%age of runtime:  0.000 )
 dlarfg_     cnt=    3833856  totTime=      14.5426 called_tot=          0  topTime=       0.0000    (%age of runtime:  0.000 )
 dsygst_     cnt=      18432  totTime=       7.5238 called_tot=          0  topTime=       0.0000    (%age of runtime:  0.000 )
 dsygs2_     cnt=      18432  totTime=       7.3129 called_tot=          0  topTime=       0.0000    (%age of runtime:  0.000 )
  dlasr_     cnt=    4317824  totTime=       6.1727 called_tot=          0  topTime=       0.0000    (%age of runtime:  0.000 )
 dpotrf_     cnt=      18432  totTime=       6.0751 called_tot=          0  topTime=       0.0000    (%age of runtime:  0.000 )
 dpotf2_     cnt=      18432  totTime=       5.0560 called_tot=          0  topTime=       0.0000    (%age of runtime:  0.000 )
 dlatrd_     cnt=      18432  totTime=       3.8534 called_tot=          0  topTime=       0.0000    (%age of runtime:  0.000 )
 zunm2l_     cnt=       8448  totTime=       3.4076 called_tot=          0  topTime=       0.0000    (%age of runtime:  0.000 )
  dgesv_     cnt=       2048  totTime=       3.1743 called_tot=       2048  topTime=       3.1743    (%age of runtime:  0.001 )
  zlarf_     cnt=     194176  totTime=       2.7006 called_tot=          0  topTime=       0.0000    (%age of runtime:  0.000 )
 dlapy2_     cnt=    6098240  totTime=       2.6190 called_tot=          0  topTime=       0.0000    (%age of runtime:  0.000 )
 dgetrf_     cnt=       2048  totTime=       2.2947 called_tot=          0  topTime=       0.0000    (%age of runtime:  0.000 )
 iladlc_     cnt=    2737152  totTime=       1.1441 called_tot=          0  topTime=       0.0000    (%age of runtime:  0.000 )
 dlansy_     cnt=     288000  totTime=       1.0661 called_tot=          0  topTime=       0.0000    (%age of runtime:  0.000 )
 dlaev2_     cnt=     961920  totTime=       0.7591 called_tot=          0  topTime=       0.0000    (%age of runtime:  0.000 )
 dlanst_     cnt=     692352  totTime=       0.6940 called_tot=          0  topTime=       0.0000    (%age of runtime:  0.000 )
 zhetrf_     cnt=       4320  totTime=       0.6554 called_tot=       4320  topTime=       0.6554    (%age of runtime:  0.000 )
 zhetf2_     cnt=       4320  totTime=       0.5991 called_tot=          0  topTime=       0.0000    (%age of runtime:  0.000 )
 ieeeck_     cnt=     269056  totTime=       0.5736 called_tot=          0  topTime=       0.0000    (%age of runtime:  0.000 )
 dsytrf_     cnt=       4096  totTime=       0.4254 called_tot=       4096  topTime=       0.4254    (%age of runtime:  0.000 )
 zhetri_     cnt=       4320  totTime=       0.4136 called_tot=       4320  topTime=       0.4136    (%age of runtime:  0.000 )
 dgetrs_     cnt=       2048  totTime=       0.4090 called_tot=          0  topTime=       0.0000    (%age of runtime:  0.000 )
 dsytf2_     cnt=       4096  totTime=       0.3910 called_tot=          0  topTime=       0.0000    (%age of runtime:  0.000 )
 dsytri_     cnt=       4096  totTime=       0.3565 called_tot=       4096  topTime=       0.3565    (%age of runtime:  0.000 )
 ilazlc_     cnt=     194176  totTime=       0.1000 called_tot=          0  topTime=       0.0000    (%age of runtime:  0.000 )
 dgetf2_     cnt=       2048  totTime=       0.0964 called_tot=          0  topTime=       0.0000    (%age of runtime:  0.000 )
 dlaswp_     cnt=       2048  totTime=       0.0700 called_tot=          0  topTime=       0.0000    (%age of runtime:  0.000 )
 ilaver_     cnt=          1  totTime=       0.0015 called_tot=          1  topTime=       0.0015    (%age of runtime:  0.000 )
Created /tmp/armpl.blas 
Visualize using ./blas_usage.py -x -l -i /tmp/armpl.blas
