Process full dataset for BLAS, LAPACK and FFT function usage.
Opening file ../1/castep-scale-1-log106195.apl (1 out of 64, Estimated time left = 00:00:00) 
Opening file ../1/castep-scale-1-log106196.apl (2 out of 64, Estimated time left = 00:05:13) 
Opening file ../1/castep-scale-1-log106197.apl (3 out of 64, Estimated time left = 00:06:47) 
Opening file ../1/castep-scale-1-log106198.apl (4 out of 64, Estimated time left = 00:07:31) 
Opening file ../1/castep-scale-1-log106199.apl (5 out of 64, Estimated time left = 00:07:53) 
Opening file ../1/castep-scale-1-log106200.apl (6 out of 64, Estimated time left = 00:08:09) 
Opening file ../1/castep-scale-1-log106201.apl (7 out of 64, Estimated time left = 00:08:17) 
Opening file ../1/castep-scale-1-log106202.apl (8 out of 64, Estimated time left = 00:08:20) 
Opening file ../1/castep-scale-1-log106203.apl (9 out of 64, Estimated time left = 00:08:20) 
Opening file ../1/castep-scale-1-log106204.apl (10 out of 64, Estimated time left = 00:08:18) 
Opening file ../1/castep-scale-1-log106205.apl (11 out of 64, Estimated time left = 00:08:14) 
Opening file ../1/castep-scale-1-log106206.apl (12 out of 64, Estimated time left = 00:08:09) 
Opening file ../1/castep-scale-1-log106207.apl (13 out of 64, Estimated time left = 00:08:02) 
Opening file ../1/castep-scale-1-log106208.apl (14 out of 64, Estimated time left = 00:07:52) 
Opening file ../1/castep-scale-1-log106209.apl (15 out of 64, Estimated time left = 00:07:43) 
Opening file ../1/castep-scale-1-log106210.apl (16 out of 64, Estimated time left = 00:07:35) 
Opening file ../1/castep-scale-1-log106211.apl (17 out of 64, Estimated time left = 00:07:25) 
Opening file ../1/castep-scale-1-log106212.apl (18 out of 64, Estimated time left = 00:07:16) 
Opening file ../1/castep-scale-1-log106213.apl (19 out of 64, Estimated time left = 00:07:08) 
Opening file ../1/castep-scale-1-log106214.apl (20 out of 64, Estimated time left = 00:06:59) 
Opening file ../1/castep-scale-1-log106215.apl (21 out of 64, Estimated time left = 00:06:49) 
Opening file ../1/castep-scale-1-log106216.apl (22 out of 64, Estimated time left = 00:06:39) 
Opening file ../1/castep-scale-1-log106217.apl (23 out of 64, Estimated time left = 00:06:30) 
Opening file ../1/castep-scale-1-log106218.apl (24 out of 64, Estimated time left = 00:06:21) 
Opening file ../1/castep-scale-1-log106219.apl (25 out of 64, Estimated time left = 00:06:11) 
Opening file ../1/castep-scale-1-log106220.apl (26 out of 64, Estimated time left = 00:06:02) 
Opening file ../1/castep-scale-1-log106221.apl (27 out of 64, Estimated time left = 00:05:52) 
Opening file ../1/castep-scale-1-log106222.apl (28 out of 64, Estimated time left = 00:05:43) 
Opening file ../1/castep-scale-1-log106223.apl (29 out of 64, Estimated time left = 00:05:34) 
Opening file ../1/castep-scale-1-log106224.apl (30 out of 64, Estimated time left = 00:05:24) 
Opening file ../1/castep-scale-1-log106225.apl (31 out of 64, Estimated time left = 00:05:15) 
Opening file ../1/castep-scale-1-log106226.apl (32 out of 64, Estimated time left = 00:05:06) 
Opening file ../1/castep-scale-1-log106227.apl (33 out of 64, Estimated time left = 00:04:56) 
Opening file ../1/castep-scale-1-log106228.apl (34 out of 64, Estimated time left = 00:04:47) 
Opening file ../1/castep-scale-1-log106229.apl (35 out of 64, Estimated time left = 00:04:38) 
Opening file ../1/castep-scale-1-log106230.apl (36 out of 64, Estimated time left = 00:04:28) 
Opening file ../1/castep-scale-1-log106231.apl (37 out of 64, Estimated time left = 00:04:19) 
Opening file ../1/castep-scale-1-log106232.apl (38 out of 64, Estimated time left = 00:04:10) 
Opening file ../1/castep-scale-1-log106233.apl (39 out of 64, Estimated time left = 00:04:00) 
Opening file ../1/castep-scale-1-log106234.apl (40 out of 64, Estimated time left = 00:03:51) 
Opening file ../1/castep-scale-1-log106235.apl (41 out of 64, Estimated time left = 00:03:42) 
Opening file ../1/castep-scale-1-log106236.apl (42 out of 64, Estimated time left = 00:03:32) 
Opening file ../1/castep-scale-1-log106237.apl (43 out of 64, Estimated time left = 00:03:23) 
Opening file ../1/castep-scale-1-log106238.apl (44 out of 64, Estimated time left = 00:03:14) 
Opening file ../1/castep-scale-1-log106239.apl (45 out of 64, Estimated time left = 00:03:04) 
Opening file ../1/castep-scale-1-log106240.apl (46 out of 64, Estimated time left = 00:02:55) 
Opening file ../1/castep-scale-1-log106241.apl (47 out of 64, Estimated time left = 00:02:46) 
Opening file ../1/castep-scale-1-log106242.apl (48 out of 64, Estimated time left = 00:02:37) 
Opening file ../1/castep-scale-1-log106243.apl (49 out of 64, Estimated time left = 00:02:27) 
Opening file ../1/castep-scale-1-log106244.apl (50 out of 64, Estimated time left = 00:02:18) 
Opening file ../1/castep-scale-1-log106245.apl (51 out of 64, Estimated time left = 00:02:09) 
Opening file ../1/castep-scale-1-log106246.apl (52 out of 64, Estimated time left = 00:02:00) 
Opening file ../1/castep-scale-1-log106247.apl (53 out of 64, Estimated time left = 00:01:50) 
Opening file ../1/castep-scale-1-log106248.apl (54 out of 64, Estimated time left = 00:01:41) 
Opening file ../1/castep-scale-1-log106249.apl (55 out of 64, Estimated time left = 00:01:32) 
Opening file ../1/castep-scale-1-log106250.apl (56 out of 64, Estimated time left = 00:01:23) 
Opening file ../1/castep-scale-1-log106251.apl (57 out of 64, Estimated time left = 00:01:13) 
Opening file ../1/castep-scale-1-log106252.apl (58 out of 64, Estimated time left = 00:01:04) 
Opening file ../1/castep-scale-1-log106253.apl (59 out of 64, Estimated time left = 00:00:55) 
Opening file ../1/castep-scale-1-log106254.apl (60 out of 64, Estimated time left = 00:00:46) 
Opening file ../1/castep-scale-1-log106255.apl (61 out of 64, Estimated time left = 00:00:36) 
Opening file ../1/castep-scale-1-log106256.apl (62 out of 64, Estimated time left = 00:00:27) 
Opening file ../1/castep-scale-1-log106257.apl (63 out of 64, Estimated time left = 00:00:18) 
Opening file ../1/castep-scale-1-log106258.apl (64 out of 64, Estimated time left = 00:00:09) 
BLAS level 1     : count  219165556    total time    4464.1689  user count   98362260  user time    4378.9174
BLAS level 2     : count   51270914    total time     606.8265  user count     673410  user time     180.6854
BLAS level 3     : count    2120288    total time  205004.0815  user count    1117728  user time  204721.3941
LAPACK           : count  117112185    total time   24800.0338  user count    9488537  user time   17330.3375
FFT              : count       1536    total time       6.2303  user count       1536  user time       6.2303
MATH             : count          0    total time       0.0000  user count          0  user time       0.0000
 
Double precision : count  176423482    total time    4689.3197  user count   15195930  user time    2714.9059
Single precision : count          0    total time       0.0000  user count          0  user time       0.0000
Double complex   : count  213246996    total time  230192.0182  user count   94447540  user time  223902.6556
Single complex   : count          0    total time       0.0000  user count          0  user time       0.0000
 
FFT cases:
----------
 FFTW calls:
       fftw_plan_many_dft len= [108]   plan-cnt=         64   plan-Time=     2.615554 exec-cnt=          0   exec-Time=     0.000000
 ...of which the breakdown by 'howmany' cases shows:
       fftw_plan_many_dft len= [108] howmany=        730  plan-cnt=         18   plan-Time=     0.736322 exec-cnt=          0   exec-Time=     0.000000   avg-time=     0.0000000000
       fftw_plan_many_dft len= [108] howmany=        726  plan-cnt=          2   plan-Time=     0.080859 exec-cnt=          0   exec-Time=     0.000000   avg-time=     0.0000000000
       fftw_plan_many_dft len= [108] howmany=        731  plan-cnt=         16   plan-Time=     0.655358 exec-cnt=          0   exec-Time=     0.000000   avg-time=     0.0000000000
       fftw_plan_many_dft len= [108] howmany=        732  plan-cnt=          4   plan-Time=     0.164064 exec-cnt=          0   exec-Time=     0.000000   avg-time=     0.0000000000
       fftw_plan_many_dft len= [108] howmany=        727  plan-cnt=          4   plan-Time=     0.164295 exec-cnt=          0   exec-Time=     0.000000   avg-time=     0.0000000000
       fftw_plan_many_dft len= [108] howmany=        729  plan-cnt=          8   plan-Time=     0.328272 exec-cnt=          0   exec-Time=     0.000000   avg-time=     0.0000000000
       fftw_plan_many_dft len= [108] howmany=        725  plan-cnt=          4   plan-Time=     0.161580 exec-cnt=          0   exec-Time=     0.000000   avg-time=     0.0000000000
       fftw_plan_many_dft len= [108] howmany=        724  plan-cnt=          6   plan-Time=     0.242979 exec-cnt=          0   exec-Time=     0.000000   avg-time=     0.0000000000
       fftw_plan_many_dft len= [108] howmany=        728  plan-cnt=          2   plan-Time=     0.081824 exec-cnt=          0   exec-Time=     0.000000   avg-time=     0.0000000000
 
BLAS cases:
----------
BLAS level 1:
   ddot_     cnt=   15943960  totTime=    2520.9800   called_tot=   15093016  topTime=    2520.5160    (%age of runtime:  0.858 )
  zcopy_     cnt=   10622176  totTime=    1708.4007   called_tot=    5408032  topTime=    1702.8196    (%age of runtime:  0.580 )
  zdotc_     cnt=   85027836  totTime=     161.7789   called_tot=   77860380  topTime=     155.4477    (%age of runtime:  0.053 )
 idamax_     cnt=   21011232  totTime=      13.7004   called_tot=          0  topTime=       0.0000    (%age of runtime:  0.000 )
  dscal_     cnt=   22973792  totTime=      11.1912   called_tot=          0  topTime=       0.0000    (%age of runtime:  0.000 )
  zscal_     cnt=   11884544  totTime=      10.8806   called_tot=          0  topTime=       0.0000    (%age of runtime:  0.000 )
  dasum_     cnt=   15747296  totTime=      10.0781   called_tot=          0  topTime=       0.0000    (%age of runtime:  0.000 )
  dcopy_     cnt=   15759616  totTime=       7.8870   called_tot=        832  topTime=       0.1341    (%age of runtime:  0.000 )
 dznrm2_     cnt=    5215200  totTime=       6.5277   called_tot=          0  topTime=       0.0000    (%age of runtime:  0.000 )
  zaxpy_     cnt=    5215200  totTime=       5.8723   called_tot=          0  topTime=       0.0000    (%age of runtime:  0.000 )
  dnrm2_     cnt=    6135296  totTime=       5.1997   called_tot=          0  topTime=       0.0000    (%age of runtime:  0.000 )
 zdscal_     cnt=    1906560  totTime=       0.8068   called_tot=          0  topTime=       0.0000    (%age of runtime:  0.000 )
  daxpy_     cnt=     983808  totTime=       0.4979   called_tot=          0  topTime=       0.0000    (%age of runtime:  0.000 )
  dswap_     cnt=     648320  totTime=       0.3205   called_tot=          0  topTime=       0.0000    (%age of runtime:  0.000 )
 izamax_     cnt=      68256  totTime=       0.0344   called_tot=          0  topTime=       0.0000    (%age of runtime:  0.000 )
  zswap_     cnt=      22464  totTime=       0.0125   called_tot=          0  topTime=       0.0000    (%age of runtime:  0.000 )
BLAS level 2:
  zhemv_     cnt=    5262720  totTime=     226.8841   called_tot=          0  topTime=       0.0000    (%age of runtime:  0.000 )
  zgemv_     cnt=   34624288  totTime=     180.3898   called_tot=         64  topTime=       0.1188    (%age of runtime:  0.000 )
  dgemv_     cnt=     956866  totTime=     143.8057   called_tot=      26050  topTime=     143.0711    (%age of runtime:  0.049 )
  zhbmv_     cnt=     647296  totTime=      37.4954   called_tot=     647296  topTime=      37.4954    (%age of runtime:  0.013 )
  ztrmv_     cnt=    6885696  totTime=      14.9095   called_tot=          0  topTime=       0.0000    (%age of runtime:  0.000 )
  dsymv_     cnt=     696576  totTime=       0.9869   called_tot=          0  topTime=       0.0000    (%age of runtime:  0.000 )
  dsyr2_     cnt=     813312  totTime=       0.8483   called_tot=          0  topTime=       0.0000    (%age of runtime:  0.000 )
  zher2_     cnt=     445408  totTime=       0.7026   called_tot=          0  topTime=       0.0000    (%age of runtime:  0.000 )
   dger_     cnt=     685632  totTime=       0.4745   called_tot=          0  topTime=       0.0000    (%age of runtime:  0.000 )
  dtrsv_     cnt=     149760  totTime=       0.1959   called_tot=          0  topTime=       0.0000    (%age of runtime:  0.000 )
  zgerc_     cnt=      48576  totTime=       0.0908   called_tot=          0  topTime=       0.0000    (%age of runtime:  0.000 )
   zher_     cnt=      41472  totTime=       0.0325   called_tot=          0  topTime=       0.0000    (%age of runtime:  0.000 )
   dsyr_     cnt=      13312  totTime=       0.0104   called_tot=          0  topTime=       0.0000    (%age of runtime:  0.000 )
BLAS level 3:
  zgemm_     cnt=    1247424  totTime=  189996.0584   called_tot=     948736  topTime=  189830.6260    (%age of runtime: 64.634 )
  zherk_     cnt=     102432  totTime=   14445.0072   called_tot=     101600  topTime=   14444.4641    (%age of runtime:  4.918 )
  ztrmm_     cnt=     609664  totTime=     510.2385   called_tot=      67392  topTime=     446.3040    (%age of runtime:  0.152 )
 zher2k_     cnt=     149056  totTime=      51.0144   called_tot=          0  topTime=       0.0000    (%age of runtime:  0.000 )
  ztrsm_     cnt=       1600  totTime=       1.4693   called_tot=          0  topTime=       0.0000    (%age of runtime:  0.000 )
  dtrsm_     cnt=       5504  totTime=       0.1665   called_tot=          0  topTime=       0.0000    (%age of runtime:  0.000 )
 dsyr2k_     cnt=       4608  totTime=       0.1272   called_tot=          0  topTime=       0.0000    (%age of runtime:  0.000 )
Percentage in BLAS: 71.25600581054204
 
LAPACK cases:
----------
  (null)     cnt=    8425208  totTime=   12456.9135 called_tot=    8423288  topTime=   12456.8991    (%age of runtime:  4.241 )
 zheevr_     cnt=      67264  totTime=    3466.5639 called_tot=      67264  topTime=    3466.5639    (%age of runtime:  1.180 )
 zhetrd_     cnt=      33632  totTime=    1475.0198 called_tot=          0  topTime=       0.0000    (%age of runtime:  0.000 )
 zlatrd_     cnt=     149056  totTime=    1402.8598 called_tot=          0  topTime=       0.0000    (%age of runtime:  0.000 )
 zlaset_     cnt=     847456  totTime=    1314.7844 called_tot=     847456  topTime=    1314.7844    (%age of runtime:  0.448 )
 dstebz_     cnt=      33632  totTime=     717.5137 called_tot=          0  topTime=       0.0000    (%age of runtime:  0.000 )
 dlaebz_     cnt=      67264  totTime=     716.9381 called_tot=          0  topTime=       0.0000    (%age of runtime:  0.000 )
 zstein_     cnt=      33632  totTime=     652.4298 called_tot=          0  topTime=       0.0000    (%age of runtime:  0.000 )
 zunmtr_     cnt=      33632  totTime=     606.0475 called_tot=          0  topTime=       0.0000    (%age of runtime:  0.000 )
 zunmql_     cnt=      33632  totTime=     605.7227 called_tot=          0  topTime=       0.0000    (%age of runtime:  0.000 )
 zlarft_     cnt=     180480  totTime=     340.8856 called_tot=          0  topTime=       0.0000    (%age of runtime:  0.000 )
 zlarfb_     cnt=     180480  totTime=     261.5691 called_tot=          0  topTime=       0.0000    (%age of runtime:  0.000 )
 dlarnv_     cnt=    5248832  totTime=     206.6010 called_tot=          0  topTime=       0.0000    (%age of runtime:  0.000 )
 zlarfg_     cnt=    5215200  totTime=     110.2220 called_tot=          0  topTime=       0.0000    (%age of runtime:  0.000 )
 dlagts_     cnt=   15747296  totTime=      91.7990 called_tot=          0  topTime=       0.0000    (%age of runtime:  0.000 )
 dlaruv_     cnt=   17600608  totTime=      41.5965 called_tot=          0  topTime=       0.0000    (%age of runtime:  0.000 )
  dsyev_     cnt=      72000  totTime=      40.9343 called_tot=      67392  topTime=      28.5857    (%age of runtime:  0.010 )
 zpotrf_     cnt=      33696  totTime=      29.2057 called_tot=      33696  topTime=      29.2057    (%age of runtime:  0.010 )
 zpotf2_     cnt=      34464  totTime=      24.0488 called_tot=          0  topTime=       0.0000    (%age of runtime:  0.000 )
 dlagtf_     cnt=    5248832  totTime=      23.7938 called_tot=          0  topTime=       0.0000    (%age of runtime:  0.000 )
 zhetd2_     cnt=      33632  totTime=      19.3980 called_tot=          0  topTime=       0.0000    (%age of runtime:  0.000 )
 zlacgv_     cnt=   27379744  totTime=      18.8131 called_tot=          0  topTime=       0.0000    (%age of runtime:  0.000 )
 ztrtri_     cnt=      33696  totTime=      17.2291 called_tot=      33696  topTime=      17.2291    (%age of runtime:  0.006 )
  dsygv_     cnt=       4608  totTime=      15.7248 called_tot=       4608  topTime=      15.7248    (%age of runtime:  0.005 )
 dsteqr_     cnt=      72000  totTime=      15.2939 called_tot=          0  topTime=       0.0000    (%age of runtime:  0.000 )
 dsytrd_     cnt=      72000  totTime=      13.7710 called_tot=          0  topTime=       0.0000    (%age of runtime:  0.000 )
 dsytd2_     cnt=      72000  totTime=      12.3734 called_tot=          0  topTime=       0.0000    (%age of runtime:  0.000 )
 ztrti2_     cnt=      34464  totTime=      12.1921 called_tot=          0  topTime=       0.0000    (%age of runtime:  0.000 )
 zladiv_     cnt=    5215200  totTime=      12.1147 called_tot=          0  topTime=       0.0000    (%age of runtime:  0.000 )
 zlansy_     cnt=      33632  totTime=      11.0342 called_tot=          0  topTime=       0.0000    (%age of runtime:  0.000 )
 dorgtr_     cnt=      72000  totTime=      10.2002 called_tot=          0  topTime=       0.0000    (%age of runtime:  0.000 )
 dorgql_     cnt=      72000  totTime=       9.8395 called_tot=          0  topTime=       0.0000    (%age of runtime:  0.000 )
 dorg2l_     cnt=      72000  totTime=       9.5312 called_tot=          0  topTime=       0.0000    (%age of runtime:  0.000 )
  dlarf_     cnt=     958464  totTime=       5.8731 called_tot=          0  topTime=       0.0000    (%age of runtime:  0.000 )
 dladiv_     cnt=    5215200  totTime=       5.1237 called_tot=          0  topTime=       0.0000    (%age of runtime:  0.000 )
 dlartg_     cnt=    8325984  totTime=       4.7364 called_tot=          0  topTime=       0.0000    (%age of runtime:  0.000 )
 dlarfg_     cnt=     958464  totTime=       4.0863 called_tot=          0  topTime=       0.0000    (%age of runtime:  0.000 )
 dlapy3_     cnt=    5215200  totTime=       3.5248 called_tot=          0  topTime=       0.0000    (%age of runtime:  0.000 )
 dsygst_     cnt=       4608  totTime=       2.0332 called_tot=          0  topTime=       0.0000    (%age of runtime:  0.000 )
 dsygs2_     cnt=       4608  totTime=       1.9361 called_tot=          0  topTime=       0.0000    (%age of runtime:  0.000 )
  dlasr_     cnt=    1079456  totTime=       1.5271 called_tot=          0  topTime=       0.0000    (%age of runtime:  0.000 )
 dpotrf_     cnt=       4608  totTime=       1.0380 called_tot=          0  topTime=       0.0000    (%age of runtime:  0.000 )
 dpotf2_     cnt=       4608  totTime=       0.9004 called_tot=          0  topTime=       0.0000    (%age of runtime:  0.000 )
 dlatrd_     cnt=       4608  totTime=       0.8608 called_tot=          0  topTime=       0.0000    (%age of runtime:  0.000 )
 zunm2l_     cnt=       2112  totTime=       0.8467 called_tot=          0  topTime=       0.0000    (%age of runtime:  0.000 )
  zlarf_     cnt=      48576  totTime=       0.6906 called_tot=          0  topTime=       0.0000    (%age of runtime:  0.000 )
 dlapy2_     cnt=    1528448  totTime=       0.6377 called_tot=          0  topTime=       0.0000    (%age of runtime:  0.000 )
  dgesv_     cnt=        448  totTime=       0.4378 called_tot=        448  topTime=       0.4378    (%age of runtime:  0.000 )
 zhetrf_     cnt=       4320  totTime=       0.3623 called_tot=       4320  topTime=       0.3623    (%age of runtime:  0.000 )
 dgetrf_     cnt=        448  totTime=       0.3430 called_tot=          0  topTime=       0.0000    (%age of runtime:  0.000 )
 zhetf2_     cnt=       4320  totTime=       0.3419 called_tot=          0  topTime=       0.0000    (%age of runtime:  0.000 )
 zhetri_     cnt=       4320  totTime=       0.3353 called_tot=       4320  topTime=       0.3353    (%age of runtime:  0.000 )
 iladlc_     cnt=     684288  totTime=       0.2778 called_tot=          0  topTime=       0.0000    (%age of runtime:  0.000 )
 dlansy_     cnt=      72000  totTime=       0.2333 called_tot=          0  topTime=       0.0000    (%age of runtime:  0.000 )
 dlaev2_     cnt=     240480  totTime=       0.2018 called_tot=          0  topTime=       0.0000    (%age of runtime:  0.000 )
 dlanst_     cnt=     173088  totTime=       0.1652 called_tot=          0  topTime=       0.0000    (%age of runtime:  0.000 )
 ieeeck_     cnt=      67264  totTime=       0.1352 called_tot=          0  topTime=       0.0000    (%age of runtime:  0.000 )
 dsytrf_     cnt=       1024  totTime=       0.1153 called_tot=       1024  topTime=       0.1153    (%age of runtime:  0.000 )
 dsytf2_     cnt=       1024  totTime=       0.1062 called_tot=          0  topTime=       0.0000    (%age of runtime:  0.000 )
 dsytri_     cnt=       1024  totTime=       0.0908 called_tot=       1024  topTime=       0.0908    (%age of runtime:  0.000 )
 dgetrs_     cnt=        448  totTime=       0.0481 called_tot=          0  topTime=       0.0000    (%age of runtime:  0.000 )
 dgetf2_     cnt=        448  totTime=       0.0268 called_tot=          0  topTime=       0.0000    (%age of runtime:  0.000 )
 ilazlc_     cnt=      48576  totTime=       0.0200 called_tot=          0  topTime=       0.0000    (%age of runtime:  0.000 )
 dlaswp_     cnt=        448  totTime=       0.0102 called_tot=          0  topTime=       0.0000    (%age of runtime:  0.000 )
 ilaver_     cnt=          1  totTime=       0.0032 called_tot=          1  topTime=       0.0032    (%age of runtime:  0.000 )
Created /tmp/armpl.blas 
Visualize using ./blas_usage.py -x -l -i /tmp/armpl.blas
