Process full dataset for BLAS, LAPACK and FFT function usage.
Opening file ../2/castep-scale-2-log166780.apl (1 out of 128, Estimated time left = 00:00:00) 
Opening file ../2/castep-scale-2-log166781.apl (2 out of 128, Estimated time left = 00:12:13) 
Opening file ../2/castep-scale-2-log166782.apl (3 out of 128, Estimated time left = 00:16:40) 
Opening file ../2/castep-scale-2-log166783.apl (4 out of 128, Estimated time left = 00:18:43) 
Opening file ../2/castep-scale-2-log166784.apl (5 out of 128, Estimated time left = 00:19:49) 
Opening file ../2/castep-scale-2-log166785.apl (6 out of 128, Estimated time left = 00:20:26) 
Opening file ../2/castep-scale-2-log166786.apl (7 out of 128, Estimated time left = 00:20:48) 
Opening file ../2/castep-scale-2-log166787.apl (8 out of 128, Estimated time left = 00:21:08) 
Opening file ../2/castep-scale-2-log166788.apl (9 out of 128, Estimated time left = 00:21:13) 
Opening file ../2/castep-scale-2-log166789.apl (10 out of 128, Estimated time left = 00:21:18) 
Opening file ../2/castep-scale-2-log166790.apl (11 out of 128, Estimated time left = 00:21:22) 
Opening file ../2/castep-scale-2-log166791.apl (12 out of 128, Estimated time left = 00:21:18) 
Opening file ../2/castep-scale-2-log166792.apl (13 out of 128, Estimated time left = 00:21:17) 
Opening file ../2/castep-scale-2-log166793.apl (14 out of 128, Estimated time left = 00:21:13) 
Opening file ../2/castep-scale-2-log166794.apl (15 out of 128, Estimated time left = 00:21:08) 
Opening file ../2/castep-scale-2-log166795.apl (16 out of 128, Estimated time left = 00:21:04) 
Opening file ../2/castep-scale-2-log166796.apl (17 out of 128, Estimated time left = 00:20:56) 
Opening file ../2/castep-scale-2-log166797.apl (18 out of 128, Estimated time left = 00:20:50) 
Opening file ../2/castep-scale-2-log166798.apl (19 out of 128, Estimated time left = 00:20:43) 
Opening file ../2/castep-scale-2-log166799.apl (20 out of 128, Estimated time left = 00:20:34) 
Opening file ../2/castep-scale-2-log166800.apl (21 out of 128, Estimated time left = 00:20:27) 
Opening file ../2/castep-scale-2-log166801.apl (22 out of 128, Estimated time left = 00:20:17) 
Opening file ../2/castep-scale-2-log166802.apl (23 out of 128, Estimated time left = 00:20:07) 
Opening file ../2/castep-scale-2-log166803.apl (24 out of 128, Estimated time left = 00:19:56) 
Opening file ../2/castep-scale-2-log166804.apl (25 out of 128, Estimated time left = 00:19:45) 
Opening file ../2/castep-scale-2-log166805.apl (26 out of 128, Estimated time left = 00:19:33) 
Opening file ../2/castep-scale-2-log166806.apl (27 out of 128, Estimated time left = 00:19:22) 
Opening file ../2/castep-scale-2-log166807.apl (28 out of 128, Estimated time left = 00:19:11) 
Opening file ../2/castep-scale-2-log166808.apl (29 out of 128, Estimated time left = 00:19:00) 
Opening file ../2/castep-scale-2-log166809.apl (30 out of 128, Estimated time left = 00:18:49) 
Opening file ../2/castep-scale-2-log166810.apl (31 out of 128, Estimated time left = 00:18:37) 
Opening file ../2/castep-scale-2-log166811.apl (32 out of 128, Estimated time left = 00:18:26) 
Opening file ../2/castep-scale-2-log166812.apl (33 out of 128, Estimated time left = 00:18:15) 
Opening file ../2/castep-scale-2-log166813.apl (34 out of 128, Estimated time left = 00:18:04) 
Opening file ../2/castep-scale-2-log166814.apl (35 out of 128, Estimated time left = 00:17:52) 
Opening file ../2/castep-scale-2-log166815.apl (36 out of 128, Estimated time left = 00:17:41) 
Opening file ../2/castep-scale-2-log166816.apl (37 out of 128, Estimated time left = 00:17:30) 
Opening file ../2/castep-scale-2-log166817.apl (38 out of 128, Estimated time left = 00:17:18) 
Opening file ../2/castep-scale-2-log166818.apl (39 out of 128, Estimated time left = 00:17:07) 
Opening file ../2/castep-scale-2-log166819.apl (40 out of 128, Estimated time left = 00:16:55) 
Opening file ../2/castep-scale-2-log166820.apl (41 out of 128, Estimated time left = 00:16:43) 
Opening file ../2/castep-scale-2-log166821.apl (42 out of 128, Estimated time left = 00:16:30) 
Opening file ../2/castep-scale-2-log166822.apl (43 out of 128, Estimated time left = 00:16:18) 
Opening file ../2/castep-scale-2-log166823.apl (44 out of 128, Estimated time left = 00:16:05) 
Opening file ../2/castep-scale-2-log166824.apl (45 out of 128, Estimated time left = 00:15:52) 
Opening file ../2/castep-scale-2-log166825.apl (46 out of 128, Estimated time left = 00:15:40) 
Opening file ../2/castep-scale-2-log166826.apl (47 out of 128, Estimated time left = 00:15:27) 
Opening file ../2/castep-scale-2-log166827.apl (48 out of 128, Estimated time left = 00:15:15) 
Opening file ../2/castep-scale-2-log166828.apl (49 out of 128, Estimated time left = 00:15:02) 
Opening file ../2/castep-scale-2-log166829.apl (50 out of 128, Estimated time left = 00:14:50) 
Opening file ../2/castep-scale-2-log166830.apl (51 out of 128, Estimated time left = 00:14:37) 
Opening file ../2/castep-scale-2-log166831.apl (52 out of 128, Estimated time left = 00:14:25) 
Opening file ../2/castep-scale-2-log166832.apl (53 out of 128, Estimated time left = 00:14:13) 
Opening file ../2/castep-scale-2-log166833.apl (54 out of 128, Estimated time left = 00:14:01) 
Opening file ../2/castep-scale-2-log166834.apl (55 out of 128, Estimated time left = 00:13:49) 
Opening file ../2/castep-scale-2-log166835.apl (56 out of 128, Estimated time left = 00:13:37) 
Opening file ../2/castep-scale-2-log166836.apl (57 out of 128, Estimated time left = 00:13:25) 
Opening file ../2/castep-scale-2-log166837.apl (58 out of 128, Estimated time left = 00:13:12) 
Opening file ../2/castep-scale-2-log166838.apl (59 out of 128, Estimated time left = 00:13:00) 
Opening file ../2/castep-scale-2-log166839.apl (60 out of 128, Estimated time left = 00:12:49) 
Opening file ../2/castep-scale-2-log166840.apl (61 out of 128, Estimated time left = 00:12:37) 
Opening file ../2/castep-scale-2-log166841.apl (62 out of 128, Estimated time left = 00:12:25) 
Opening file ../2/castep-scale-2-log166842.apl (63 out of 128, Estimated time left = 00:12:13) 
Opening file ../2/castep-scale-2-log166843.apl (64 out of 128, Estimated time left = 00:12:01) 
Opening file ../2/castep-scale-2-log37912.apl (65 out of 128, Estimated time left = 00:11:49) 
Opening file ../2/castep-scale-2-log37913.apl (66 out of 128, Estimated time left = 00:11:38) 
Opening file ../2/castep-scale-2-log37914.apl (67 out of 128, Estimated time left = 00:11:26) 
Opening file ../2/castep-scale-2-log37915.apl (68 out of 128, Estimated time left = 00:11:15) 
Opening file ../2/castep-scale-2-log37916.apl (69 out of 128, Estimated time left = 00:11:04) 
Opening file ../2/castep-scale-2-log37917.apl (70 out of 128, Estimated time left = 00:10:52) 
Opening file ../2/castep-scale-2-log37918.apl (71 out of 128, Estimated time left = 00:10:41) 
Opening file ../2/castep-scale-2-log37919.apl (72 out of 128, Estimated time left = 00:10:29) 
Opening file ../2/castep-scale-2-log37920.apl (73 out of 128, Estimated time left = 00:10:18) 
Opening file ../2/castep-scale-2-log37921.apl (74 out of 128, Estimated time left = 00:10:07) 
Opening file ../2/castep-scale-2-log37922.apl (75 out of 128, Estimated time left = 00:09:55) 
Opening file ../2/castep-scale-2-log37923.apl (76 out of 128, Estimated time left = 00:09:44) 
Opening file ../2/castep-scale-2-log37924.apl (77 out of 128, Estimated time left = 00:09:33) 
Opening file ../2/castep-scale-2-log37925.apl (78 out of 128, Estimated time left = 00:09:22) 
Opening file ../2/castep-scale-2-log37926.apl (79 out of 128, Estimated time left = 00:09:11) 
Opening file ../2/castep-scale-2-log37927.apl (80 out of 128, Estimated time left = 00:09:00) 
Opening file ../2/castep-scale-2-log37928.apl (81 out of 128, Estimated time left = 00:08:49) 
Opening file ../2/castep-scale-2-log37929.apl (82 out of 128, Estimated time left = 00:08:38) 
Opening file ../2/castep-scale-2-log37930.apl (83 out of 128, Estimated time left = 00:08:26) 
Opening file ../2/castep-scale-2-log37931.apl (84 out of 128, Estimated time left = 00:08:15) 
Opening file ../2/castep-scale-2-log37932.apl (85 out of 128, Estimated time left = 00:08:04) 
Opening file ../2/castep-scale-2-log37933.apl (86 out of 128, Estimated time left = 00:07:53) 
Opening file ../2/castep-scale-2-log37934.apl (87 out of 128, Estimated time left = 00:07:41) 
Opening file ../2/castep-scale-2-log37935.apl (88 out of 128, Estimated time left = 00:07:30) 
Opening file ../2/castep-scale-2-log37936.apl (89 out of 128, Estimated time left = 00:07:19) 
Opening file ../2/castep-scale-2-log37937.apl (90 out of 128, Estimated time left = 00:07:08) 
Opening file ../2/castep-scale-2-log37938.apl (91 out of 128, Estimated time left = 00:06:57) 
Opening file ../2/castep-scale-2-log37939.apl (92 out of 128, Estimated time left = 00:06:46) 
Opening file ../2/castep-scale-2-log37940.apl (93 out of 128, Estimated time left = 00:06:34) 
Opening file ../2/castep-scale-2-log37941.apl (94 out of 128, Estimated time left = 00:06:23) 
Opening file ../2/castep-scale-2-log37942.apl (95 out of 128, Estimated time left = 00:06:12) 
Opening file ../2/castep-scale-2-log37943.apl (96 out of 128, Estimated time left = 00:06:01) 
Opening file ../2/castep-scale-2-log37944.apl (97 out of 128, Estimated time left = 00:05:50) 
Opening file ../2/castep-scale-2-log37945.apl (98 out of 128, Estimated time left = 00:05:39) 
Opening file ../2/castep-scale-2-log37946.apl (99 out of 128, Estimated time left = 00:05:28) 
Opening file ../2/castep-scale-2-log37947.apl (100 out of 128, Estimated time left = 00:05:17) 
Opening file ../2/castep-scale-2-log37948.apl (101 out of 128, Estimated time left = 00:05:06) 
Opening file ../2/castep-scale-2-log37949.apl (102 out of 128, Estimated time left = 00:04:55) 
Opening file ../2/castep-scale-2-log37950.apl (103 out of 128, Estimated time left = 00:04:44) 
Opening file ../2/castep-scale-2-log37951.apl (104 out of 128, Estimated time left = 00:04:32) 
Opening file ../2/castep-scale-2-log37952.apl (105 out of 128, Estimated time left = 00:04:21) 
Opening file ../2/castep-scale-2-log37953.apl (106 out of 128, Estimated time left = 00:04:10) 
Opening file ../2/castep-scale-2-log37954.apl (107 out of 128, Estimated time left = 00:03:59) 
Opening file ../2/castep-scale-2-log37955.apl (108 out of 128, Estimated time left = 00:03:48) 
Opening file ../2/castep-scale-2-log37956.apl (109 out of 128, Estimated time left = 00:03:37) 
Opening file ../2/castep-scale-2-log37957.apl (110 out of 128, Estimated time left = 00:03:26) 
Opening file ../2/castep-scale-2-log37958.apl (111 out of 128, Estimated time left = 00:03:16) 
Opening file ../2/castep-scale-2-log37959.apl (112 out of 128, Estimated time left = 00:03:05) 
Opening file ../2/castep-scale-2-log37960.apl (113 out of 128, Estimated time left = 00:02:54) 
Opening file ../2/castep-scale-2-log37961.apl (114 out of 128, Estimated time left = 00:02:43) 
Opening file ../2/castep-scale-2-log37962.apl (115 out of 128, Estimated time left = 00:02:32) 
Opening file ../2/castep-scale-2-log37963.apl (116 out of 128, Estimated time left = 00:02:21) 
Opening file ../2/castep-scale-2-log37964.apl (117 out of 128, Estimated time left = 00:02:10) 
Opening file ../2/castep-scale-2-log37965.apl (118 out of 128, Estimated time left = 00:01:59) 
Opening file ../2/castep-scale-2-log37966.apl (119 out of 128, Estimated time left = 00:01:48) 
Opening file ../2/castep-scale-2-log37967.apl (120 out of 128, Estimated time left = 00:01:37) 
Opening file ../2/castep-scale-2-log37968.apl (121 out of 128, Estimated time left = 00:01:26) 
Opening file ../2/castep-scale-2-log37969.apl (122 out of 128, Estimated time left = 00:01:15) 
Opening file ../2/castep-scale-2-log37970.apl (123 out of 128, Estimated time left = 00:01:05) 
Opening file ../2/castep-scale-2-log37971.apl (124 out of 128, Estimated time left = 00:00:54) 
Opening file ../2/castep-scale-2-log37972.apl (125 out of 128, Estimated time left = 00:00:43) 
Opening file ../2/castep-scale-2-log37973.apl (126 out of 128, Estimated time left = 00:00:32) 
Opening file ../2/castep-scale-2-log37974.apl (127 out of 128, Estimated time left = 00:00:21) 
Opening file ../2/castep-scale-2-log37975.apl (128 out of 128, Estimated time left = 00:00:10) 
BLAS level 1     : count  397870220    total time    5836.9589  user count  156487020  user time    5667.9336
BLAS level 2     : count  102526818    total time    1138.7659  user count    1446658  user time     294.6819
BLAS level 3     : count    4658688    total time  215955.9951  user count    2654144  user time  215392.2106
LAPACK           : count  217398881    total time   22419.3741  user count    2205761  user time    8086.5266
FFT              : count       3072    total time      13.6003  user count       3072  user time      13.6003
MATH             : count          0    total time       0.0000  user count          0  user time       0.0000
 
Double precision : count  368226290    total time    7994.6649  user count   45850322  user time    4071.8867
Single precision : count          0    total time       0.0000  user count          0  user time       0.0000
Double complex   : count  354231388    total time  237370.0212  user count  116946332  user time  225383.0580
Single complex   : count          0    total time       0.0000  user count          0  user time       0.0000
 
BLAS cases:
----------
BLAS level 1:
   ddot_     cnt=   47346128  totTime=    3717.0929   called_tot=   45644240  topTime=    3715.9958    (%age of runtime:  1.218 )
  zcopy_     cnt=   21304608  totTime=    1777.4824   called_tot=   10923200  topTime=    1766.8602    (%age of runtime:  0.579 )
  zdotc_     cnt=  114200636  totTime=     197.4639   called_tot=   99917788  topTime=     184.9737    (%age of runtime:  0.061 )
 idamax_     cnt=   42026112  totTime=      27.4028   called_tot=          0  topTime=       0.0000    (%age of runtime:  0.000 )
  zscal_     cnt=   23763584  totTime=      22.4772   called_tot=          0  topTime=       0.0000    (%age of runtime:  0.000 )
  dscal_     cnt=   45951104  totTime=      21.3280   called_tot=          0  topTime=       0.0000    (%age of runtime:  0.000 )
  dasum_     cnt=   31496576  totTime=      19.1126   called_tot=          0  topTime=       0.0000    (%age of runtime:  0.000 )
  dcopy_     cnt=   31521280  totTime=      16.2184   called_tot=       1792  topTime=       0.1039    (%age of runtime:  0.000 )
 dznrm2_     cnt=   10431040  totTime=      13.1563   called_tot=          0  topTime=       0.0000    (%age of runtime:  0.000 )
  zaxpy_     cnt=   10431040  totTime=      11.5771   called_tot=          0  topTime=       0.0000    (%age of runtime:  0.000 )
  dnrm2_     cnt=   12271232  totTime=      10.2552   called_tot=          0  topTime=       0.0000    (%age of runtime:  0.000 )
 zdscal_     cnt=    3771648  totTime=       1.6327   called_tot=          0  topTime=       0.0000    (%age of runtime:  0.000 )
  daxpy_     cnt=    1967616  totTime=       1.0492   called_tot=          0  topTime=       0.0000    (%age of runtime:  0.000 )
  dswap_     cnt=    1296896  totTime=       0.6551   called_tot=          0  topTime=       0.0000    (%age of runtime:  0.000 )
 izamax_     cnt=      68256  totTime=       0.0403   called_tot=          0  topTime=       0.0000    (%age of runtime:  0.000 )
  zswap_     cnt=      22464  totTime=       0.0148   called_tot=          0  topTime=       0.0000    (%age of runtime:  0.000 )
BLAS level 2:
  zhemv_     cnt=   10478560  totTime=     447.3862   called_tot=          0  topTime=       0.0000    (%age of runtime:  0.000 )
  zgemv_     cnt=   69213888  totTime=     359.9831   called_tot=        384  topTime=       0.3424    (%age of runtime:  0.000 )
  dgemv_     cnt=    1913730  totTime=     258.8148   called_tot=      52098  topTime=     257.2905    (%age of runtime:  0.084 )
  zhbmv_     cnt=    1394176  totTime=      37.0491   called_tot=    1394176  topTime=      37.0491    (%age of runtime:  0.012 )
  ztrmv_     cnt=   13772160  totTime=      28.7147   called_tot=          0  topTime=       0.0000    (%age of runtime:  0.000 )
  dsymv_     cnt=    1393152  totTime=       1.9753   called_tot=          0  topTime=       0.0000    (%age of runtime:  0.000 )
  dsyr2_     cnt=    1626624  totTime=       1.7371   called_tot=          0  topTime=       0.0000    (%age of runtime:  0.000 )
  zher2_     cnt=     897600  totTime=       1.4674   called_tot=          0  topTime=       0.0000    (%age of runtime:  0.000 )
   dger_     cnt=    1372160  totTime=       0.9602   called_tot=          0  topTime=       0.0000    (%age of runtime:  0.000 )
  dtrsv_     cnt=     299520  totTime=       0.4095   called_tot=          0  topTime=       0.0000    (%age of runtime:  0.000 )
  zgerc_     cnt=      97152  totTime=       0.2056   called_tot=          0  topTime=       0.0000    (%age of runtime:  0.000 )
   zher_     cnt=      41472  totTime=       0.0403   called_tot=          0  topTime=       0.0000    (%age of runtime:  0.000 )
   dsyr_     cnt=      26624  totTime=       0.0227   called_tot=          0  topTime=       0.0000    (%age of runtime:  0.000 )
BLAS level 3:
  zgemm_     cnt=    2913280  totTime=  200842.3729   called_tot=    2316160  topTime=  200512.9798    (%age of runtime: 65.710 )
  zherk_     cnt=     204864  totTime=   14427.3257   called_tot=     203200  topTime=   14426.2424    (%age of runtime:  4.728 )
  ztrmm_     cnt=    1218944  totTime=     580.8764   called_tot=     134784  topTime=     452.9884    (%age of runtime:  0.148 )
 zher2k_     cnt=     297920  totTime=     101.6308   called_tot=          0  topTime=       0.0000    (%age of runtime:  0.000 )
  ztrsm_     cnt=       3200  totTime=       3.0584   called_tot=          0  topTime=       0.0000    (%age of runtime:  0.000 )
  dtrsm_     cnt=      11264  totTime=       0.4259   called_tot=          0  topTime=       0.0000    (%age of runtime:  0.000 )
 dsyr2k_     cnt=       9216  totTime=       0.3051   called_tot=          0  topTime=       0.0000    (%age of runtime:  0.000 )
Percentage in BLAS: 72.5399262067
 
LAPACK cases:
----------
 zheevr_     cnt=     134528  totTime=    6665.3476 called_tot=     134528  topTime=    6665.3476    (%age of runtime:  2.184 )
 zhetrd_     cnt=      67264  totTime=    2764.3034 called_tot=          0  topTime=       0.0000    (%age of runtime:  0.000 )
 zlatrd_     cnt=     297920  totTime=    2622.6134 called_tot=          0  topTime=       0.0000    (%age of runtime:  0.000 )
 dstebz_     cnt=      67264  totTime=    1434.2073 called_tot=          0  topTime=       0.0000    (%age of runtime:  0.000 )
 dlaebz_     cnt=     134528  totTime=    1433.0290 called_tot=          0  topTime=       0.0000    (%age of runtime:  0.000 )
 zstein_     cnt=      67264  totTime=    1274.5918 called_tot=          0  topTime=       0.0000    (%age of runtime:  0.000 )
 zlaset_     cnt=    1778688  totTime=    1248.7521 called_tot=    1778688  topTime=    1248.7521    (%age of runtime:  0.409 )
 zunmtr_     cnt=      67264  totTime=    1159.3841 called_tot=          0  topTime=       0.0000    (%age of runtime:  0.000 )
 zunmql_     cnt=      67264  totTime=    1158.8056 called_tot=          0  topTime=       0.0000    (%age of runtime:  0.000 )
 zlarft_     cnt=     360832  totTime=     635.1439 called_tot=          0  topTime=       0.0000    (%age of runtime:  0.000 )
 zlarfb_     cnt=     360832  totTime=     516.3991 called_tot=          0  topTime=       0.0000    (%age of runtime:  0.000 )
 dlarnv_     cnt=   10498304  totTime=     404.3436 called_tot=          0  topTime=       0.0000    (%age of runtime:  0.000 )
 zlarfg_     cnt=   10431040  totTime=     205.2987 called_tot=          0  topTime=       0.0000    (%age of runtime:  0.000 )
 dlagts_     cnt=   31496576  totTime=     182.4809 called_tot=          0  topTime=       0.0000    (%age of runtime:  0.000 )
 dlaruv_     cnt=   35177664  totTime=      84.0014 called_tot=          0  topTime=       0.0000    (%age of runtime:  0.000 )
  dsyev_     cnt=     144000  totTime=      76.3935 called_tot=     134784  topTime=      50.2378    (%age of runtime:  0.016 )
 zpotrf_     cnt=      67392  totTime=      54.5893 called_tot=      67392  topTime=      54.5893    (%age of runtime:  0.018 )
 dlagtf_     cnt=   10498304  totTime=      47.0699 called_tot=          0  topTime=       0.0000    (%age of runtime:  0.000 )
 zpotf2_     cnt=      68928  totTime=      43.4749 called_tot=          0  topTime=       0.0000    (%age of runtime:  0.000 )
 zhetd2_     cnt=      67264  totTime=      36.8575 called_tot=          0  topTime=       0.0000    (%age of runtime:  0.000 )
 zlacgv_     cnt=   54736320  totTime=      36.3029 called_tot=          0  topTime=       0.0000    (%age of runtime:  0.000 )
  dsygv_     cnt=       9216  totTime=      33.7291 called_tot=       9216  topTime=      33.7291    (%age of runtime:  0.011 )
 ztrtri_     cnt=      67392  totTime=      32.1147 called_tot=      67392  topTime=      32.1147    (%age of runtime:  0.011 )
 dsteqr_     cnt=     144000  totTime=      30.2334 called_tot=          0  topTime=       0.0000    (%age of runtime:  0.000 )
 dsytrd_     cnt=     144000  totTime=      24.5759 called_tot=          0  topTime=       0.0000    (%age of runtime:  0.000 )
 zladiv_     cnt=   10431040  totTime=      24.3964 called_tot=          0  topTime=       0.0000    (%age of runtime:  0.000 )
 ztrti2_     cnt=      68928  totTime=      22.0753 called_tot=          0  topTime=       0.0000    (%age of runtime:  0.000 )
 zlansy_     cnt=      67264  totTime=      22.0723 called_tot=          0  topTime=       0.0000    (%age of runtime:  0.000 )
 dsytd2_     cnt=     144000  totTime=      21.8036 called_tot=          0  topTime=       0.0000    (%age of runtime:  0.000 )
 dorgtr_     cnt=     144000  totTime=      18.1063 called_tot=          0  topTime=       0.0000    (%age of runtime:  0.000 )
 dorgql_     cnt=     144000  totTime=      17.4586 called_tot=          0  topTime=       0.0000    (%age of runtime:  0.000 )
 dorg2l_     cnt=     144000  totTime=      16.8497 called_tot=          0  topTime=       0.0000    (%age of runtime:  0.000 )
  dlarf_     cnt=    1916928  totTime=      10.7920 called_tot=          0  topTime=       0.0000    (%age of runtime:  0.000 )
 dladiv_     cnt=   10431040  totTime=      10.0016 called_tot=          0  topTime=       0.0000    (%age of runtime:  0.000 )
 dlartg_     cnt=   16651968  totTime=       9.7737 called_tot=          0  topTime=       0.0000    (%age of runtime:  0.000 )
 dlarfg_     cnt=    1916928  totTime=       7.0618 called_tot=          0  topTime=       0.0000    (%age of runtime:  0.000 )
 dlapy3_     cnt=   10431040  totTime=       6.9620 called_tot=          0  topTime=       0.0000    (%age of runtime:  0.000 )
 dsygst_     cnt=       9216  totTime=       3.4959 called_tot=          0  topTime=       0.0000    (%age of runtime:  0.000 )
 dsygs2_     cnt=       9216  totTime=       3.4439 called_tot=          0  topTime=       0.0000    (%age of runtime:  0.000 )
 dpotrf_     cnt=       9216  totTime=       3.3924 called_tot=          0  topTime=       0.0000    (%age of runtime:  0.000 )
  dlasr_     cnt=    2158912  totTime=       3.0724 called_tot=          0  topTime=       0.0000    (%age of runtime:  0.000 )
 zunm2l_     cnt=       4224  totTime=       2.5402 called_tot=          0  topTime=       0.0000    (%age of runtime:  0.000 )
  zlarf_     cnt=      97152  totTime=       2.2451 called_tot=          0  topTime=       0.0000    (%age of runtime:  0.000 )
 dpotf2_     cnt=       9216  totTime=       2.0050 called_tot=          0  topTime=       0.0000    (%age of runtime:  0.000 )
 dlatrd_     cnt=       9216  totTime=       1.5729 called_tot=          0  topTime=       0.0000    (%age of runtime:  0.000 )
 dlapy2_     cnt=    3051712  totTime=       1.2714 called_tot=          0  topTime=       0.0000    (%age of runtime:  0.000 )
 iladlc_     cnt=    1368576  totTime=       0.5897 called_tot=          0  topTime=       0.0000    (%age of runtime:  0.000 )
  dgesv_     cnt=       1024  totTime=       0.5048 called_tot=       1024  topTime=       0.5048    (%age of runtime:  0.000 )
 dlansy_     cnt=     144000  totTime=       0.4609 called_tot=          0  topTime=       0.0000    (%age of runtime:  0.000 )
 zhetrf_     cnt=       4320  totTime=       0.4439 called_tot=       4320  topTime=       0.4439    (%age of runtime:  0.000 )
 zhetf2_     cnt=       4320  totTime=       0.4111 called_tot=          0  topTime=       0.0000    (%age of runtime:  0.000 )
 dlaev2_     cnt=     480960  totTime=       0.4008 called_tot=          0  topTime=       0.0000    (%age of runtime:  0.000 )
 zhetri_     cnt=       4320  totTime=       0.3747 called_tot=       4320  topTime=       0.3747    (%age of runtime:  0.000 )
 dlanst_     cnt=     346176  totTime=       0.3548 called_tot=          0  topTime=       0.0000    (%age of runtime:  0.000 )
 ieeeck_     cnt=     134528  totTime=       0.2978 called_tot=          0  topTime=       0.0000    (%age of runtime:  0.000 )
 dsytri_     cnt=       2048  totTime=       0.2141 called_tot=       2048  topTime=       0.2141    (%age of runtime:  0.000 )
 dsytrf_     cnt=       2048  totTime=       0.2104 called_tot=       2048  topTime=       0.2104    (%age of runtime:  0.000 )
 dgetrs_     cnt=       1024  totTime=       0.2055 called_tot=          0  topTime=       0.0000    (%age of runtime:  0.000 )
 dsytf2_     cnt=       2048  totTime=       0.1929 called_tot=          0  topTime=       0.0000    (%age of runtime:  0.000 )
 dgetrf_     cnt=       1024  totTime=       0.1292 called_tot=          0  topTime=       0.0000    (%age of runtime:  0.000 )
 ilazlc_     cnt=      97152  totTime=       0.0551 called_tot=          0  topTime=       0.0000    (%age of runtime:  0.000 )
 dgetf2_     cnt=       1024  totTime=       0.0469 called_tot=          0  topTime=       0.0000    (%age of runtime:  0.000 )
 dlaswp_     cnt=       1024  totTime=       0.0381 called_tot=          0  topTime=       0.0000    (%age of runtime:  0.000 )
 ilaver_     cnt=          1  totTime=       0.0082 called_tot=          1  topTime=       0.0082    (%age of runtime:  0.000 )
Created /tmp/armpl.blas 
Visualize using ./blas_usage.py -x -l -i /tmp/armpl.blas
