Process full dataset for BLAS, LAPACK and FFT function usage.
Opening file ../4/cp2k-scale-4_log123475.apl (1 out of 256, Estimated time left = 00:00:00) 
Opening file ../4/cp2k-scale-4_log123476.apl (2 out of 256, Estimated time left = 00:00:01) 
Opening file ../4/cp2k-scale-4_log123477.apl (3 out of 256, Estimated time left = 00:00:01) 
Opening file ../4/cp2k-scale-4_log123478.apl (4 out of 256, Estimated time left = 00:00:01) 
Opening file ../4/cp2k-scale-4_log123479.apl (5 out of 256, Estimated time left = 00:00:01) 
Opening file ../4/cp2k-scale-4_log123480.apl (6 out of 256, Estimated time left = 00:00:01) 
Opening file ../4/cp2k-scale-4_log123481.apl (7 out of 256, Estimated time left = 00:00:01) 
Opening file ../4/cp2k-scale-4_log123482.apl (8 out of 256, Estimated time left = 00:00:01) 
Opening file ../4/cp2k-scale-4_log123483.apl (9 out of 256, Estimated time left = 00:00:01) 
Opening file ../4/cp2k-scale-4_log123484.apl (10 out of 256, Estimated time left = 00:00:01) 
Opening file ../4/cp2k-scale-4_log123485.apl (11 out of 256, Estimated time left = 00:00:01) 
Opening file ../4/cp2k-scale-4_log123486.apl (12 out of 256, Estimated time left = 00:00:01) 
Opening file ../4/cp2k-scale-4_log123487.apl (13 out of 256, Estimated time left = 00:00:01) 
Opening file ../4/cp2k-scale-4_log123488.apl (14 out of 256, Estimated time left = 00:00:01) 
Opening file ../4/cp2k-scale-4_log123489.apl (15 out of 256, Estimated time left = 00:00:01) 
Opening file ../4/cp2k-scale-4_log123490.apl (16 out of 256, Estimated time left = 00:00:01) 
Opening file ../4/cp2k-scale-4_log123491.apl (17 out of 256, Estimated time left = 00:00:01) 
Opening file ../4/cp2k-scale-4_log123492.apl (18 out of 256, Estimated time left = 00:00:01) 
Opening file ../4/cp2k-scale-4_log123493.apl (19 out of 256, Estimated time left = 00:00:01) 
Opening file ../4/cp2k-scale-4_log123494.apl (20 out of 256, Estimated time left = 00:00:01) 
Opening file ../4/cp2k-scale-4_log123495.apl (21 out of 256, Estimated time left = 00:00:01) 
Opening file ../4/cp2k-scale-4_log123496.apl (22 out of 256, Estimated time left = 00:00:01) 
Opening file ../4/cp2k-scale-4_log123497.apl (23 out of 256, Estimated time left = 00:00:01) 
Opening file ../4/cp2k-scale-4_log123498.apl (24 out of 256, Estimated time left = 00:00:01) 
Opening file ../4/cp2k-scale-4_log123499.apl (25 out of 256, Estimated time left = 00:00:01) 
Opening file ../4/cp2k-scale-4_log123500.apl (26 out of 256, Estimated time left = 00:00:01) 
Opening file ../4/cp2k-scale-4_log123501.apl (27 out of 256, Estimated time left = 00:00:01) 
Opening file ../4/cp2k-scale-4_log123502.apl (28 out of 256, Estimated time left = 00:00:01) 
Opening file ../4/cp2k-scale-4_log123503.apl (29 out of 256, Estimated time left = 00:00:01) 
Opening file ../4/cp2k-scale-4_log123504.apl (30 out of 256, Estimated time left = 00:00:01) 
Opening file ../4/cp2k-scale-4_log123505.apl (31 out of 256, Estimated time left = 00:00:01) 
Opening file ../4/cp2k-scale-4_log123506.apl (32 out of 256, Estimated time left = 00:00:01) 
Opening file ../4/cp2k-scale-4_log123507.apl (33 out of 256, Estimated time left = 00:00:01) 
Opening file ../4/cp2k-scale-4_log123508.apl (34 out of 256, Estimated time left = 00:00:01) 
Opening file ../4/cp2k-scale-4_log123509.apl (35 out of 256, Estimated time left = 00:00:01) 
Opening file ../4/cp2k-scale-4_log123510.apl (36 out of 256, Estimated time left = 00:00:01) 
Opening file ../4/cp2k-scale-4_log123511.apl (37 out of 256, Estimated time left = 00:00:01) 
Opening file ../4/cp2k-scale-4_log123512.apl (38 out of 256, Estimated time left = 00:00:01) 
Opening file ../4/cp2k-scale-4_log123513.apl (39 out of 256, Estimated time left = 00:00:01) 
Opening file ../4/cp2k-scale-4_log123514.apl (40 out of 256, Estimated time left = 00:00:01) 
Opening file ../4/cp2k-scale-4_log123515.apl (41 out of 256, Estimated time left = 00:00:01) 
Opening file ../4/cp2k-scale-4_log123516.apl (42 out of 256, Estimated time left = 00:00:01) 
Opening file ../4/cp2k-scale-4_log123517.apl (43 out of 256, Estimated time left = 00:00:01) 
Opening file ../4/cp2k-scale-4_log123518.apl (44 out of 256, Estimated time left = 00:00:01) 
Opening file ../4/cp2k-scale-4_log123519.apl (45 out of 256, Estimated time left = 00:00:01) 
Opening file ../4/cp2k-scale-4_log123520.apl (46 out of 256, Estimated time left = 00:00:01) 
Opening file ../4/cp2k-scale-4_log123521.apl (47 out of 256, Estimated time left = 00:00:01) 
Opening file ../4/cp2k-scale-4_log123522.apl (48 out of 256, Estimated time left = 00:00:01) 
Opening file ../4/cp2k-scale-4_log123523.apl (49 out of 256, Estimated time left = 00:00:01) 
Opening file ../4/cp2k-scale-4_log123524.apl (50 out of 256, Estimated time left = 00:00:01) 
Opening file ../4/cp2k-scale-4_log123525.apl (51 out of 256, Estimated time left = 00:00:01) 
Opening file ../4/cp2k-scale-4_log123526.apl (52 out of 256, Estimated time left = 00:00:01) 
Opening file ../4/cp2k-scale-4_log123527.apl (53 out of 256, Estimated time left = 00:00:01) 
Opening file ../4/cp2k-scale-4_log123528.apl (54 out of 256, Estimated time left = 00:00:01) 
Opening file ../4/cp2k-scale-4_log123529.apl (55 out of 256, Estimated time left = 00:00:01) 
Opening file ../4/cp2k-scale-4_log123530.apl (56 out of 256, Estimated time left = 00:00:01) 
Opening file ../4/cp2k-scale-4_log123531.apl (57 out of 256, Estimated time left = 00:00:01) 
Opening file ../4/cp2k-scale-4_log123532.apl (58 out of 256, Estimated time left = 00:00:01) 
Opening file ../4/cp2k-scale-4_log123533.apl (59 out of 256, Estimated time left = 00:00:01) 
Opening file ../4/cp2k-scale-4_log123534.apl (60 out of 256, Estimated time left = 00:00:01) 
Opening file ../4/cp2k-scale-4_log123535.apl (61 out of 256, Estimated time left = 00:00:01) 
Opening file ../4/cp2k-scale-4_log123536.apl (62 out of 256, Estimated time left = 00:00:01) 
Opening file ../4/cp2k-scale-4_log123537.apl (63 out of 256, Estimated time left = 00:00:01) 
Opening file ../4/cp2k-scale-4_log123538.apl (64 out of 256, Estimated time left = 00:00:01) 
Opening file ../4/cp2k-scale-4_log130671.apl (65 out of 256, Estimated time left = 00:00:01) 
Opening file ../4/cp2k-scale-4_log130672.apl (66 out of 256, Estimated time left = 00:00:01) 
Opening file ../4/cp2k-scale-4_log130673.apl (67 out of 256, Estimated time left = 00:00:01) 
Opening file ../4/cp2k-scale-4_log130674.apl (68 out of 256, Estimated time left = 00:00:01) 
Opening file ../4/cp2k-scale-4_log130675.apl (69 out of 256, Estimated time left = 00:00:01) 
Opening file ../4/cp2k-scale-4_log130676.apl (70 out of 256, Estimated time left = 00:00:01) 
Opening file ../4/cp2k-scale-4_log130677.apl (71 out of 256, Estimated time left = 00:00:01) 
Opening file ../4/cp2k-scale-4_log130678.apl (72 out of 256, Estimated time left = 00:00:01) 
Opening file ../4/cp2k-scale-4_log130679.apl (73 out of 256, Estimated time left = 00:00:01) 
Opening file ../4/cp2k-scale-4_log130680.apl (74 out of 256, Estimated time left = 00:00:01) 
Opening file ../4/cp2k-scale-4_log130681.apl (75 out of 256, Estimated time left = 00:00:01) 
Opening file ../4/cp2k-scale-4_log130682.apl (76 out of 256, Estimated time left = 00:00:01) 
Opening file ../4/cp2k-scale-4_log130683.apl (77 out of 256, Estimated time left = 00:00:01) 
Opening file ../4/cp2k-scale-4_log130684.apl (78 out of 256, Estimated time left = 00:00:01) 
Opening file ../4/cp2k-scale-4_log130685.apl (79 out of 256, Estimated time left = 00:00:01) 
Opening file ../4/cp2k-scale-4_log130686.apl (80 out of 256, Estimated time left = 00:00:01) 
Opening file ../4/cp2k-scale-4_log130687.apl (81 out of 256, Estimated time left = 00:00:01) 
Opening file ../4/cp2k-scale-4_log130688.apl (82 out of 256, Estimated time left = 00:00:01) 
Opening file ../4/cp2k-scale-4_log130689.apl (83 out of 256, Estimated time left = 00:00:01) 
Opening file ../4/cp2k-scale-4_log130690.apl (84 out of 256, Estimated time left = 00:00:01) 
Opening file ../4/cp2k-scale-4_log130691.apl (85 out of 256, Estimated time left = 00:00:01) 
Opening file ../4/cp2k-scale-4_log130692.apl (86 out of 256, Estimated time left = 00:00:01) 
Opening file ../4/cp2k-scale-4_log130693.apl (87 out of 256, Estimated time left = 00:00:01) 
Opening file ../4/cp2k-scale-4_log130694.apl (88 out of 256, Estimated time left = 00:00:01) 
Opening file ../4/cp2k-scale-4_log130695.apl (89 out of 256, Estimated time left = 00:00:01) 
Opening file ../4/cp2k-scale-4_log130696.apl (90 out of 256, Estimated time left = 00:00:01) 
Opening file ../4/cp2k-scale-4_log130697.apl (91 out of 256, Estimated time left = 00:00:01) 
Opening file ../4/cp2k-scale-4_log130698.apl (92 out of 256, Estimated time left = 00:00:01) 
Opening file ../4/cp2k-scale-4_log130699.apl (93 out of 256, Estimated time left = 00:00:01) 
Opening file ../4/cp2k-scale-4_log130700.apl (94 out of 256, Estimated time left = 00:00:01) 
Opening file ../4/cp2k-scale-4_log130701.apl (95 out of 256, Estimated time left = 00:00:01) 
Opening file ../4/cp2k-scale-4_log130702.apl (96 out of 256, Estimated time left = 00:00:01) 
Opening file ../4/cp2k-scale-4_log130703.apl (97 out of 256, Estimated time left = 00:00:01) 
Opening file ../4/cp2k-scale-4_log130704.apl (98 out of 256, Estimated time left = 00:00:01) 
Opening file ../4/cp2k-scale-4_log130705.apl (99 out of 256, Estimated time left = 00:00:01) 
Opening file ../4/cp2k-scale-4_log130706.apl (100 out of 256, Estimated time left = 00:00:01) 
Opening file ../4/cp2k-scale-4_log130707.apl (101 out of 256, Estimated time left = 00:00:01) 
Opening file ../4/cp2k-scale-4_log130708.apl (102 out of 256, Estimated time left = 00:00:01) 
Opening file ../4/cp2k-scale-4_log130709.apl (103 out of 256, Estimated time left = 00:00:01) 
Opening file ../4/cp2k-scale-4_log130710.apl (104 out of 256, Estimated time left = 00:00:01) 
Opening file ../4/cp2k-scale-4_log130711.apl (105 out of 256, Estimated time left = 00:00:01) 
Opening file ../4/cp2k-scale-4_log130712.apl (106 out of 256, Estimated time left = 00:00:01) 
Opening file ../4/cp2k-scale-4_log130713.apl (107 out of 256, Estimated time left = 00:00:01) 
Opening file ../4/cp2k-scale-4_log130714.apl (108 out of 256, Estimated time left = 00:00:01) 
Opening file ../4/cp2k-scale-4_log130715.apl (109 out of 256, Estimated time left = 00:00:01) 
Opening file ../4/cp2k-scale-4_log130716.apl (110 out of 256, Estimated time left = 00:00:01) 
Opening file ../4/cp2k-scale-4_log130717.apl (111 out of 256, Estimated time left = 00:00:00) 
Opening file ../4/cp2k-scale-4_log130718.apl (112 out of 256, Estimated time left = 00:00:00) 
Opening file ../4/cp2k-scale-4_log130719.apl (113 out of 256, Estimated time left = 00:00:00) 
Opening file ../4/cp2k-scale-4_log130720.apl (114 out of 256, Estimated time left = 00:00:00) 
Opening file ../4/cp2k-scale-4_log130721.apl (115 out of 256, Estimated time left = 00:00:00) 
Opening file ../4/cp2k-scale-4_log130722.apl (116 out of 256, Estimated time left = 00:00:00) 
Opening file ../4/cp2k-scale-4_log130723.apl (117 out of 256, Estimated time left = 00:00:00) 
Opening file ../4/cp2k-scale-4_log130724.apl (118 out of 256, Estimated time left = 00:00:00) 
Opening file ../4/cp2k-scale-4_log130725.apl (119 out of 256, Estimated time left = 00:00:00) 
Opening file ../4/cp2k-scale-4_log130726.apl (120 out of 256, Estimated time left = 00:00:00) 
Opening file ../4/cp2k-scale-4_log130727.apl (121 out of 256, Estimated time left = 00:00:00) 
Opening file ../4/cp2k-scale-4_log130728.apl (122 out of 256, Estimated time left = 00:00:00) 
Opening file ../4/cp2k-scale-4_log130729.apl (123 out of 256, Estimated time left = 00:00:00) 
Opening file ../4/cp2k-scale-4_log130730.apl (124 out of 256, Estimated time left = 00:00:00) 
Opening file ../4/cp2k-scale-4_log130731.apl (125 out of 256, Estimated time left = 00:00:00) 
Opening file ../4/cp2k-scale-4_log130732.apl (126 out of 256, Estimated time left = 00:00:00) 
Opening file ../4/cp2k-scale-4_log130733.apl (127 out of 256, Estimated time left = 00:00:00) 
Opening file ../4/cp2k-scale-4_log130734.apl (128 out of 256, Estimated time left = 00:00:00) 
Opening file ../4/cp2k-scale-4_log15751.apl (129 out of 256, Estimated time left = 00:00:00) 
Opening file ../4/cp2k-scale-4_log15752.apl (130 out of 256, Estimated time left = 00:00:00) 
Opening file ../4/cp2k-scale-4_log15753.apl (131 out of 256, Estimated time left = 00:00:00) 
Opening file ../4/cp2k-scale-4_log15754.apl (132 out of 256, Estimated time left = 00:00:00) 
Opening file ../4/cp2k-scale-4_log15755.apl (133 out of 256, Estimated time left = 00:00:00) 
Opening file ../4/cp2k-scale-4_log15756.apl (134 out of 256, Estimated time left = 00:00:00) 
Opening file ../4/cp2k-scale-4_log15757.apl (135 out of 256, Estimated time left = 00:00:00) 
Opening file ../4/cp2k-scale-4_log15758.apl (136 out of 256, Estimated time left = 00:00:00) 
Opening file ../4/cp2k-scale-4_log15759.apl (137 out of 256, Estimated time left = 00:00:00) 
Opening file ../4/cp2k-scale-4_log15760.apl (138 out of 256, Estimated time left = 00:00:00) 
Opening file ../4/cp2k-scale-4_log15761.apl (139 out of 256, Estimated time left = 00:00:00) 
Opening file ../4/cp2k-scale-4_log15762.apl (140 out of 256, Estimated time left = 00:00:00) 
Opening file ../4/cp2k-scale-4_log15763.apl (141 out of 256, Estimated time left = 00:00:00) 
Opening file ../4/cp2k-scale-4_log15764.apl (142 out of 256, Estimated time left = 00:00:00) 
Opening file ../4/cp2k-scale-4_log15765.apl (143 out of 256, Estimated time left = 00:00:00) 
Opening file ../4/cp2k-scale-4_log15766.apl (144 out of 256, Estimated time left = 00:00:00) 
Opening file ../4/cp2k-scale-4_log15767.apl (145 out of 256, Estimated time left = 00:00:00) 
Opening file ../4/cp2k-scale-4_log15768.apl (146 out of 256, Estimated time left = 00:00:00) 
Opening file ../4/cp2k-scale-4_log15769.apl (147 out of 256, Estimated time left = 00:00:00) 
Opening file ../4/cp2k-scale-4_log15770.apl (148 out of 256, Estimated time left = 00:00:00) 
Opening file ../4/cp2k-scale-4_log15771.apl (149 out of 256, Estimated time left = 00:00:00) 
Opening file ../4/cp2k-scale-4_log15772.apl (150 out of 256, Estimated time left = 00:00:00) 
Opening file ../4/cp2k-scale-4_log15773.apl (151 out of 256, Estimated time left = 00:00:00) 
Opening file ../4/cp2k-scale-4_log15774.apl (152 out of 256, Estimated time left = 00:00:00) 
Opening file ../4/cp2k-scale-4_log15775.apl (153 out of 256, Estimated time left = 00:00:00) 
Opening file ../4/cp2k-scale-4_log15776.apl (154 out of 256, Estimated time left = 00:00:00) 
Opening file ../4/cp2k-scale-4_log15777.apl (155 out of 256, Estimated time left = 00:00:00) 
Opening file ../4/cp2k-scale-4_log15778.apl (156 out of 256, Estimated time left = 00:00:00) 
Opening file ../4/cp2k-scale-4_log15779.apl (157 out of 256, Estimated time left = 00:00:00) 
Opening file ../4/cp2k-scale-4_log15780.apl (158 out of 256, Estimated time left = 00:00:00) 
Opening file ../4/cp2k-scale-4_log15781.apl (159 out of 256, Estimated time left = 00:00:00) 
Opening file ../4/cp2k-scale-4_log15782.apl (160 out of 256, Estimated time left = 00:00:00) 
Opening file ../4/cp2k-scale-4_log15783.apl (161 out of 256, Estimated time left = 00:00:00) 
Opening file ../4/cp2k-scale-4_log15784.apl (162 out of 256, Estimated time left = 00:00:00) 
Opening file ../4/cp2k-scale-4_log15785.apl (163 out of 256, Estimated time left = 00:00:00) 
Opening file ../4/cp2k-scale-4_log15786.apl (164 out of 256, Estimated time left = 00:00:00) 
Opening file ../4/cp2k-scale-4_log15787.apl (165 out of 256, Estimated time left = 00:00:00) 
Opening file ../4/cp2k-scale-4_log15788.apl (166 out of 256, Estimated time left = 00:00:00) 
Opening file ../4/cp2k-scale-4_log15789.apl (167 out of 256, Estimated time left = 00:00:00) 
Opening file ../4/cp2k-scale-4_log15790.apl (168 out of 256, Estimated time left = 00:00:00) 
Opening file ../4/cp2k-scale-4_log15791.apl (169 out of 256, Estimated time left = 00:00:00) 
Opening file ../4/cp2k-scale-4_log15792.apl (170 out of 256, Estimated time left = 00:00:00) 
Opening file ../4/cp2k-scale-4_log15793.apl (171 out of 256, Estimated time left = 00:00:00) 
Opening file ../4/cp2k-scale-4_log15794.apl (172 out of 256, Estimated time left = 00:00:00) 
Opening file ../4/cp2k-scale-4_log15795.apl (173 out of 256, Estimated time left = 00:00:00) 
Opening file ../4/cp2k-scale-4_log15796.apl (174 out of 256, Estimated time left = 00:00:00) 
Opening file ../4/cp2k-scale-4_log15797.apl (175 out of 256, Estimated time left = 00:00:00) 
Opening file ../4/cp2k-scale-4_log15798.apl (176 out of 256, Estimated time left = 00:00:00) 
Opening file ../4/cp2k-scale-4_log15799.apl (177 out of 256, Estimated time left = 00:00:00) 
Opening file ../4/cp2k-scale-4_log15800.apl (178 out of 256, Estimated time left = 00:00:00) 
Opening file ../4/cp2k-scale-4_log15801.apl (179 out of 256, Estimated time left = 00:00:00) 
Opening file ../4/cp2k-scale-4_log15802.apl (180 out of 256, Estimated time left = 00:00:00) 
Opening file ../4/cp2k-scale-4_log15803.apl (181 out of 256, Estimated time left = 00:00:00) 
Opening file ../4/cp2k-scale-4_log15804.apl (182 out of 256, Estimated time left = 00:00:00) 
Opening file ../4/cp2k-scale-4_log15805.apl (183 out of 256, Estimated time left = 00:00:00) 
Opening file ../4/cp2k-scale-4_log15806.apl (184 out of 256, Estimated time left = 00:00:00) 
Opening file ../4/cp2k-scale-4_log15807.apl (185 out of 256, Estimated time left = 00:00:00) 
Opening file ../4/cp2k-scale-4_log15808.apl (186 out of 256, Estimated time left = 00:00:00) 
Opening file ../4/cp2k-scale-4_log15809.apl (187 out of 256, Estimated time left = 00:00:00) 
Opening file ../4/cp2k-scale-4_log15810.apl (188 out of 256, Estimated time left = 00:00:00) 
Opening file ../4/cp2k-scale-4_log15811.apl (189 out of 256, Estimated time left = 00:00:00) 
Opening file ../4/cp2k-scale-4_log15812.apl (190 out of 256, Estimated time left = 00:00:00) 
Opening file ../4/cp2k-scale-4_log15813.apl (191 out of 256, Estimated time left = 00:00:00) 
Opening file ../4/cp2k-scale-4_log15814.apl (192 out of 256, Estimated time left = 00:00:00) 
Opening file ../4/cp2k-scale-4_log49812.apl (193 out of 256, Estimated time left = 00:00:00) 
Opening file ../4/cp2k-scale-4_log49813.apl (194 out of 256, Estimated time left = 00:00:00) 
Opening file ../4/cp2k-scale-4_log49814.apl (195 out of 256, Estimated time left = 00:00:00) 
Opening file ../4/cp2k-scale-4_log49815.apl (196 out of 256, Estimated time left = 00:00:00) 
Opening file ../4/cp2k-scale-4_log49816.apl (197 out of 256, Estimated time left = 00:00:00) 
Opening file ../4/cp2k-scale-4_log49817.apl (198 out of 256, Estimated time left = 00:00:00) 
Opening file ../4/cp2k-scale-4_log49818.apl (199 out of 256, Estimated time left = 00:00:00) 
Opening file ../4/cp2k-scale-4_log49819.apl (200 out of 256, Estimated time left = 00:00:00) 
Opening file ../4/cp2k-scale-4_log49820.apl (201 out of 256, Estimated time left = 00:00:00) 
Opening file ../4/cp2k-scale-4_log49821.apl (202 out of 256, Estimated time left = 00:00:00) 
Opening file ../4/cp2k-scale-4_log49822.apl (203 out of 256, Estimated time left = 00:00:00) 
Opening file ../4/cp2k-scale-4_log49823.apl (204 out of 256, Estimated time left = 00:00:00) 
Opening file ../4/cp2k-scale-4_log49824.apl (205 out of 256, Estimated time left = 00:00:00) 
Opening file ../4/cp2k-scale-4_log49825.apl (206 out of 256, Estimated time left = 00:00:00) 
Opening file ../4/cp2k-scale-4_log49826.apl (207 out of 256, Estimated time left = 00:00:00) 
Opening file ../4/cp2k-scale-4_log49827.apl (208 out of 256, Estimated time left = 00:00:00) 
Opening file ../4/cp2k-scale-4_log49828.apl (209 out of 256, Estimated time left = 00:00:00) 
Opening file ../4/cp2k-scale-4_log49829.apl (210 out of 256, Estimated time left = 00:00:00) 
Opening file ../4/cp2k-scale-4_log49830.apl (211 out of 256, Estimated time left = 00:00:00) 
Opening file ../4/cp2k-scale-4_log49831.apl (212 out of 256, Estimated time left = 00:00:00) 
Opening file ../4/cp2k-scale-4_log49832.apl (213 out of 256, Estimated time left = 00:00:00) 
Opening file ../4/cp2k-scale-4_log49833.apl (214 out of 256, Estimated time left = 00:00:00) 
Opening file ../4/cp2k-scale-4_log49834.apl (215 out of 256, Estimated time left = 00:00:00) 
Opening file ../4/cp2k-scale-4_log49835.apl (216 out of 256, Estimated time left = 00:00:00) 
Opening file ../4/cp2k-scale-4_log49836.apl (217 out of 256, Estimated time left = 00:00:00) 
Opening file ../4/cp2k-scale-4_log49837.apl (218 out of 256, Estimated time left = 00:00:00) 
Opening file ../4/cp2k-scale-4_log49838.apl (219 out of 256, Estimated time left = 00:00:00) 
Opening file ../4/cp2k-scale-4_log49839.apl (220 out of 256, Estimated time left = 00:00:00) 
Opening file ../4/cp2k-scale-4_log49840.apl (221 out of 256, Estimated time left = 00:00:00) 
Opening file ../4/cp2k-scale-4_log49841.apl (222 out of 256, Estimated time left = 00:00:00) 
Opening file ../4/cp2k-scale-4_log49842.apl (223 out of 256, Estimated time left = 00:00:00) 
Opening file ../4/cp2k-scale-4_log49843.apl (224 out of 256, Estimated time left = 00:00:00) 
Opening file ../4/cp2k-scale-4_log49844.apl (225 out of 256, Estimated time left = 00:00:00) 
Opening file ../4/cp2k-scale-4_log49845.apl (226 out of 256, Estimated time left = 00:00:00) 
Opening file ../4/cp2k-scale-4_log49846.apl (227 out of 256, Estimated time left = 00:00:00) 
Opening file ../4/cp2k-scale-4_log49847.apl (228 out of 256, Estimated time left = 00:00:00) 
Opening file ../4/cp2k-scale-4_log49848.apl (229 out of 256, Estimated time left = 00:00:00) 
Opening file ../4/cp2k-scale-4_log49849.apl (230 out of 256, Estimated time left = 00:00:00) 
Opening file ../4/cp2k-scale-4_log49850.apl (231 out of 256, Estimated time left = 00:00:00) 
Opening file ../4/cp2k-scale-4_log49851.apl (232 out of 256, Estimated time left = 00:00:00) 
Opening file ../4/cp2k-scale-4_log49852.apl (233 out of 256, Estimated time left = 00:00:00) 
Opening file ../4/cp2k-scale-4_log49853.apl (234 out of 256, Estimated time left = 00:00:00) 
Opening file ../4/cp2k-scale-4_log49854.apl (235 out of 256, Estimated time left = 00:00:00) 
Opening file ../4/cp2k-scale-4_log49855.apl (236 out of 256, Estimated time left = 00:00:00) 
Opening file ../4/cp2k-scale-4_log49856.apl (237 out of 256, Estimated time left = 00:00:00) 
Opening file ../4/cp2k-scale-4_log49857.apl (238 out of 256, Estimated time left = 00:00:00) 
Opening file ../4/cp2k-scale-4_log49858.apl (239 out of 256, Estimated time left = 00:00:00) 
Opening file ../4/cp2k-scale-4_log49859.apl (240 out of 256, Estimated time left = 00:00:00) 
Opening file ../4/cp2k-scale-4_log49860.apl (241 out of 256, Estimated time left = 00:00:00) 
Opening file ../4/cp2k-scale-4_log49861.apl (242 out of 256, Estimated time left = 00:00:00) 
Opening file ../4/cp2k-scale-4_log49862.apl (243 out of 256, Estimated time left = 00:00:00) 
Opening file ../4/cp2k-scale-4_log49863.apl (244 out of 256, Estimated time left = 00:00:00) 
Opening file ../4/cp2k-scale-4_log49864.apl (245 out of 256, Estimated time left = 00:00:00) 
Opening file ../4/cp2k-scale-4_log49865.apl (246 out of 256, Estimated time left = 00:00:00) 
Opening file ../4/cp2k-scale-4_log49866.apl (247 out of 256, Estimated time left = 00:00:00) 
Opening file ../4/cp2k-scale-4_log49867.apl (248 out of 256, Estimated time left = 00:00:00) 
Opening file ../4/cp2k-scale-4_log49868.apl (249 out of 256, Estimated time left = 00:00:00) 
Opening file ../4/cp2k-scale-4_log49869.apl (250 out of 256, Estimated time left = 00:00:00) 
Opening file ../4/cp2k-scale-4_log49870.apl (251 out of 256, Estimated time left = 00:00:00) 
Opening file ../4/cp2k-scale-4_log49871.apl (252 out of 256, Estimated time left = 00:00:00) 
Opening file ../4/cp2k-scale-4_log49932.apl (253 out of 256, Estimated time left = 00:00:00) 
Opening file ../4/cp2k-scale-4_log49933.apl (254 out of 256, Estimated time left = 00:00:00) 
Opening file ../4/cp2k-scale-4_log49934.apl (255 out of 256, Estimated time left = 00:00:00) 
Opening file ../4/cp2k-scale-4_log49935.apl (256 out of 256, Estimated time left = 00:00:00) 
BLAS level 1     : count   54085571    total time      53.9710  user count   14069755  user time      15.1440
BLAS level 2     : count   13283870    total time      45.9820  user count     571550  user time       2.6043
BLAS level 3     : count  255696583    total time    1187.1216  user count  255392199  user time    1059.1058
LAPACK           : count   28842128    total time    1090.8682  user count     567341  user time     517.2530
FFT              : count      16992    total time      17.1060  user count      14944  user time      16.8336
MATH             : count 3623497858    total time    1370.0864  user count 3623243084  user time    1361.4718
 
Double precision : count  351744568    total time    2376.1787  user count  270437261  user time    1592.3429
Single precision : count      25372    total time      17.0671  user count      23332  user time      16.7958
Double complex   : count     155136    total time       1.7358  user count     155136  user time       1.7358
Single complex   : count          0    total time       0.0000  user count          0  user time       0.0000
 
FFT cases:
----------
 FFTW calls:
       fftw_plan_guru_dft len=   [1]   plan-cnt=        256   plan-Time=    14.292628 exec-cnt=          0   exec-Time=     0.000000
       fftw_plan_many_dft len= [4, 4, 4]   plan-cnt=        256   plan-Time=     0.072266 exec-cnt=          0   exec-Time=     0.000000
            fftw_plan_dft len= [4, 4, 4]   plan-cnt=        256   plan-Time=     0.075924 exec-cnt=          0   exec-Time=     0.000000
         fftw_plan_dft_3d len= [4, 4, 4]   plan-cnt=        256   plan-Time=     1.971512 exec-cnt=          0   exec-Time=     0.000000
 ...of which the breakdown by 'howmany' cases shows:
       fftw_plan_guru_dft len=   [1] howmany=          2  plan-cnt=        256   plan-Time=    14.292628 exec-cnt=          0   exec-Time=     0.000000   avg-time=     0.0000000000
       fftw_plan_many_dft len= [4, 4, 4] howmany=          1  plan-cnt=        256   plan-Time=     0.072266 exec-cnt=          0   exec-Time=     0.000000   avg-time=     0.0000000000
            fftw_plan_dft len= [4, 4, 4] howmany=          1  plan-cnt=        256   plan-Time=     0.075924 exec-cnt=          0   exec-Time=     0.000000   avg-time=     0.0000000000
         fftw_plan_dft_3d len= [4, 4, 4] howmany=          1  plan-cnt=        256   plan-Time=     1.971512 exec-cnt=          0   exec-Time=     0.000000   avg-time=     0.0000000000
 
BLAS cases:
----------
BLAS level 1:
  dcopy_     cnt=   20715436  totTime=      18.8202   called_tot=   10753964  topTime=       9.8785    (%age of runtime:  0.045 )
  dscal_     cnt=   12636618  totTime=      14.3594   called_tot=     159818  topTime=       0.1579    (%age of runtime:  0.001 )
  dnrm2_     cnt=   10614162  totTime=       7.2460   called_tot=      67254  topTime=       0.0917    (%age of runtime:  0.000 )
  daxpy_     cnt=    9189221  totTime=       6.9509   called_tot=    2840421  topTime=       3.2218    (%age of runtime:  0.015 )
   ddot_     cnt=      92938  totTime=       1.9148   called_tot=      87562  topTime=       0.0536    (%age of runtime:  0.000 )
 zdscal_     cnt=     155136  totTime=       1.7358   called_tot=     155136  topTime=       1.7358    (%age of runtime:  0.008 )
  dswap_     cnt=      43628  totTime=       1.6353   called_tot=          0  topTime=       0.0000    (%age of runtime:  0.000 )
 idamax_     cnt=     593888  totTime=       0.8162   called_tot=       5600  topTime=       0.0048    (%age of runtime:  0.000 )
   drot_     cnt=      44544  totTime=       0.4924   called_tot=          0  topTime=       0.0000    (%age of runtime:  0.000 )
BLAS level 2:
  dgemv_     cnt=   13084130  totTime=      39.3179   called_tot=     460130  topTime=       2.2213    (%age of runtime:  0.010 )
  dtrmv_     cnt=      55618  totTime=       3.0515   called_tot=      40770  topTime=       0.0609    (%age of runtime:  0.000 )
   dger_     cnt=      30176  totTime=       2.4067   called_tot=      12000  topTime=       0.0195    (%age of runtime:  0.000 )
  dtrsv_     cnt=      55296  totTime=       0.9033   called_tot=          0  topTime=       0.0000    (%age of runtime:  0.000 )
  dsymv_     cnt=      57150  totTime=       0.2786   called_tot=      57150  topTime=       0.2786    (%age of runtime:  0.001 )
  dsyr2_     cnt=       1500  totTime=       0.0241   called_tot=       1500  topTime=       0.0241    (%age of runtime:  0.000 )
BLAS level 3:
  dgemm_     cnt=  255466314  totTime=    1107.8265   called_tot=  255320138  topTime=    1056.6095    (%age of runtime:  4.760 )
  dtrmm_     cnt=      18296  totTime=      45.5019   called_tot=       1400  topTime=       0.0349    (%age of runtime:  0.000 )
  dtrsm_     cnt=     173256  totTime=      32.6227   called_tot=      31944  topTime=       1.2908    (%age of runtime:  0.006 )
  dsyrk_     cnt=      37367  totTime=       1.1226   called_tot=      37367  topTime=       1.1226    (%age of runtime:  0.005 )
 dsyr2k_     cnt=       1350  totTime=       0.0480   called_tot=       1350  topTime=       0.0480    (%age of runtime:  0.000 )
Percentage in BLAS: 4.8512830173988
 
LAPACK cases:
----------
  dsyev_     cnt=       5376  totTime=     204.7332 called_tot=       5376  topTime=     204.7332    (%age of runtime:  0.922 )
 dgelss_     cnt=       2048  totTime=     104.4074 called_tot=       2048  topTime=     104.4074    (%age of runtime:  0.470 )
  dgesv_     cnt=      28928  totTime=      81.0558 called_tot=      28928  topTime=      81.0558    (%age of runtime:  0.365 )
 dhseqr_     cnt=      60928  totTime=      79.6199 called_tot=      60928  topTime=      79.6199    (%age of runtime:  0.359 )
 dgetrf_     cnt=      28928  totTime=      77.1323 called_tot=          0  topTime=       0.0000    (%age of runtime:  0.000 )
 dsytrd_     cnt=       5376  totTime=      69.1994 called_tot=          0  topTime=       0.0000    (%age of runtime:  0.000 )
 dlahqr_     cnt=      12800  totTime=      67.0301 called_tot=          0  topTime=       0.0000    (%age of runtime:  0.000 )
 dsteqr_     cnt=       5776  totTime=      59.7145 called_tot=        400  topTime=       0.1743    (%age of runtime:  0.001 )
 dlarfg_     cnt=   10543630  totTime=      55.2287 called_tot=       1550  topTime=       0.0085    (%age of runtime:  0.000 )
 dtrevc_     cnt=      30464  totTime=      46.0936 called_tot=      30464  topTime=      46.0936    (%age of runtime:  0.208 )
 dorgtr_     cnt=       5376  totTime=      45.0223 called_tot=          0  topTime=       0.0000    (%age of runtime:  0.000 )
 dormbr_     cnt=       4096  totTime=      44.0054 called_tot=          0  topTime=       0.0000    (%age of runtime:  0.000 )
 dormqr_     cnt=       2048  totTime=      39.2670 called_tot=          0  topTime=       0.0000    (%age of runtime:  0.000 )
 dgebrd_     cnt=       4096  totTime=      17.9090 called_tot=          0  topTime=       0.0000    (%age of runtime:  0.000 )
 dbdsqr_     cnt=       2048  totTime=      15.6350 called_tot=          0  topTime=       0.0000    (%age of runtime:  0.000 )
 dgebd2_     cnt=       2048  totTime=      11.9386 called_tot=          0  topTime=       0.0000    (%age of runtime:  0.000 )
 dlaqr0_     cnt=      30464  totTime=      10.7528 called_tot=          0  topTime=       0.0000    (%age of runtime:  0.000 )
  dlarf_     cnt=      20224  totTime=       9.2799 called_tot=          0  topTime=       0.0000    (%age of runtime:  0.000 )
 dlaln2_     cnt=    6348800  totTime=       7.7700 called_tot=          0  topTime=       0.0000    (%age of runtime:  0.000 )
 dlabad_     cnt=      54272  totTime=       7.3032 called_tot=          0  topTime=       0.0000    (%age of runtime:  0.000 )
 dlapy2_     cnt=   10878841  totTime=       7.0616 called_tot=     288616  topTime=       0.1283    (%age of runtime:  0.001 )
 iparmq_     cnt=      38400  totTime=       6.5831 called_tot=          0  topTime=       0.0000    (%age of runtime:  0.000 )
 dorgbr_     cnt=       4096  totTime=       4.2318 called_tot=          0  topTime=       0.0000    (%age of runtime:  0.000 )
 dlansy_     cnt=       5376  totTime=       3.8537 called_tot=          0  topTime=       0.0000    (%age of runtime:  0.000 )
 dlaev2_     cnt=       5775  totTime=       3.6979 called_tot=          0  topTime=       0.0000    (%age of runtime:  0.000 )
 dgetrs_     cnt=      28928  totTime=       3.4379 called_tot=          0  topTime=       0.0000    (%age of runtime:  0.000 )
 dlaqr3_     cnt=      12800  totTime=       3.2869 called_tot=          0  topTime=       0.0000    (%age of runtime:  0.000 )
 dorglq_     cnt=       6144  totTime=       1.3478 called_tot=          0  topTime=       0.0000    (%age of runtime:  0.000 )
 dorgl2_     cnt=       2048  totTime=       1.1844 called_tot=          0  topTime=       0.0000    (%age of runtime:  0.000 )
 dlartg_     cnt=      52224  totTime=       0.7609 called_tot=          0  topTime=       0.0000    (%age of runtime:  0.000 )
 dlaed4_     cnt=     100881  totTime=       0.6426 called_tot=     100881  topTime=       0.6426    (%age of runtime:  0.003 )
 dlaswp_     cnt=     277504  totTime=       0.3533 called_tot=          0  topTime=       0.0000    (%age of runtime:  0.000 )
 dlarnv_     cnt=        952  totTime=       0.3109 called_tot=        952  topTime=       0.3109    (%age of runtime:  0.001 )
 dormhr_     cnt=      12800  totTime=       0.2853 called_tot=          0  topTime=       0.0000    (%age of runtime:  0.000 )
 iladlr_     cnt=      10752  totTime=       0.1693 called_tot=          0  topTime=       0.0000    (%age of runtime:  0.000 )
 dlaset_     cnt=      79826  totTime=       0.1167 called_tot=      36050  topTime=       0.0302    (%age of runtime:  0.000 )
 dlaed6_     cnt=      40827  totTime=       0.1108 called_tot=          0  topTime=       0.0000    (%age of runtime:  0.000 )
 dgehrd_     cnt=      12800  totTime=       0.0572 called_tot=          0  topTime=       0.0000    (%age of runtime:  0.000 )
 dlaruv_     cnt=        952  totTime=       0.0479 called_tot=          0  topTime=       0.0000    (%age of runtime:  0.000 )
  drscl_     cnt=       8960  totTime=       0.0407 called_tot=          0  topTime=       0.0000    (%age of runtime:  0.000 )
  dlas2_     cnt=       4096  totTime=       0.0335 called_tot=          0  topTime=       0.0000    (%age of runtime:  0.000 )
 dlanv2_     cnt=      14848  totTime=       0.0332 called_tot=          0  topTime=       0.0000    (%age of runtime:  0.000 )
    acos     cnt=       8448  totTime=       0.0283 called_tot=       8448  topTime=       0.0283    (%age of runtime:  0.000 )
 dlaqr4_     cnt=      12800  totTime=       0.0223 called_tot=          0  topTime=       0.0000    (%age of runtime:  0.000 )
 dlasv2_     cnt=       3328  totTime=       0.0210 called_tot=          0  topTime=       0.0000    (%age of runtime:  0.000 )
 iladlc_     cnt=       7424  totTime=       0.0161 called_tot=          0  topTime=       0.0000    (%age of runtime:  0.000 )
 dlacpy_     cnt=       1100  totTime=       0.0155 called_tot=       1100  topTime=       0.0155    (%age of runtime:  0.000 )
 dlange_     cnt=       4096  totTime=       0.0096 called_tot=          0  topTime=       0.0000    (%age of runtime:  0.000 )
 dlanst_     cnt=       6176  totTime=       0.0075 called_tot=        400  topTime=       0.0022    (%age of runtime:  0.000 )
 dlascl_     cnt=       1200  totTime=       0.0024 called_tot=       1200  topTime=       0.0024    (%age of runtime:  0.000 )
 
Math cases:
----------
     exp     cnt= 3383435831  totTime=    1241.6512 called_tot= 3383435831  topTime=    1241.6512    (%age of runtime:  5.594 )
    cbrt     cnt=  233637739  totTime=      97.3041 called_tot=  233637739  topTime=      97.3041    (%age of runtime:  0.438 )
     pow     cnt=     814848  totTime=      19.9893 called_tot=     812800  topTime=      19.9869    (%age of runtime:  0.090 )
     log     cnt=     476982  totTime=       7.0083 called_tot=     278528  topTime=       0.1048    (%age of runtime:  0.000 )
   log10     cnt=      54272  totTime=       1.7087 called_tot=          0  topTime=       0.0000    (%age of runtime:  0.000 )
     cos     cnt=    3293761  totTime=       1.5116 called_tot=    3293761  topTime=       1.5116    (%age of runtime:  0.007 )
     sin     cnt=    1753705  totTime=       0.8729 called_tot=    1753705  topTime=       0.8729    (%age of runtime:  0.004 )
    sinh     cnt=      30720  totTime=       0.0403 called_tot=      30720  topTime=       0.0403    (%age of runtime:  0.000 )
Created /tmp/armpl.blas 
Visualize using ./blas_usage.py -x -l -i /tmp/armpl.blas
