Process full dataset for BLAS, LAPACK and FFT function usage.
Opening file ../2/cp2k-scale-2_log121422.apl (1 out of 128, Estimated time left = 00:00:00) 
Opening file ../2/cp2k-scale-2_log121423.apl (2 out of 128, Estimated time left = 00:00:01) 
Opening file ../2/cp2k-scale-2_log121424.apl (3 out of 128, Estimated time left = 00:00:02) 
Opening file ../2/cp2k-scale-2_log121425.apl (4 out of 128, Estimated time left = 00:00:02) 
Opening file ../2/cp2k-scale-2_log121426.apl (5 out of 128, Estimated time left = 00:00:02) 
Opening file ../2/cp2k-scale-2_log121427.apl (6 out of 128, Estimated time left = 00:00:02) 
Opening file ../2/cp2k-scale-2_log121428.apl (7 out of 128, Estimated time left = 00:00:02) 
Opening file ../2/cp2k-scale-2_log121429.apl (8 out of 128, Estimated time left = 00:00:02) 
Opening file ../2/cp2k-scale-2_log121430.apl (9 out of 128, Estimated time left = 00:00:02) 
Opening file ../2/cp2k-scale-2_log121431.apl (10 out of 128, Estimated time left = 00:00:02) 
Opening file ../2/cp2k-scale-2_log121432.apl (11 out of 128, Estimated time left = 00:00:02) 
Opening file ../2/cp2k-scale-2_log121433.apl (12 out of 128, Estimated time left = 00:00:02) 
Opening file ../2/cp2k-scale-2_log121434.apl (13 out of 128, Estimated time left = 00:00:02) 
Opening file ../2/cp2k-scale-2_log121435.apl (14 out of 128, Estimated time left = 00:00:02) 
Opening file ../2/cp2k-scale-2_log121436.apl (15 out of 128, Estimated time left = 00:00:01) 
Opening file ../2/cp2k-scale-2_log121437.apl (16 out of 128, Estimated time left = 00:00:01) 
Opening file ../2/cp2k-scale-2_log121438.apl (17 out of 128, Estimated time left = 00:00:01) 
Opening file ../2/cp2k-scale-2_log121439.apl (18 out of 128, Estimated time left = 00:00:01) 
Opening file ../2/cp2k-scale-2_log121440.apl (19 out of 128, Estimated time left = 00:00:01) 
Opening file ../2/cp2k-scale-2_log121441.apl (20 out of 128, Estimated time left = 00:00:01) 
Opening file ../2/cp2k-scale-2_log121442.apl (21 out of 128, Estimated time left = 00:00:01) 
Opening file ../2/cp2k-scale-2_log121443.apl (22 out of 128, Estimated time left = 00:00:01) 
Opening file ../2/cp2k-scale-2_log121444.apl (23 out of 128, Estimated time left = 00:00:01) 
Opening file ../2/cp2k-scale-2_log121445.apl (24 out of 128, Estimated time left = 00:00:01) 
Opening file ../2/cp2k-scale-2_log121446.apl (25 out of 128, Estimated time left = 00:00:01) 
Opening file ../2/cp2k-scale-2_log121447.apl (26 out of 128, Estimated time left = 00:00:01) 
Opening file ../2/cp2k-scale-2_log121448.apl (27 out of 128, Estimated time left = 00:00:01) 
Opening file ../2/cp2k-scale-2_log121449.apl (28 out of 128, Estimated time left = 00:00:01) 
Opening file ../2/cp2k-scale-2_log121450.apl (29 out of 128, Estimated time left = 00:00:01) 
Opening file ../2/cp2k-scale-2_log121451.apl (30 out of 128, Estimated time left = 00:00:01) 
Opening file ../2/cp2k-scale-2_log121452.apl (31 out of 128, Estimated time left = 00:00:01) 
Opening file ../2/cp2k-scale-2_log121453.apl (32 out of 128, Estimated time left = 00:00:01) 
Opening file ../2/cp2k-scale-2_log121454.apl (33 out of 128, Estimated time left = 00:00:01) 
Opening file ../2/cp2k-scale-2_log121455.apl (34 out of 128, Estimated time left = 00:00:01) 
Opening file ../2/cp2k-scale-2_log121456.apl (35 out of 128, Estimated time left = 00:00:01) 
Opening file ../2/cp2k-scale-2_log121457.apl (36 out of 128, Estimated time left = 00:00:01) 
Opening file ../2/cp2k-scale-2_log121458.apl (37 out of 128, Estimated time left = 00:00:01) 
Opening file ../2/cp2k-scale-2_log121459.apl (38 out of 128, Estimated time left = 00:00:01) 
Opening file ../2/cp2k-scale-2_log121460.apl (39 out of 128, Estimated time left = 00:00:00) 
Opening file ../2/cp2k-scale-2_log121461.apl (40 out of 128, Estimated time left = 00:00:00) 
Opening file ../2/cp2k-scale-2_log121462.apl (41 out of 128, Estimated time left = 00:00:00) 
Opening file ../2/cp2k-scale-2_log121463.apl (42 out of 128, Estimated time left = 00:00:00) 
Opening file ../2/cp2k-scale-2_log121464.apl (43 out of 128, Estimated time left = 00:00:00) 
Opening file ../2/cp2k-scale-2_log121465.apl (44 out of 128, Estimated time left = 00:00:00) 
Opening file ../2/cp2k-scale-2_log121466.apl (45 out of 128, Estimated time left = 00:00:00) 
Opening file ../2/cp2k-scale-2_log121467.apl (46 out of 128, Estimated time left = 00:00:00) 
Opening file ../2/cp2k-scale-2_log121468.apl (47 out of 128, Estimated time left = 00:00:00) 
Opening file ../2/cp2k-scale-2_log121469.apl (48 out of 128, Estimated time left = 00:00:00) 
Opening file ../2/cp2k-scale-2_log121470.apl (49 out of 128, Estimated time left = 00:00:00) 
Opening file ../2/cp2k-scale-2_log121471.apl (50 out of 128, Estimated time left = 00:00:00) 
Opening file ../2/cp2k-scale-2_log121472.apl (51 out of 128, Estimated time left = 00:00:00) 
Opening file ../2/cp2k-scale-2_log121473.apl (52 out of 128, Estimated time left = 00:00:00) 
Opening file ../2/cp2k-scale-2_log121474.apl (53 out of 128, Estimated time left = 00:00:00) 
Opening file ../2/cp2k-scale-2_log121475.apl (54 out of 128, Estimated time left = 00:00:00) 
Opening file ../2/cp2k-scale-2_log121476.apl (55 out of 128, Estimated time left = 00:00:00) 
Opening file ../2/cp2k-scale-2_log121477.apl (56 out of 128, Estimated time left = 00:00:00) 
Opening file ../2/cp2k-scale-2_log121478.apl (57 out of 128, Estimated time left = 00:00:00) 
Opening file ../2/cp2k-scale-2_log121479.apl (58 out of 128, Estimated time left = 00:00:00) 
Opening file ../2/cp2k-scale-2_log121480.apl (59 out of 128, Estimated time left = 00:00:00) 
Opening file ../2/cp2k-scale-2_log121481.apl (60 out of 128, Estimated time left = 00:00:00) 
Opening file ../2/cp2k-scale-2_log121482.apl (61 out of 128, Estimated time left = 00:00:00) 
Opening file ../2/cp2k-scale-2_log121483.apl (62 out of 128, Estimated time left = 00:00:00) 
Opening file ../2/cp2k-scale-2_log121484.apl (63 out of 128, Estimated time left = 00:00:00) 
Opening file ../2/cp2k-scale-2_log121485.apl (64 out of 128, Estimated time left = 00:00:00) 
Opening file ../2/cp2k-scale-2_log41406.apl (65 out of 128, Estimated time left = 00:00:00) 
Opening file ../2/cp2k-scale-2_log41407.apl (66 out of 128, Estimated time left = 00:00:00) 
Opening file ../2/cp2k-scale-2_log41408.apl (67 out of 128, Estimated time left = 00:00:00) 
Opening file ../2/cp2k-scale-2_log41409.apl (68 out of 128, Estimated time left = 00:00:00) 
Opening file ../2/cp2k-scale-2_log41410.apl (69 out of 128, Estimated time left = 00:00:00) 
Opening file ../2/cp2k-scale-2_log41411.apl (70 out of 128, Estimated time left = 00:00:00) 
Opening file ../2/cp2k-scale-2_log41412.apl (71 out of 128, Estimated time left = 00:00:00) 
Opening file ../2/cp2k-scale-2_log41413.apl (72 out of 128, Estimated time left = 00:00:00) 
Opening file ../2/cp2k-scale-2_log41414.apl (73 out of 128, Estimated time left = 00:00:00) 
Opening file ../2/cp2k-scale-2_log41415.apl (74 out of 128, Estimated time left = 00:00:00) 
Opening file ../2/cp2k-scale-2_log41416.apl (75 out of 128, Estimated time left = 00:00:00) 
Opening file ../2/cp2k-scale-2_log41417.apl (76 out of 128, Estimated time left = 00:00:00) 
Opening file ../2/cp2k-scale-2_log41418.apl (77 out of 128, Estimated time left = 00:00:00) 
Opening file ../2/cp2k-scale-2_log41419.apl (78 out of 128, Estimated time left = 00:00:00) 
Opening file ../2/cp2k-scale-2_log41420.apl (79 out of 128, Estimated time left = 00:00:00) 
Opening file ../2/cp2k-scale-2_log41421.apl (80 out of 128, Estimated time left = 00:00:00) 
Opening file ../2/cp2k-scale-2_log41422.apl (81 out of 128, Estimated time left = 00:00:00) 
Opening file ../2/cp2k-scale-2_log41423.apl (82 out of 128, Estimated time left = 00:00:00) 
Opening file ../2/cp2k-scale-2_log41424.apl (83 out of 128, Estimated time left = 00:00:00) 
Opening file ../2/cp2k-scale-2_log41425.apl (84 out of 128, Estimated time left = 00:00:00) 
Opening file ../2/cp2k-scale-2_log41426.apl (85 out of 128, Estimated time left = 00:00:00) 
Opening file ../2/cp2k-scale-2_log41427.apl (86 out of 128, Estimated time left = 00:00:00) 
Opening file ../2/cp2k-scale-2_log41428.apl (87 out of 128, Estimated time left = 00:00:00) 
Opening file ../2/cp2k-scale-2_log41429.apl (88 out of 128, Estimated time left = 00:00:00) 
Opening file ../2/cp2k-scale-2_log41430.apl (89 out of 128, Estimated time left = 00:00:00) 
Opening file ../2/cp2k-scale-2_log41431.apl (90 out of 128, Estimated time left = 00:00:00) 
Opening file ../2/cp2k-scale-2_log41432.apl (91 out of 128, Estimated time left = 00:00:00) 
Opening file ../2/cp2k-scale-2_log41433.apl (92 out of 128, Estimated time left = 00:00:00) 
Opening file ../2/cp2k-scale-2_log41434.apl (93 out of 128, Estimated time left = 00:00:00) 
Opening file ../2/cp2k-scale-2_log41435.apl (94 out of 128, Estimated time left = 00:00:00) 
Opening file ../2/cp2k-scale-2_log41436.apl (95 out of 128, Estimated time left = 00:00:00) 
Opening file ../2/cp2k-scale-2_log41437.apl (96 out of 128, Estimated time left = 00:00:00) 
Opening file ../2/cp2k-scale-2_log41438.apl (97 out of 128, Estimated time left = 00:00:00) 
Opening file ../2/cp2k-scale-2_log41439.apl (98 out of 128, Estimated time left = 00:00:00) 
Opening file ../2/cp2k-scale-2_log41440.apl (99 out of 128, Estimated time left = 00:00:00) 
Opening file ../2/cp2k-scale-2_log41441.apl (100 out of 128, Estimated time left = 00:00:00) 
Opening file ../2/cp2k-scale-2_log41442.apl (101 out of 128, Estimated time left = 00:00:00) 
Opening file ../2/cp2k-scale-2_log41443.apl (102 out of 128, Estimated time left = 00:00:00) 
Opening file ../2/cp2k-scale-2_log41444.apl (103 out of 128, Estimated time left = 00:00:00) 
Opening file ../2/cp2k-scale-2_log41445.apl (104 out of 128, Estimated time left = 00:00:00) 
Opening file ../2/cp2k-scale-2_log41446.apl (105 out of 128, Estimated time left = 00:00:00) 
Opening file ../2/cp2k-scale-2_log41447.apl (106 out of 128, Estimated time left = 00:00:00) 
Opening file ../2/cp2k-scale-2_log41448.apl (107 out of 128, Estimated time left = 00:00:00) 
Opening file ../2/cp2k-scale-2_log41449.apl (108 out of 128, Estimated time left = 00:00:00) 
Opening file ../2/cp2k-scale-2_log41450.apl (109 out of 128, Estimated time left = 00:00:00) 
Opening file ../2/cp2k-scale-2_log41451.apl (110 out of 128, Estimated time left = 00:00:00) 
Opening file ../2/cp2k-scale-2_log41452.apl (111 out of 128, Estimated time left = 00:00:00) 
Opening file ../2/cp2k-scale-2_log41453.apl (112 out of 128, Estimated time left = 00:00:00) 
Opening file ../2/cp2k-scale-2_log41454.apl (113 out of 128, Estimated time left = 00:00:00) 
Opening file ../2/cp2k-scale-2_log41455.apl (114 out of 128, Estimated time left = 00:00:00) 
Opening file ../2/cp2k-scale-2_log41456.apl (115 out of 128, Estimated time left = 00:00:00) 
Opening file ../2/cp2k-scale-2_log41457.apl (116 out of 128, Estimated time left = 00:00:00) 
Opening file ../2/cp2k-scale-2_log41458.apl (117 out of 128, Estimated time left = 00:00:00) 
Opening file ../2/cp2k-scale-2_log41459.apl (118 out of 128, Estimated time left = 00:00:00) 
Opening file ../2/cp2k-scale-2_log41460.apl (119 out of 128, Estimated time left = 00:00:00) 
Opening file ../2/cp2k-scale-2_log41461.apl (120 out of 128, Estimated time left = 00:00:00) 
Opening file ../2/cp2k-scale-2_log41462.apl (121 out of 128, Estimated time left = 00:00:00) 
Opening file ../2/cp2k-scale-2_log41463.apl (122 out of 128, Estimated time left = 00:00:00) 
Opening file ../2/cp2k-scale-2_log41464.apl (123 out of 128, Estimated time left = 00:00:00) 
Opening file ../2/cp2k-scale-2_log41465.apl (124 out of 128, Estimated time left = 00:00:00) 
Opening file ../2/cp2k-scale-2_log41466.apl (125 out of 128, Estimated time left = 00:00:00) 
Opening file ../2/cp2k-scale-2_log41467.apl (126 out of 128, Estimated time left = 00:00:00) 
Opening file ../2/cp2k-scale-2_log41468.apl (127 out of 128, Estimated time left = 00:00:00) 
Opening file ../2/cp2k-scale-2_log41469.apl (128 out of 128, Estimated time left = 00:00:00) 
BLAS level 1     : count   34637699    total time      33.0333  user count   14303035  user time      12.8899
BLAS level 2     : count    9879710    total time      14.0847  user count     571550  user time       2.4591
BLAS level 3     : count  241024875    total time     987.9419  user count  240872683  user time     939.2752
LAPACK           : count   14692381    total time     430.4925  user count     499245  user time     197.7933
FFT              : count       8560    total time       6.1366  user count       7536  user time       6.0222
MATH             : count 3547046628    total time    1316.4820  user count 3546877596  user time    1315.9658
 
Double precision : count  300152873    total time    1464.1489  user count  256164721  user time    1151.0139
Single precision : count      12708    total time       6.1012  user count      11692  user time       5.9881
Double complex   : count      77568    total time       1.3896  user count      77568  user time       1.3896
Single complex   : count          0    total time       0.0000  user count          0  user time       0.0000
 
FFT cases:
----------
 FFTW calls:
       fftw_plan_guru_dft len=   [1]   plan-cnt=        128   plan-Time=     5.624205 exec-cnt=          0   exec-Time=     0.000000
       fftw_plan_many_dft len= [4, 4, 4]   plan-cnt=        128   plan-Time=     0.027522 exec-cnt=          0   exec-Time=     0.000000
            fftw_plan_dft len= [4, 4, 4]   plan-cnt=        128   plan-Time=     0.030102 exec-cnt=          0   exec-Time=     0.000000
         fftw_plan_dft_3d len= [4, 4, 4]   plan-cnt=        128   plan-Time=     0.135548 exec-cnt=          0   exec-Time=     0.000000
 ...of which the breakdown by 'howmany' cases shows:
       fftw_plan_guru_dft len=   [1] howmany=          2  plan-cnt=        128   plan-Time=     5.624205 exec-cnt=          0   exec-Time=     0.000000   avg-time=     0.0000000000
       fftw_plan_many_dft len= [4, 4, 4] howmany=          1  plan-cnt=        128   plan-Time=     0.027522 exec-cnt=          0   exec-Time=     0.000000   avg-time=     0.0000000000
            fftw_plan_dft len= [4, 4, 4] howmany=          1  plan-cnt=        128   plan-Time=     0.030102 exec-cnt=          0   exec-Time=     0.000000   avg-time=     0.0000000000
         fftw_plan_dft_3d len= [4, 4, 4] howmany=          1  plan-cnt=        128   plan-Time=     0.135548 exec-cnt=          0   exec-Time=     0.000000   avg-time=     0.0000000000
 
BLAS cases:
----------
BLAS level 1:
  dcopy_     cnt=   14469724  totTime=      13.0187   called_tot=    9479004  topTime=       7.2022    (%age of runtime:  0.029 )
  daxpy_     cnt=    7624437  totTime=       5.8952   called_tot=    4450037  topTime=       4.0170    (%age of runtime:  0.016 )
  dscal_     cnt=    6659274  totTime=       5.2730   called_tot=     136010  topTime=       0.1305    (%age of runtime:  0.001 )
  dnrm2_     cnt=    5358226  totTime=       2.6599   called_tot=      67254  topTime=       0.0912    (%age of runtime:  0.000 )
   drot_     cnt=      22272  totTime=       1.9130   called_tot=          0  topTime=       0.0000    (%age of runtime:  0.000 )
   ddot_     cnt=      90250  totTime=       1.4957   called_tot=      87562  topTime=       0.0546    (%age of runtime:  0.000 )
 zdscal_     cnt=      77568  totTime=       1.3896   called_tot=      77568  topTime=       1.3896    (%age of runtime:  0.006 )
  dswap_     cnt=      29804  totTime=       0.9956   called_tot=          0  topTime=       0.0000    (%age of runtime:  0.000 )
 idamax_     cnt=     306144  totTime=       0.3926   called_tot=       5600  topTime=       0.0048    (%age of runtime:  0.000 )
BLAS level 2:
  dgemv_     cnt=    9724130  totTime=      11.5323   called_tot=     460130  topTime=       2.1975    (%age of runtime:  0.009 )
  dtrmv_     cnt=      48194  totTime=       1.7919   called_tot=      40770  topTime=       0.0615    (%age of runtime:  0.000 )
  dtrsv_     cnt=      27648  totTime=       0.4516   called_tot=          0  topTime=       0.0000    (%age of runtime:  0.000 )
  dsymv_     cnt=      57150  totTime=       0.1748   called_tot=      57150  topTime=       0.1748    (%age of runtime:  0.001 )
   dger_     cnt=      21088  totTime=       0.1279   called_tot=      12000  topTime=       0.0191    (%age of runtime:  0.000 )
  dsyr2_     cnt=       1500  totTime=       0.0062   called_tot=       1500  topTime=       0.0062    (%age of runtime:  0.000 )
BLAS level 3:
  dgemm_     cnt=  240881366  totTime=     959.4209   called_tot=  240808278  topTime=     936.6675    (%age of runtime:  3.733 )
  dtrmm_     cnt=       9848  totTime=      15.8138   called_tot=       1400  topTime=       0.0317    (%age of runtime:  0.000 )
  dtrsm_     cnt=      94944  totTime=      11.3285   called_tot=      24288  topTime=       1.1972    (%age of runtime:  0.005 )
  dsyrk_     cnt=      37367  totTime=       1.3317   called_tot=      37367  topTime=       1.3317    (%age of runtime:  0.005 )
 dsyr2k_     cnt=       1350  totTime=       0.0469   called_tot=       1350  topTime=       0.0469    (%age of runtime:  0.000 )
Percentage in BLAS: 3.8049281829581854
 
LAPACK cases:
----------
  dsyev_     cnt=       2688  totTime=      71.1698 called_tot=       2688  topTime=      71.1698    (%age of runtime:  0.284 )
 dhseqr_     cnt=      30464  totTime=      39.0542 called_tot=      30464  topTime=      39.0542    (%age of runtime:  0.156 )
 dlahqr_     cnt=       6400  totTime=      35.3086 called_tot=          0  topTime=       0.0000    (%age of runtime:  0.000 )
  dgesv_     cnt=      14464  totTime=      35.2390 called_tot=      14464  topTime=      35.2390    (%age of runtime:  0.140 )
 dgetrf_     cnt=      14464  totTime=      32.8882 called_tot=          0  topTime=       0.0000    (%age of runtime:  0.000 )
 dgelss_     cnt=       1024  totTime=      31.5897 called_tot=       1024  topTime=      31.5897    (%age of runtime:  0.126 )
 dorgtr_     cnt=       2688  totTime=      24.8971 called_tot=          0  topTime=       0.0000    (%age of runtime:  0.000 )
 dlarfg_     cnt=    5282958  totTime=      24.8509 called_tot=       1550  topTime=       0.0084    (%age of runtime:  0.000 )
 dsytrd_     cnt=       2688  totTime=      24.2471 called_tot=          0  topTime=       0.0000    (%age of runtime:  0.000 )
 dsteqr_     cnt=       3088  totTime=      19.7291 called_tot=        400  topTime=       0.1716    (%age of runtime:  0.001 )
 dtrevc_     cnt=      15232  totTime=      19.4099 called_tot=      15232  topTime=      19.4099    (%age of runtime:  0.077 )
 dormbr_     cnt=       2048  totTime=      15.6988 called_tot=          0  topTime=       0.0000    (%age of runtime:  0.000 )
 dormqr_     cnt=       1024  totTime=      14.1841 called_tot=          0  topTime=       0.0000    (%age of runtime:  0.000 )
 dgebrd_     cnt=       2048  totTime=       7.2243 called_tot=          0  topTime=       0.0000    (%age of runtime:  0.000 )
 dbdsqr_     cnt=       1024  totTime=       5.8741 called_tot=          0  topTime=       0.0000    (%age of runtime:  0.000 )
 dgebd2_     cnt=       1024  totTime=       5.4518 called_tot=          0  topTime=       0.0000    (%age of runtime:  0.000 )
 dlapy2_     cnt=    5607805  totTime=       4.6526 called_tot=     288616  topTime=       0.1269    (%age of runtime:  0.001 )
 dlaln2_     cnt=    3174400  totTime=       3.1841 called_tot=          0  topTime=       0.0000    (%age of runtime:  0.000 )
 dlaqr0_     cnt=      15232  totTime=       3.1334 called_tot=          0  topTime=       0.0000    (%age of runtime:  0.000 )
 dlaqr3_     cnt=       6400  totTime=       2.3779 called_tot=          0  topTime=       0.0000    (%age of runtime:  0.000 )
 dgetrs_     cnt=      14464  totTime=       2.0938 called_tot=          0  topTime=       0.0000    (%age of runtime:  0.000 )
 dlabad_     cnt=      27136  totTime=       1.5932 called_tot=          0  topTime=       0.0000    (%age of runtime:  0.000 )
 dlansy_     cnt=       2688  totTime=       1.5087 called_tot=          0  topTime=       0.0000    (%age of runtime:  0.000 )
 dlaev2_     cnt=       3087  totTime=       1.2107 called_tot=          0  topTime=       0.0000    (%age of runtime:  0.000 )
 dorgbr_     cnt=       2048  totTime=       0.6588 called_tot=          0  topTime=       0.0000    (%age of runtime:  0.000 )
 dlaed4_     cnt=     100881  totTime=       0.6364 called_tot=     100881  topTime=       0.6364    (%age of runtime:  0.003 )
  dlarf_     cnt=      10112  totTime=       0.5368 called_tot=          0  topTime=       0.0000    (%age of runtime:  0.000 )
 iparmq_     cnt=      19200  totTime=       0.3237 called_tot=          0  topTime=       0.0000    (%age of runtime:  0.000 )
 dorglq_     cnt=       3072  totTime=       0.2659 called_tot=          0  topTime=       0.0000    (%age of runtime:  0.000 )
 dlarnv_     cnt=        952  totTime=       0.2535 called_tot=        952  topTime=       0.2535    (%age of runtime:  0.001 )
 dlaswp_     cnt=     138752  totTime=       0.2014 called_tot=          0  topTime=       0.0000    (%age of runtime:  0.000 )
 dlartg_     cnt=      26112  totTime=       0.1713 called_tot=          0  topTime=       0.0000    (%age of runtime:  0.000 )
 dorgl2_     cnt=       1024  totTime=       0.1633 called_tot=          0  topTime=       0.0000    (%age of runtime:  0.000 )
 dormhr_     cnt=       6400  totTime=       0.1515 called_tot=          0  topTime=       0.0000    (%age of runtime:  0.000 )
 dlaed6_     cnt=      40836  totTime=       0.1107 called_tot=          0  topTime=       0.0000    (%age of runtime:  0.000 )
 iladlr_     cnt=       5376  totTime=       0.1082 called_tot=          0  topTime=       0.0000    (%age of runtime:  0.000 )
 dlacpy_     cnt=       1100  totTime=       0.0867 called_tot=       1100  topTime=       0.0867    (%age of runtime:  0.000 )
 dlaset_     cnt=      57938  totTime=       0.0726 called_tot=      36050  topTime=       0.0289    (%age of runtime:  0.000 )
  dlas2_     cnt=       2048  totTime=       0.0314 called_tot=          0  topTime=       0.0000    (%age of runtime:  0.000 )
 dgehrd_     cnt=       6400  totTime=       0.0285 called_tot=          0  topTime=       0.0000    (%age of runtime:  0.000 )
 dlanv2_     cnt=       7424  totTime=       0.0217 called_tot=          0  topTime=       0.0000    (%age of runtime:  0.000 )
  drscl_     cnt=       4480  totTime=       0.0215 called_tot=          0  topTime=       0.0000    (%age of runtime:  0.000 )
 dlaruv_     cnt=        952  totTime=       0.0175 called_tot=          0  topTime=       0.0000    (%age of runtime:  0.000 )
 dlaqr4_     cnt=       6400  totTime=       0.0142 called_tot=          0  topTime=       0.0000    (%age of runtime:  0.000 )
    acos     cnt=       4224  totTime=       0.0140 called_tot=       4224  topTime=       0.0140    (%age of runtime:  0.000 )
 iladlc_     cnt=       3712  totTime=       0.0099 called_tot=          0  topTime=       0.0000    (%age of runtime:  0.000 )
 dlasv2_     cnt=       1664  totTime=       0.0076 called_tot=          0  topTime=       0.0000    (%age of runtime:  0.000 )
 dlange_     cnt=       2048  totTime=       0.0073 called_tot=          0  topTime=       0.0000    (%age of runtime:  0.000 )
 dlanst_     cnt=       3488  totTime=       0.0050 called_tot=        400  topTime=       0.0020    (%age of runtime:  0.000 )
 dlascl_     cnt=       1200  totTime=       0.0023 called_tot=       1200  topTime=       0.0023    (%age of runtime:  0.000 )
 
Math cases:
----------
     exp     cnt= 3310075247  totTime=    1213.6738 called_tot= 3310075247  topTime=    1213.6738    (%age of runtime:  4.837 )
    cbrt     cnt=  233037955  totTime=      97.6535 called_tot=  233037955  topTime=      97.6535    (%age of runtime:  0.389 )
     pow     cnt=     407424  totTime=       3.0585 called_tot=     406400  topTime=       3.0573    (%age of runtime:  0.012 )
     sin     cnt=    1548521  totTime=       0.7582 called_tot=    1548521  topTime=       0.7582    (%age of runtime:  0.003 )
     cos     cnt=    1654849  totTime=       0.7581 called_tot=    1654849  topTime=       0.7581    (%age of runtime:  0.003 )
   log10     cnt=      27136  totTime=       0.3529 called_tot=          0  topTime=       0.0000    (%age of runtime:  0.000 )
     log     cnt=     280136  totTime=       0.2147 called_tot=     139264  topTime=       0.0526    (%age of runtime:  0.000 )
    sinh     cnt=      15360  totTime=       0.0124 called_tot=      15360  topTime=       0.0124    (%age of runtime:  0.000 )
Created /tmp/armpl.blas 
Visualize using ./blas_usage.py -x -l -i /tmp/armpl.blas
